<Event xmlns='http://schemas.microsoft.com/win/2004/08/events/event'><System><Provider Name='Microsoft-Windows-Security-Auditing' Guid='{54849625-5478-4994-a5ba-3e3b0328c30d}'/><EventID>5379</EventID><Version>0</Version><Level>0</Level><Task>13824</Task><Opcode>0</Opcode><Keywords>0x8020000000000000</Keywords><TimeCreated SystemTime='2025-10-29T17:08:48.8629824Z'/><EventRecordID>873</EventRecordID><Correlation ActivityID='{855799e3-48f6-0000-a19a-5785f648dc01}'/><Execution ProcessID='676' ThreadID='764'/><Channel>Security</Channel><Computer>DESKTOP-T77A2JK</Computer><Security/></System><EventData><Data Name='SubjectUserSid'>S-1-5-21-981231234-18579961-2149632895-1001</Data><Data Name='SubjectUserName'>WIN10-SOC01</Data><Data Name='SubjectDomainName'>DESKTOP-T77A2JK</Data><Data Name='SubjectLogonId'>0x64531</Data><Data Name='TargetName'>OneDrive Cached Credential</Data><Data Name='Type'>0</Data><Data Name='CountOfCredentialsReturned'>0</Data><Data Name='ReadOperation'>%%8100</Data><Data Name='ReturnCode'>3221226021</Data><Data Name='ProcessCreationTime'>2025-10-29T17:08:48.3424554Z</Data><Data Name='ClientProcessId'>6692</Data></EventData></Event><Event xmlns='http://schemas.microsoft.com/win/2004/08/events/event'><System><Provider Name='Microsoft-Windows-Security-Auditing' Guid='{54849625-5478-4994-a5ba-3e3b0328c30d}'/><EventID>5382</EventID><Version>0</Version><Level>0</Level><Task>13824</Task><Opcode>0</Opcode><Keywords>0x8020000000000000</Keywords><TimeCreated SystemTime='2025-10-29T17:08:45.9986313Z'/><EventRecordID>872</EventRecordID><Correlation/><Execution ProcessID='676' ThreadID='732'/><Channel>Security</Channel><Computer>DESKTOP-T77A2JK</Computer><Security/></System><EventData><Data Name='SubjectUserSid'>S-1-5-18</Data><Data Name='SubjectUserName'>DESKTOP-T77A2JK$</Data><Data Name='SubjectDomainName'>WORKGROUP</Data><Data Name='SubjectLogonId'>0x3e7</Data><Data Name='SchemaFriendlyName'>NGC Local Accoount Logon Vault Resource Schema</Data><Data Name='Schema'>{1d4350a3-330d-4af9-b3ff-a927a45998ac}</Data><Data Name='Resource'>NGC Local Accoount Logon Vault Resource</Data><Data Name='Identity'>01050000000000051500000082667C3AF9811B017FCB2080E9030000</Data><Data Name='PackageSid'></Data><Data Name='Flags'>0</Data><Data Name='ReturnCode'>1168</Data><Data Name='ProcessCreationTime'>2025-10-29T17:07:41.3870356Z</Data><Data Name='ClientProcessId'>2532</Data></EventData></Event><Event xmlns='http://schemas.microsoft.com/win/2004/08/events/event'><System><Provider Name='Microsoft-Windows-Security-Auditing' Guid='{54849625-5478-4994-a5ba-3e3b0328c30d}'/><EventID>4672</EventID><Version>0</Version><Level>0</Level><Task>12548</Task><Opcode>0</Opcode><Keywords>0x8020000000000000</Keywords><TimeCreated SystemTime='2025-10-29T17:08:45.8584029Z'/><EventRecordID>871</EventRecordID><Correlation ActivityID='{855799e3-48f6-0000-a19a-5785f648dc01}'/><Execution ProcessID='676' ThreadID='732'/><Channel>Security</Channel><Computer>DESKTOP-T77A2JK</Computer><Security/></System><EventData><Data Name='SubjectUserSid'>S-1-5-18</Data><Data Name='SubjectUserName'>SYSTEM</Data><Data Name='SubjectDomainName'>NT AUTHORITY</Data><Data Name='SubjectLogonId'>0x3e7</Data><Data Name='PrivilegeList'>SeAssignPrimaryTokenPrivilege
			SeTcbPrivilege
			SeSecurityPrivilege
			SeTakeOwnershipPrivilege
			SeLoadDriverPrivilege
			SeBackupPrivilege
			SeRestorePrivilege
			SeDebugPrivilege
			SeAuditPrivilege
			SeSystemEnvironmentPrivilege
			SeImpersonatePrivilege
			SeDelegateSessionUserImpersonatePrivilege</Data></EventData></Event><Event xmlns='http://schemas.microsoft.com/win/2004/08/events/event'><System><Provider Name='Microsoft-Windows-Security-Auditing' Guid='{54849625-5478-4994-a5ba-3e3b0328c30d}'/><EventID>4624</EventID><Version>2</Version><Level>0</Level><Task>12544</Task><Opcode>0</Opcode><Keywords>0x8020000000000000</Keywords><TimeCreated SystemTime='2025-10-29T17:08:45.8583986Z'/><EventRecordID>870</EventRecordID><Correlation ActivityID='{855799e3-48f6-0000-a19a-5785f648dc01}'/><Execution ProcessID='676' ThreadID='732'/><Channel>Security</Channel><Computer>DESKTOP-T77A2JK</Computer><Security/></System><EventData><Data Name='SubjectUserSid'>S-1-5-18</Data><Data Name='SubjectUserName'>DESKTOP-T77A2JK$</Data><Data Name='SubjectDomainName'>WORKGROUP</Data><Data Name='SubjectLogonId'>0x3e7</Data><Data Name='TargetUserSid'>S-1-5-18</Data><Data Name='TargetUserName'>SYSTEM</Data><Data Name='TargetDomainName'>NT AUTHORITY</Data><Data Name='TargetLogonId'>0x3e7</Data><Data Name='LogonType'>5</Data><Data Name='LogonProcessName'>Advapi  </Data><Data Name='AuthenticationPackageName'>Negotiate</Data><Data Name='WorkstationName'>-</Data><Data Name='LogonGuid'>{00000000-0000-0000-0000-000000000000}</Data><Data Name='TransmittedServices'>-</Data><Data Name='LmPackageName'>-</Data><Data Name='KeyLength'>0</Data><Data Name='ProcessId'>0x24c</Data><Data Name='ProcessName'>C:\Windows\System32\services.exe</Data><Data Name='IpAddress'>-</Data><Data Name='IpPort'>-</Data><Data Name='ImpersonationLevel'>%%1833</Data><Data Name='RestrictedAdminMode'>-</Data><Data Name='TargetOutboundUserName'>-</Data><Data Name='TargetOutboundDomainName'>-</Data><Data Name='VirtualAccount'>%%1843</Data><Data Name='TargetLinkedLogonId'>0x0</Data><Data Name='ElevatedToken'>%%1842</Data></EventData></Event><Event xmlns='http://schemas.microsoft.com/win/2004/08/events/event'><System><Provider Name='Microsoft-Windows-Security-Auditing' Guid='{54849625-5478-4994-a5ba-3e3b0328c30d}'/><EventID>4799</EventID><Version>0</Version><Level>0</Level><Task>13826</Task><Opcode>0</Opcode><Keywords>0x8020000000000000</Keywords><TimeCreated SystemTime='2025-10-29T17:08:37.6608068Z'/><EventRecordID>869</EventRecordID><Correlation ActivityID='{855799e3-48f6-0000-a19a-5785f648dc01}'/><Execution ProcessID='676' ThreadID='764'/><Channel>Security</Channel><Computer>DESKTOP-T77A2JK</Computer><Security/></System><EventData><Data Name='TargetUserName'>Administrators</Data><Data Name='TargetDomainName'>Builtin</Data><Data Name='TargetSid'>S-1-5-32-544</Data><Data Name='SubjectUserSid'>S-1-5-21-981231234-18579961-2149632895-1001</Data><Data Name='SubjectUserName'>WIN10-SOC01</Data><Data Name='SubjectDomainName'>DESKTOP-T77A2JK</Data><Data Name='SubjectLogonId'>0x64506</Data><Data Name='CallerProcessId'>0x500</Data><Data Name='CallerProcessName'>C:\Windows\System32\svchost.exe</Data></EventData></Event><Event xmlns='http://schemas.microsoft.com/win/2004/08/events/event'><System><Provider Name='Microsoft-Windows-Security-Auditing' Guid='{54849625-5478-4994-a5ba-3e3b0328c30d}'/><EventID>4672</EventID><Version>0</Version><Level>0</Level><Task>12548</Task><Opcode>0</Opcode><Keywords>0x8020000000000000</Keywords><TimeCreated SystemTime='2025-10-29T17:08:37.3231737Z'/><EventRecordID>868</EventRecordID><Correlation ActivityID='{855799e3-48f6-0000-a19a-5785f648dc01}'/><Execution ProcessID='676' ThreadID='764'/><Channel>Security</Channel><Computer>DESKTOP-T77A2JK</Computer><Security/></System><EventData><Data Name='SubjectUserSid'>S-1-5-18</Data><Data Name='SubjectUserName'>SYSTEM</Data><Data Name='SubjectDomainName'>NT AUTHORITY</Data><Data Name='SubjectLogonId'>0x3e7</Data><Data Name='PrivilegeList'>SeAssignPrimaryTokenPrivilege
			SeTcbPrivilege
			SeSecurityPrivilege
			SeTakeOwnershipPrivilege
			SeLoadDriverPrivilege
			SeBackupPrivilege
			SeRestorePrivilege
			SeDebugPrivilege
			SeAuditPrivilege
			SeSystemEnvironmentPrivilege
			SeImpersonatePrivilege
			SeDelegateSessionUserImpersonatePrivilege</Data></EventData></Event><Event xmlns='http://schemas.microsoft.com/win/2004/08/events/event'><System><Provider Name='Microsoft-Windows-Security-Auditing' Guid='{54849625-5478-4994-a5ba-3e3b0328c30d}'/><EventID>4624</EventID><Version>2</Version><Level>0</Level><Task>12544</Task><Opcode>0</Opcode><Keywords>0x8020000000000000</Keywords><TimeCreated SystemTime='2025-10-29T17:08:37.3231705Z'/><EventRecordID>867</EventRecordID><Correlation ActivityID='{855799e3-48f6-0000-a19a-5785f648dc01}'/><Execution ProcessID='676' ThreadID='764'/><Channel>Security</Channel><Computer>DESKTOP-T77A2JK</Computer><Security/></System><EventData><Data Name='SubjectUserSid'>S-1-5-18</Data><Data Name='SubjectUserName'>DESKTOP-T77A2JK$</Data><Data Name='SubjectDomainName'>WORKGROUP</Data><Data Name='SubjectLogonId'>0x3e7</Data><Data Name='TargetUserSid'>S-1-5-18</Data><Data Name='TargetUserName'>SYSTEM</Data><Data Name='TargetDomainName'>NT AUTHORITY</Data><Data Name='TargetLogonId'>0x3e7</Data><Data Name='LogonType'>5</Data><Data Name='LogonProcessName'>Advapi  </Data><Data Name='AuthenticationPackageName'>Negotiate</Data><Data Name='WorkstationName'>-</Data><Data Name='LogonGuid'>{00000000-0000-0000-0000-000000000000}</Data><Data Name='TransmittedServices'>-</Data><Data Name='LmPackageName'>-</Data><Data Name='KeyLength'>0</Data><Data Name='ProcessId'>0x24c</Data><Data Name='ProcessName'>C:\Windows\System32\services.exe</Data><Data Name='IpAddress'>-</Data><Data Name='IpPort'>-</Data><Data Name='ImpersonationLevel'>%%1833</Data><Data Name='RestrictedAdminMode'>-</Data><Data Name='TargetOutboundUserName'>-</Data><Data Name='TargetOutboundDomainName'>-</Data><Data Name='VirtualAccount'>%%1843</Data><Data Name='TargetLinkedLogonId'>0x0</Data><Data Name='ElevatedToken'>%%1842</Data></EventData></Event><Event xmlns='http://schemas.microsoft.com/win/2004/08/events/event'><System><Provider Name='Microsoft-Windows-Security-Auditing' Guid='{54849625-5478-4994-a5ba-3e3b0328c30d}'/><EventID>4726</EventID><Version>0</Version><Level>0</Level><Task>13824</Task><Opcode>0</Opcode><Keywords>0x8020000000000000</Keywords><TimeCreated SystemTime='2025-10-29T17:08:36.0203489Z'/><EventRecordID>866</EventRecordID><Correlation ActivityID='{855799e3-48f6-0000-a19a-5785f648dc01}'/><Execution ProcessID='676' ThreadID='736'/><Channel>Security</Channel><Computer>DESKTOP-T77A2JK</Computer><Security/></System><EventData><Data Name='TargetUserName'>defaultuser0</Data><Data Name='TargetDomainName'>DESKTOP-T77A2JK</Data><Data Name='TargetSid'>S-1-5-21-981231234-18579961-2149632895-1000</Data><Data Name='SubjectUserSid'>S-1-5-21-981231234-18579961-2149632895-1001</Data><Data Name='SubjectUserName'>WIN10-SOC01</Data><Data Name='SubjectDomainName'>DESKTOP-T77A2JK</Data><Data Name='SubjectLogonId'>0x64506</Data><Data Name='PrivilegeList'>-</Data></EventData></Event><Event xmlns='http://schemas.microsoft.com/win/2004/08/events/event'><System><Provider Name='Microsoft-Windows-Security-Auditing' Guid='{54849625-5478-4994-a5ba-3e3b0328c30d}'/><EventID>4729</EventID><Version>0</Version><Level>0</Level><Task>13826</Task><Opcode>0</Opcode><Keywords>0x8020000000000000</Keywords><TimeCreated SystemTime='2025-10-29T17:08:36.0199970Z'/><EventRecordID>865</EventRecordID><Correlation ActivityID='{855799e3-48f6-0000-a19a-5785f648dc01}'/><Execution ProcessID='676' ThreadID='736'/><Channel>Security</Channel><Computer>DESKTOP-T77A2JK</Computer><Security/></System><EventData><Data Name='MemberName'>-</Data><Data Name='MemberSid'>S-1-5-21-981231234-18579961-2149632895-1000</Data><Data Name='TargetUserName'>None</Data><Data Name='TargetDomainName'>DESKTOP-T77A2JK</Data><Data Name='TargetSid'>S-1-5-21-981231234-18579961-2149632895-513</Data><Data Name='SubjectUserSid'>S-1-5-21-981231234-18579961-2149632895-1001</Data><Data Name='SubjectUserName'>WIN10-SOC01</Data><Data Name='SubjectDomainName'>DESKTOP-T77A2JK</Data><Data Name='SubjectLogonId'>0x64506</Data><Data Name='PrivilegeList'>-</Data></EventData></Event><Event xmlns='http://schemas.microsoft.com/win/2004/08/events/event'><System><Provider Name='Microsoft-Windows-Security-Auditing' Guid='{54849625-5478-4994-a5ba-3e3b0328c30d}'/><EventID>4733</EventID><Version>0</Version><Level>0</Level><Task>13826</Task><Opcode>0</Opcode><Keywords>0x8020000000000000</Keywords><TimeCreated SystemTime='2025-10-29T17:08:36.0195389Z'/><EventRecordID>864</EventRecordID><Correlation ActivityID='{855799e3-48f6-0000-a19a-5785f648dc01}'/><Execution ProcessID='676' ThreadID='736'/><Channel>Security</Channel><Computer>DESKTOP-T77A2JK</Computer><Security/></System><EventData><Data Name='MemberName'>-</Data><Data Name='MemberSid'>S-1-5-21-981231234-18579961-2149632895-1000</Data><Data Name='TargetUserName'>Users</Data><Data Name='TargetDomainName'>Builtin</Data><Data Name='TargetSid'>S-1-5-32-545</Data><Data Name='SubjectUserSid'>S-1-5-21-981231234-18579961-2149632895-1001</Data><Data Name='SubjectUserName'>WIN10-SOC01</Data><Data Name='SubjectDomainName'>DESKTOP-T77A2JK</Data><Data Name='SubjectLogonId'>0x64506</Data><Data Name='PrivilegeList'>-</Data></EventData></Event><Event xmlns='http://schemas.microsoft.com/win/2004/08/events/event'><System><Provider Name='Microsoft-Windows-Security-Auditing' Guid='{54849625-5478-4994-a5ba-3e3b0328c30d}'/><EventID>4672</EventID><Version>0</Version><Level>0</Level><Task>12548</Task><Opcode>0</Opcode><Keywords>0x8020000000000000</Keywords><TimeCreated SystemTime='2025-10-29T17:08:34.9885732Z'/><EventRecordID>863</EventRecordID><Correlation ActivityID='{855799e3-48f6-0000-a19a-5785f648dc01}'/><Execution ProcessID='676' ThreadID='732'/><Channel>Security</Channel><Computer>DESKTOP-T77A2JK</Computer><Security/></System><EventData><Data Name='SubjectUserSid'>S-1-5-18</Data><Data Name='SubjectUserName'>SYSTEM</Data><Data Name='SubjectDomainName'>NT AUTHORITY</Data><Data Name='SubjectLogonId'>0x3e7</Data><Data Name='PrivilegeList'>SeAssignPrimaryTokenPrivilege
			SeTcbPrivilege
			SeSecurityPrivilege
			SeTakeOwnershipPrivilege
			SeLoadDriverPrivilege
			SeBackupPrivilege
			SeRestorePrivilege
			SeDebugPrivilege
			SeAuditPrivilege
			SeSystemEnvironmentPrivilege
			SeImpersonatePrivilege
			SeDelegateSessionUserImpersonatePrivilege</Data></EventData></Event><Event xmlns='http://schemas.microsoft.com/win/2004/08/events/event'><System><Provider Name='Microsoft-Windows-Security-Auditing' Guid='{54849625-5478-4994-a5ba-3e3b0328c30d}'/><EventID>4624</EventID><Version>2</Version><Level>0</Level><Task>12544</Task><Opcode>0</Opcode><Keywords>0x8020000000000000</Keywords><TimeCreated SystemTime='2025-10-29T17:08:34.9885682Z'/><EventRecordID>862</EventRecordID><Correlation ActivityID='{855799e3-48f6-0000-a19a-5785f648dc01}'/><Execution ProcessID='676' ThreadID='732'/><Channel>Security</Channel><Computer>DESKTOP-T77A2JK</Computer><Security/></System><EventData><Data Name='SubjectUserSid'>S-1-5-18</Data><Data Name='SubjectUserName'>DESKTOP-T77A2JK$</Data><Data Name='SubjectDomainName'>WORKGROUP</Data><Data Name='SubjectLogonId'>0x3e7</Data><Data Name='TargetUserSid'>S-1-5-18</Data><Data Name='TargetUserName'>SYSTEM</Data><Data Name='TargetDomainName'>NT AUTHORITY</Data><Data Name='TargetLogonId'>0x3e7</Data><Data Name='LogonType'>5</Data><Data Name='LogonProcessName'>Advapi  </Data><Data Name='AuthenticationPackageName'>Negotiate</Data><Data Name='WorkstationName'>-</Data><Data Name='LogonGuid'>{00000000-0000-0000-0000-000000000000}</Data><Data Name='TransmittedServices'>-</Data><Data Name='LmPackageName'>-</Data><Data Name='KeyLength'>0</Data><Data Name='ProcessId'>0x24c</Data><Data Name='ProcessName'>C:\Windows\System32\services.exe</Data><Data Name='IpAddress'>-</Data><Data Name='IpPort'>-</Data><Data Name='ImpersonationLevel'>%%1833</Data><Data Name='RestrictedAdminMode'>-</Data><Data Name='TargetOutboundUserName'>-</Data><Data Name='TargetOutboundDomainName'>-</Data><Data Name='VirtualAccount'>%%1843</Data><Data Name='TargetLinkedLogonId'>0x0</Data><Data Name='ElevatedToken'>%%1842</Data></EventData></Event><Event xmlns='http://schemas.microsoft.com/win/2004/08/events/event'><System><Provider Name='Microsoft-Windows-Security-Auditing' Guid='{54849625-5478-4994-a5ba-3e3b0328c30d}'/><EventID>4672</EventID><Version>0</Version><Level>0</Level><Task>12548</Task><Opcode>0</Opcode><Keywords>0x8020000000000000</Keywords><TimeCreated SystemTime='2025-10-29T17:08:34.7891199Z'/><EventRecordID>861</EventRecordID><Correlation ActivityID='{855799e3-48f6-0000-a19a-5785f648dc01}'/><Execution ProcessID='676' ThreadID='764'/><Channel>Security</Channel><Computer>DESKTOP-T77A2JK</Computer><Security/></System><EventData><Data Name='SubjectUserSid'>S-1-5-18</Data><Data Name='SubjectUserName'>SYSTEM</Data><Data Name='SubjectDomainName'>NT AUTHORITY</Data><Data Name='SubjectLogonId'>0x3e7</Data><Data Name='PrivilegeList'>SeAssignPrimaryTokenPrivilege
			SeTcbPrivilege
			SeSecurityPrivilege
			SeTakeOwnershipPrivilege
			SeLoadDriverPrivilege
			SeBackupPrivilege
			SeRestorePrivilege
			SeDebugPrivilege
			SeAuditPrivilege
			SeSystemEnvironmentPrivilege
			SeImpersonatePrivilege
			SeDelegateSessionUserImpersonatePrivilege</Data></EventData></Event><Event xmlns='http://schemas.microsoft.com/win/2004/08/events/event'><System><Provider Name='Microsoft-Windows-Security-Auditing' Guid='{54849625-5478-4994-a5ba-3e3b0328c30d}'/><EventID>4624</EventID><Version>2</Version><Level>0</Level><Task>12544</Task><Opcode>0</Opcode><Keywords>0x8020000000000000</Keywords><TimeCreated SystemTime='2025-10-29T17:08:34.7891162Z'/><EventRecordID>860</EventRecordID><Correlation ActivityID='{855799e3-48f6-0000-a19a-5785f648dc01}'/><Execution ProcessID='676' ThreadID='764'/><Channel>Security</Channel><Computer>DESKTOP-T77A2JK</Computer><Security/></System><EventData><Data Name='SubjectUserSid'>S-1-5-18</Data><Data Name='SubjectUserName'>DESKTOP-T77A2JK$</Data><Data Name='SubjectDomainName'>WORKGROUP</Data><Data Name='SubjectLogonId'>0x3e7</Data><Data Name='TargetUserSid'>S-1-5-18</Data><Data Name='TargetUserName'>SYSTEM</Data><Data Name='TargetDomainName'>NT AUTHORITY</Data><Data Name='TargetLogonId'>0x3e7</Data><Data Name='LogonType'>5</Data><Data Name='LogonProcessName'>Advapi  </Data><Data Name='AuthenticationPackageName'>Negotiate</Data><Data Name='WorkstationName'>-</Data><Data Name='LogonGuid'>{00000000-0000-0000-0000-000000000000}</Data><Data Name='TransmittedServices'>-</Data><Data Name='LmPackageName'>-</Data><Data Name='KeyLength'>0</Data><Data Name='ProcessId'>0x24c</Data><Data Name='ProcessName'>C:\Windows\System32\services.exe</Data><Data Name='IpAddress'>-</Data><Data Name='IpPort'>-</Data><Data Name='ImpersonationLevel'>%%1833</Data><Data Name='RestrictedAdminMode'>-</Data><Data Name='TargetOutboundUserName'>-</Data><Data Name='TargetOutboundDomainName'>-</Data><Data Name='VirtualAccount'>%%1843</Data><Data Name='TargetLinkedLogonId'>0x0</Data><Data Name='ElevatedToken'>%%1842</Data></EventData></Event><Event xmlns='http://schemas.microsoft.com/win/2004/08/events/event'><System><Provider Name='Microsoft-Windows-Security-Auditing' Guid='{54849625-5478-4994-a5ba-3e3b0328c30d}'/><EventID>4672</EventID><Version>0</Version><Level>0</Level><Task>12548</Task><Opcode>0</Opcode><Keywords>0x8020000000000000</Keywords><TimeCreated SystemTime='2025-10-29T17:08:34.4517395Z'/><EventRecordID>859</EventRecordID><Correlation ActivityID='{855799e3-48f6-0000-a19a-5785f648dc01}'/><Execution ProcessID='676' ThreadID='764'/><Channel>Security</Channel><Computer>DESKTOP-T77A2JK</Computer><Security/></System><EventData><Data Name='SubjectUserSid'>S-1-5-18</Data><Data Name='SubjectUserName'>SYSTEM</Data><Data Name='SubjectDomainName'>NT AUTHORITY</Data><Data Name='SubjectLogonId'>0x3e7</Data><Data Name='PrivilegeList'>SeAssignPrimaryTokenPrivilege
			SeTcbPrivilege
			SeSecurityPrivilege
			SeTakeOwnershipPrivilege
			SeLoadDriverPrivilege
			SeBackupPrivilege
			SeRestorePrivilege
			SeDebugPrivilege
			SeAuditPrivilege
			SeSystemEnvironmentPrivilege
			SeImpersonatePrivilege
			SeDelegateSessionUserImpersonatePrivilege</Data></EventData></Event><Event xmlns='http://schemas.microsoft.com/win/2004/08/events/event'><System><Provider Name='Microsoft-Windows-Security-Auditing' Guid='{54849625-5478-4994-a5ba-3e3b0328c30d}'/><EventID>4624</EventID><Version>2</Version><Level>0</Level><Task>12544</Task><Opcode>0</Opcode><Keywords>0x8020000000000000</Keywords><TimeCreated SystemTime='2025-10-29T17:08:34.4517356Z'/><EventRecordID>858</EventRecordID><Correlation ActivityID='{855799e3-48f6-0000-a19a-5785f648dc01}'/><Execution ProcessID='676' ThreadID='764'/><Channel>Security</Channel><Computer>DESKTOP-T77A2JK</Computer><Security/></System><EventData><Data Name='SubjectUserSid'>S-1-5-18</Data><Data Name='SubjectUserName'>DESKTOP-T77A2JK$</Data><Data Name='SubjectDomainName'>WORKGROUP</Data><Data Name='SubjectLogonId'>0x3e7</Data><Data Name='TargetUserSid'>S-1-5-18</Data><Data Name='TargetUserName'>SYSTEM</Data><Data Name='TargetDomainName'>NT AUTHORITY</Data><Data Name='TargetLogonId'>0x3e7</Data><Data Name='LogonType'>5</Data><Data Name='LogonProcessName'>Advapi  </Data><Data Name='AuthenticationPackageName'>Negotiate</Data><Data Name='WorkstationName'>-</Data><Data Name='LogonGuid'>{00000000-0000-0000-0000-000000000000}</Data><Data Name='TransmittedServices'>-</Data><Data Name='LmPackageName'>-</Data><Data Name='KeyLength'>0</Data><Data Name='ProcessId'>0x24c</Data><Data Name='ProcessName'>C:\Windows\System32\services.exe</Data><Data Name='IpAddress'>-</Data><Data Name='IpPort'>-</Data><Data Name='ImpersonationLevel'>%%1833</Data><Data Name='RestrictedAdminMode'>-</Data><Data Name='TargetOutboundUserName'>-</Data><Data Name='TargetOutboundDomainName'>-</Data><Data Name='VirtualAccount'>%%1843</Data><Data Name='TargetLinkedLogonId'>0x0</Data><Data Name='ElevatedToken'>%%1842</Data></EventData></Event><Event xmlns='http://schemas.microsoft.com/win/2004/08/events/event'><System><Provider Name='Microsoft-Windows-Security-Auditing' Guid='{54849625-5478-4994-a5ba-3e3b0328c30d}'/><EventID>4672</EventID><Version>0</Version><Level>0</Level><Task>12548</Task><Opcode>0</Opcode><Keywords>0x8020000000000000</Keywords><TimeCreated SystemTime='2025-10-29T17:08:34.3300581Z'/><EventRecordID>857</EventRecordID><Correlation ActivityID='{855799e3-48f6-0000-a19a-5785f648dc01}'/><Execution ProcessID='676' ThreadID='736'/><Channel>Security</Channel><Computer>DESKTOP-T77A2JK</Computer><Security/></System><EventData><Data Name='SubjectUserSid'>S-1-5-18</Data><Data Name='SubjectUserName'>SYSTEM</Data><Data Name='SubjectDomainName'>NT AUTHORITY</Data><Data Name='SubjectLogonId'>0x3e7</Data><Data Name='PrivilegeList'>SeAssignPrimaryTokenPrivilege
			SeTcbPrivilege
			SeSecurityPrivilege
			SeTakeOwnershipPrivilege
			SeLoadDriverPrivilege
			SeBackupPrivilege
			SeRestorePrivilege
			SeDebugPrivilege
			SeAuditPrivilege
			SeSystemEnvironmentPrivilege
			SeImpersonatePrivilege
			SeDelegateSessionUserImpersonatePrivilege</Data></EventData></Event><Event xmlns='http://schemas.microsoft.com/win/2004/08/events/event'><System><Provider Name='Microsoft-Windows-Security-Auditing' Guid='{54849625-5478-4994-a5ba-3e3b0328c30d}'/><EventID>4624</EventID><Version>2</Version><Level>0</Level><Task>12544</Task><Opcode>0</Opcode><Keywords>0x8020000000000000</Keywords><TimeCreated SystemTime='2025-10-29T17:08:34.3300548Z'/><EventRecordID>856</EventRecordID><Correlation ActivityID='{855799e3-48f6-0000-a19a-5785f648dc01}'/><Execution ProcessID='676' ThreadID='736'/><Channel>Security</Channel><Computer>DESKTOP-T77A2JK</Computer><Security/></System><EventData><Data Name='SubjectUserSid'>S-1-5-18</Data><Data Name='SubjectUserName'>DESKTOP-T77A2JK$</Data><Data Name='SubjectDomainName'>WORKGROUP</Data><Data Name='SubjectLogonId'>0x3e7</Data><Data Name='TargetUserSid'>S-1-5-18</Data><Data Name='TargetUserName'>SYSTEM</Data><Data Name='TargetDomainName'>NT AUTHORITY</Data><Data Name='TargetLogonId'>0x3e7</Data><Data Name='LogonType'>5</Data><Data Name='LogonProcessName'>Advapi  </Data><Data Name='AuthenticationPackageName'>Negotiate</Data><Data Name='WorkstationName'>-</Data><Data Name='LogonGuid'>{00000000-0000-0000-0000-000000000000}</Data><Data Name='TransmittedServices'>-</Data><Data Name='LmPackageName'>-</Data><Data Name='KeyLength'>0</Data><Data Name='ProcessId'>0x24c</Data><Data Name='ProcessName'>C:\Windows\System32\services.exe</Data><Data Name='IpAddress'>-</Data><Data Name='IpPort'>-</Data><Data Name='ImpersonationLevel'>%%1833</Data><Data Name='RestrictedAdminMode'>-</Data><Data Name='TargetOutboundUserName'>-</Data><Data Name='TargetOutboundDomainName'>-</Data><Data Name='VirtualAccount'>%%1843</Data><Data Name='TargetLinkedLogonId'>0x0</Data><Data Name='ElevatedToken'>%%1842</Data></EventData></Event><Event xmlns='http://schemas.microsoft.com/win/2004/08/events/event'><System><Provider Name='Microsoft-Windows-Security-Auditing' Guid='{54849625-5478-4994-a5ba-3e3b0328c30d}'/><EventID>4672</EventID><Version>0</Version><Level>0</Level><Task>12548</Task><Opcode>0</Opcode><Keywords>0x8020000000000000</Keywords><TimeCreated SystemTime='2025-10-29T17:08:34.2024222Z'/><EventRecordID>855</EventRecordID><Correlation ActivityID='{855799e3-48f6-0000-a19a-5785f648dc01}'/><Execution ProcessID='676' ThreadID='736'/><Channel>Security</Channel><Computer>DESKTOP-T77A2JK</Computer><Security/></System><EventData><Data Name='SubjectUserSid'>S-1-5-18</Data><Data Name='SubjectUserName'>SYSTEM</Data><Data Name='SubjectDomainName'>NT AUTHORITY</Data><Data Name='SubjectLogonId'>0x3e7</Data><Data Name='PrivilegeList'>SeAssignPrimaryTokenPrivilege
			SeTcbPrivilege
			SeSecurityPrivilege
			SeTakeOwnershipPrivilege
			SeLoadDriverPrivilege
			SeBackupPrivilege
			SeRestorePrivilege
			SeDebugPrivilege
			SeAuditPrivilege
			SeSystemEnvironmentPrivilege
			SeImpersonatePrivilege
			SeDelegateSessionUserImpersonatePrivilege</Data></EventData></Event><Event xmlns='http://schemas.microsoft.com/win/2004/08/events/event'><System><Provider Name='Microsoft-Windows-Security-Auditing' Guid='{54849625-5478-4994-a5ba-3e3b0328c30d}'/><EventID>4624</EventID><Version>2</Version><Level>0</Level><Task>12544</Task><Opcode>0</Opcode><Keywords>0x8020000000000000</Keywords><TimeCreated SystemTime='2025-10-29T17:08:34.2024188Z'/><EventRecordID>854</EventRecordID><Correlation ActivityID='{855799e3-48f6-0000-a19a-5785f648dc01}'/><Execution ProcessID='676' ThreadID='736'/><Channel>Security</Channel><Computer>DESKTOP-T77A2JK</Computer><Security/></System><EventData><Data Name='SubjectUserSid'>S-1-5-18</Data><Data Name='SubjectUserName'>DESKTOP-T77A2JK$</Data><Data Name='SubjectDomainName'>WORKGROUP</Data><Data Name='SubjectLogonId'>0x3e7</Data><Data Name='TargetUserSid'>S-1-5-18</Data><Data Name='TargetUserName'>SYSTEM</Data><Data Name='TargetDomainName'>NT AUTHORITY</Data><Data Name='TargetLogonId'>0x3e7</Data><Data Name='LogonType'>5</Data><Data Name='LogonProcessName'>Advapi  </Data><Data Name='AuthenticationPackageName'>Negotiate</Data><Data Name='WorkstationName'>-</Data><Data Name='LogonGuid'>{00000000-0000-0000-0000-000000000000}</Data><Data Name='TransmittedServices'>-</Data><Data Name='LmPackageName'>-</Data><Data Name='KeyLength'>0</Data><Data Name='ProcessId'>0x24c</Data><Data Name='ProcessName'>C:\Windows\System32\services.exe</Data><Data Name='IpAddress'>-</Data><Data Name='IpPort'>-</Data><Data Name='ImpersonationLevel'>%%1833</Data><Data Name='RestrictedAdminMode'>-</Data><Data Name='TargetOutboundUserName'>-</Data><Data Name='TargetOutboundDomainName'>-</Data><Data Name='VirtualAccount'>%%1843</Data><Data Name='TargetLinkedLogonId'>0x0</Data><Data Name='ElevatedToken'>%%1842</Data></EventData></Event><Event xmlns='http://schemas.microsoft.com/win/2004/08/events/event'><System><Provider Name='Microsoft-Windows-Security-Auditing' Guid='{54849625-5478-4994-a5ba-3e3b0328c30d}'/><EventID>4672</EventID><Version>0</Version><Level>0</Level><Task>12548</Task><Opcode>0</Opcode><Keywords>0x8020000000000000</Keywords><TimeCreated SystemTime='2025-10-29T17:08:32.7600451Z'/><EventRecordID>853</EventRecordID><Correlation ActivityID='{855799e3-48f6-0000-a19a-5785f648dc01}'/><Execution ProcessID='676' ThreadID='732'/><Channel>Security</Channel><Computer>DESKTOP-T77A2JK</Computer><Security/></System><EventData><Data Name='SubjectUserSid'>S-1-5-18</Data><Data Name='SubjectUserName'>SYSTEM</Data><Data Name='SubjectDomainName'>NT AUTHORITY</Data><Data Name='SubjectLogonId'>0x3e7</Data><Data Name='PrivilegeList'>SeAssignPrimaryTokenPrivilege
			SeTcbPrivilege
			SeSecurityPrivilege
			SeTakeOwnershipPrivilege
			SeLoadDriverPrivilege
			SeBackupPrivilege
			SeRestorePrivilege
			SeDebugPrivilege
			SeAuditPrivilege
			SeSystemEnvironmentPrivilege
			SeImpersonatePrivilege
			SeDelegateSessionUserImpersonatePrivilege</Data></EventData></Event><Event xmlns='http://schemas.microsoft.com/win/2004/08/events/event'><System><Provider Name='Microsoft-Windows-Security-Auditing' Guid='{54849625-5478-4994-a5ba-3e3b0328c30d}'/><EventID>4624</EventID><Version>2</Version><Level>0</Level><Task>12544</Task><Opcode>0</Opcode><Keywords>0x8020000000000000</Keywords><TimeCreated SystemTime='2025-10-29T17:08:32.7600416Z'/><EventRecordID>852</EventRecordID><Correlation ActivityID='{855799e3-48f6-0000-a19a-5785f648dc01}'/><Execution ProcessID='676' ThreadID='732'/><Channel>Security</Channel><Computer>DESKTOP-T77A2JK</Computer><Security/></System><EventData><Data Name='SubjectUserSid'>S-1-5-18</Data><Data Name='SubjectUserName'>DESKTOP-T77A2JK$</Data><Data Name='SubjectDomainName'>WORKGROUP</Data><Data Name='SubjectLogonId'>0x3e7</Data><Data Name='TargetUserSid'>S-1-5-18</Data><Data Name='TargetUserName'>SYSTEM</Data><Data Name='TargetDomainName'>NT AUTHORITY</Data><Data Name='TargetLogonId'>0x3e7</Data><Data Name='LogonType'>5</Data><Data Name='LogonProcessName'>Advapi  </Data><Data Name='AuthenticationPackageName'>Negotiate</Data><Data Name='WorkstationName'>-</Data><Data Name='LogonGuid'>{00000000-0000-0000-0000-000000000000}</Data><Data Name='TransmittedServices'>-</Data><Data Name='LmPackageName'>-</Data><Data Name='KeyLength'>0</Data><Data Name='ProcessId'>0x24c</Data><Data Name='ProcessName'>C:\Windows\System32\services.exe</Data><Data Name='IpAddress'>-</Data><Data Name='IpPort'>-</Data><Data Name='ImpersonationLevel'>%%1833</Data><Data Name='RestrictedAdminMode'>-</Data><Data Name='TargetOutboundUserName'>-</Data><Data Name='TargetOutboundDomainName'>-</Data><Data Name='VirtualAccount'>%%1843</Data><Data Name='TargetLinkedLogonId'>0x0</Data><Data Name='ElevatedToken'>%%1842</Data></EventData></Event><Event xmlns='http://schemas.microsoft.com/win/2004/08/events/event'><System><Provider Name='Microsoft-Windows-Security-Auditing' Guid='{54849625-5478-4994-a5ba-3e3b0328c30d}'/><EventID>5059</EventID><Version>1</Version><Level>0</Level><Task>12292</Task><Opcode>0</Opcode><Keywords>0x8020000000000000</Keywords><TimeCreated SystemTime='2025-10-29T17:08:32.5541346Z'/><EventRecordID>851</EventRecordID><Correlation/><Execution ProcessID='676' ThreadID='732'/><Channel>Security</Channel><Computer>DESKTOP-T77A2JK</Computer><Security/></System><EventData><Data Name='SubjectUserSid'>S-1-5-19</Data><Data Name='SubjectUserName'>LOCAL SERVICE</Data><Data Name='SubjectDomainName'>NT AUTHORITY</Data><Data Name='SubjectLogonId'>0x3e5</Data><Data Name='ClientProcessId'>640</Data><Data Name='ClientCreationTime'>2025-10-29T17:08:32.5247974Z</Data><Data Name='ProviderName'>Microsoft Software Key Storage Provider</Data><Data Name='AlgorithmName'>ECDSA_P256</Data><Data Name='KeyName'>Microsoft Connected Devices Platform device certificate</Data><Data Name='KeyType'>%%2500</Data><Data Name='Operation'>%%2464</Data><Data Name='ReturnCode'>0x0</Data></EventData></Event><Event xmlns='http://schemas.microsoft.com/win/2004/08/events/event'><System><Provider Name='Microsoft-Windows-Security-Auditing' Guid='{54849625-5478-4994-a5ba-3e3b0328c30d}'/><EventID>5061</EventID><Version>0</Version><Level>0</Level><Task>12290</Task><Opcode>0</Opcode><Keywords>0x8020000000000000</Keywords><TimeCreated SystemTime='2025-10-29T17:08:32.5539411Z'/><EventRecordID>850</EventRecordID><Correlation/><Execution ProcessID='676' ThreadID='732'/><Channel>Security</Channel><Computer>DESKTOP-T77A2JK</Computer><Security/></System><EventData><Data Name='SubjectUserSid'>S-1-5-19</Data><Data Name='SubjectUserName'>LOCAL SERVICE</Data><Data Name='SubjectDomainName'>NT AUTHORITY</Data><Data Name='SubjectLogonId'>0x3e5</Data><Data Name='ProviderName'>Microsoft Software Key Storage Provider</Data><Data Name='AlgorithmName'>ECDSA_P256</Data><Data Name='KeyName'>Microsoft Connected Devices Platform device certificate</Data><Data Name='KeyType'>%%2500</Data><Data Name='Operation'>%%2480</Data><Data Name='ReturnCode'>0x0</Data></EventData></Event><Event xmlns='http://schemas.microsoft.com/win/2004/08/events/event'><System><Provider Name='Microsoft-Windows-Security-Auditing' Guid='{54849625-5478-4994-a5ba-3e3b0328c30d}'/><EventID>5058</EventID><Version>1</Version><Level>0</Level><Task>12292</Task><Opcode>0</Opcode><Keywords>0x8020000000000000</Keywords><TimeCreated SystemTime='2025-10-29T17:08:32.5537777Z'/><EventRecordID>849</EventRecordID><Correlation/><Execution ProcessID='676' ThreadID='732'/><Channel>Security</Channel><Computer>DESKTOP-T77A2JK</Computer><Security/></System><EventData><Data Name='SubjectUserSid'>S-1-5-19</Data><Data Name='SubjectUserName'>LOCAL SERVICE</Data><Data Name='SubjectDomainName'>NT AUTHORITY</Data><Data Name='SubjectLogonId'>0x3e5</Data><Data Name='ClientProcessId'>640</Data><Data Name='ClientCreationTime'>2025-10-29T17:08:32.5247974Z</Data><Data Name='ProviderName'>Microsoft Software Key Storage Provider</Data><Data Name='AlgorithmName'>UNKNOWN</Data><Data Name='KeyName'>Microsoft Connected Devices Platform device certificate</Data><Data Name='KeyType'>%%2500</Data><Data Name='KeyFilePath'>C:\Windows\ServiceProfiles\LocalService\AppData\Roaming\Microsoft\Crypto\Keys\de7cf8a7901d2ad13e5c67c29e5d1662_01c8e66b-081c-4881-8cec-2e16627d8e4a</Data><Data Name='Operation'>%%2458</Data><Data Name='ReturnCode'>0x0</Data></EventData></Event><Event xmlns='http://schemas.microsoft.com/win/2004/08/events/event'><System><Provider Name='Microsoft-Windows-Security-Auditing' Guid='{54849625-5478-4994-a5ba-3e3b0328c30d}'/><EventID>4672</EventID><Version>0</Version><Level>0</Level><Task>12548</Task><Opcode>0</Opcode><Keywords>0x8020000000000000</Keywords><TimeCreated SystemTime='2025-10-29T17:08:32.5074490Z'/><EventRecordID>848</EventRecordID><Correlation ActivityID='{855799e3-48f6-0000-a19a-5785f648dc01}'/><Execution ProcessID='676' ThreadID='732'/><Channel>Security</Channel><Computer>DESKTOP-T77A2JK</Computer><Security/></System><EventData><Data Name='SubjectUserSid'>S-1-5-18</Data><Data Name='SubjectUserName'>SYSTEM</Data><Data Name='SubjectDomainName'>NT AUTHORITY</Data><Data Name='SubjectLogonId'>0x3e7</Data><Data Name='PrivilegeList'>SeAssignPrimaryTokenPrivilege
			SeTcbPrivilege
			SeSecurityPrivilege
			SeTakeOwnershipPrivilege
			SeLoadDriverPrivilege
			SeBackupPrivilege
			SeRestorePrivilege
			SeDebugPrivilege
			SeAuditPrivilege
			SeSystemEnvironmentPrivilege
			SeImpersonatePrivilege
			SeDelegateSessionUserImpersonatePrivilege</Data></EventData></Event><Event xmlns='http://schemas.microsoft.com/win/2004/08/events/event'><System><Provider Name='Microsoft-Windows-Security-Auditing' Guid='{54849625-5478-4994-a5ba-3e3b0328c30d}'/><EventID>4624</EventID><Version>2</Version><Level>0</Level><Task>12544</Task><Opcode>0</Opcode><Keywords>0x8020000000000000</Keywords><TimeCreated SystemTime='2025-10-29T17:08:32.5074454Z'/><EventRecordID>847</EventRecordID><Correlation ActivityID='{855799e3-48f6-0000-a19a-5785f648dc01}'/><Execution ProcessID='676' ThreadID='732'/><Channel>Security</Channel><Computer>DESKTOP-T77A2JK</Computer><Security/></System><EventData><Data Name='SubjectUserSid'>S-1-5-18</Data><Data Name='SubjectUserName'>DESKTOP-T77A2JK$</Data><Data Name='SubjectDomainName'>WORKGROUP</Data><Data Name='SubjectLogonId'>0x3e7</Data><Data Name='TargetUserSid'>S-1-5-18</Data><Data Name='TargetUserName'>SYSTEM</Data><Data Name='TargetDomainName'>NT AUTHORITY</Data><Data Name='TargetLogonId'>0x3e7</Data><Data Name='LogonType'>5</Data><Data Name='LogonProcessName'>Advapi  </Data><Data Name='AuthenticationPackageName'>Negotiate</Data><Data Name='WorkstationName'>-</Data><Data Name='LogonGuid'>{00000000-0000-0000-0000-000000000000}</Data><Data Name='TransmittedServices'>-</Data><Data Name='LmPackageName'>-</Data><Data Name='KeyLength'>0</Data><Data Name='ProcessId'>0x24c</Data><Data Name='ProcessName'>C:\Windows\System32\services.exe</Data><Data Name='IpAddress'>-</Data><Data Name='IpPort'>-</Data><Data Name='ImpersonationLevel'>%%1833</Data><Data Name='RestrictedAdminMode'>-</Data><Data Name='TargetOutboundUserName'>-</Data><Data Name='TargetOutboundDomainName'>-</Data><Data Name='VirtualAccount'>%%1843</Data><Data Name='TargetLinkedLogonId'>0x0</Data><Data Name='ElevatedToken'>%%1842</Data></EventData></Event><Event xmlns='http://schemas.microsoft.com/win/2004/08/events/event'><System><Provider Name='Microsoft-Windows-Security-Auditing' Guid='{54849625-5478-4994-a5ba-3e3b0328c30d}'/><EventID>5059</EventID><Version>1</Version><Level>0</Level><Task>12292</Task><Opcode>0</Opcode><Keywords>0x8020000000000000</Keywords><TimeCreated SystemTime='2025-10-29T17:08:32.4972055Z'/><EventRecordID>846</EventRecordID><Correlation/><Execution ProcessID='676' ThreadID='732'/><Channel>Security</Channel><Computer>DESKTOP-T77A2JK</Computer><Security/></System><EventData><Data Name='SubjectUserSid'>S-1-5-21-981231234-18579961-2149632895-1001</Data><Data Name='SubjectUserName'>WIN10-SOC01</Data><Data Name='SubjectDomainName'>DESKTOP-T77A2JK</Data><Data Name='SubjectLogonId'>0x64531</Data><Data Name='ClientProcessId'>2708</Data><Data Name='ClientCreationTime'>2025-10-29T17:08:32.3277250Z</Data><Data Name='ProviderName'>Microsoft Software Key Storage Provider</Data><Data Name='AlgorithmName'>ECDSA_P256</Data><Data Name='KeyName'>Microsoft Connected Devices Platform device certificate</Data><Data Name='KeyType'>%%2500</Data><Data Name='Operation'>%%2464</Data><Data Name='ReturnCode'>0x0</Data></EventData></Event><Event xmlns='http://schemas.microsoft.com/win/2004/08/events/event'><System><Provider Name='Microsoft-Windows-Security-Auditing' Guid='{54849625-5478-4994-a5ba-3e3b0328c30d}'/><EventID>5061</EventID><Version>0</Version><Level>0</Level><Task>12290</Task><Opcode>0</Opcode><Keywords>0x8020000000000000</Keywords><TimeCreated SystemTime='2025-10-29T17:08:32.4969600Z'/><EventRecordID>845</EventRecordID><Correlation/><Execution ProcessID='676' ThreadID='732'/><Channel>Security</Channel><Computer>DESKTOP-T77A2JK</Computer><Security/></System><EventData><Data Name='SubjectUserSid'>S-1-5-21-981231234-18579961-2149632895-1001</Data><Data Name='SubjectUserName'>WIN10-SOC01</Data><Data Name='SubjectDomainName'>DESKTOP-T77A2JK</Data><Data Name='SubjectLogonId'>0x64531</Data><Data Name='ProviderName'>Microsoft Software Key Storage Provider</Data><Data Name='AlgorithmName'>ECDSA_P256</Data><Data Name='KeyName'>Microsoft Connected Devices Platform device certificate</Data><Data Name='KeyType'>%%2500</Data><Data Name='Operation'>%%2480</Data><Data Name='ReturnCode'>0x0</Data></EventData></Event><Event xmlns='http://schemas.microsoft.com/win/2004/08/events/event'><System><Provider Name='Microsoft-Windows-Security-Auditing' Guid='{54849625-5478-4994-a5ba-3e3b0328c30d}'/><EventID>5058</EventID><Version>1</Version><Level>0</Level><Task>12292</Task><Opcode>0</Opcode><Keywords>0x8020000000000000</Keywords><TimeCreated SystemTime='2025-10-29T17:08:32.4966380Z'/><EventRecordID>844</EventRecordID><Correlation/><Execution ProcessID='676' ThreadID='732'/><Channel>Security</Channel><Computer>DESKTOP-T77A2JK</Computer><Security/></System><EventData><Data Name='SubjectUserSid'>S-1-5-21-981231234-18579961-2149632895-1001</Data><Data Name='SubjectUserName'>WIN10-SOC01</Data><Data Name='SubjectDomainName'>DESKTOP-T77A2JK</Data><Data Name='SubjectLogonId'>0x64531</Data><Data Name='ClientProcessId'>2708</Data><Data Name='ClientCreationTime'>2025-10-29T17:08:32.3277250Z</Data><Data Name='ProviderName'>Microsoft Software Key Storage Provider</Data><Data Name='AlgorithmName'>UNKNOWN</Data><Data Name='KeyName'>Microsoft Connected Devices Platform device certificate</Data><Data Name='KeyType'>%%2500</Data><Data Name='KeyFilePath'>C:\Users\WIN10-SOC01\AppData\Roaming\Microsoft\Crypto\Keys\de7cf8a7901d2ad13e5c67c29e5d1662_01c8e66b-081c-4881-8cec-2e16627d8e4a</Data><Data Name='Operation'>%%2458</Data><Data Name='ReturnCode'>0x0</Data></EventData></Event><Event xmlns='http://schemas.microsoft.com/win/2004/08/events/event'><System><Provider Name='Microsoft-Windows-Security-Auditing' Guid='{54849625-5478-4994-a5ba-3e3b0328c30d}'/><EventID>5379</EventID><Version>0</Version><Level>0</Level><Task>13824</Task><Opcode>0</Opcode><Keywords>0x8020000000000000</Keywords><TimeCreated SystemTime='2025-10-29T17:08:32.2806325Z'/><EventRecordID>843</EventRecordID><Correlation ActivityID='{855799e3-48f6-0000-a19a-5785f648dc01}'/><Execution ProcessID='676' ThreadID='720'/><Channel>Security</Channel><Computer>DESKTOP-T77A2JK</Computer><Security/></System><EventData><Data Name='SubjectUserSid'>S-1-5-21-981231234-18579961-2149632895-1001</Data><Data Name='SubjectUserName'>WIN10-SOC01</Data><Data Name='SubjectDomainName'>DESKTOP-T77A2JK</Data><Data Name='SubjectLogonId'>0x64531</Data><Data Name='TargetName'>WindowsLive:target=virtualapp/didlogical</Data><Data Name='Type'>0</Data><Data Name='CountOfCredentialsReturned'>1</Data><Data Name='ReadOperation'>%%8100</Data><Data Name='ReturnCode'>0</Data><Data Name='ProcessCreationTime'>2025-10-29T17:07:43.4257743Z</Data><Data Name='ClientProcessId'>4224</Data></EventData></Event><Event xmlns='http://schemas.microsoft.com/win/2004/08/events/event'><System><Provider Name='Microsoft-Windows-Security-Auditing' Guid='{54849625-5478-4994-a5ba-3e3b0328c30d}'/><EventID>5379</EventID><Version>0</Version><Level>0</Level><Task>13824</Task><Opcode>0</Opcode><Keywords>0x8020000000000000</Keywords><TimeCreated SystemTime='2025-10-29T17:08:32.2805948Z'/><EventRecordID>842</EventRecordID><Correlation ActivityID='{855799e3-48f6-0000-a19a-5785f648dc01}'/><Execution ProcessID='676' ThreadID='720'/><Channel>Security</Channel><Computer>DESKTOP-T77A2JK</Computer><Security/></System><EventData><Data Name='SubjectUserSid'>S-1-5-21-981231234-18579961-2149632895-1001</Data><Data Name='SubjectUserName'>WIN10-SOC01</Data><Data Name='SubjectDomainName'>DESKTOP-T77A2JK</Data><Data Name='SubjectLogonId'>0x64531</Data><Data Name='TargetName'>WindowsLive:(cert):name=02tvktkytqdyklih;serviceuri=*</Data><Data Name='Type'>0</Data><Data Name='CountOfCredentialsReturned'>0</Data><Data Name='ReadOperation'>%%8100</Data><Data Name='ReturnCode'>3221226021</Data><Data Name='ProcessCreationTime'>2025-10-29T17:07:43.4257743Z</Data><Data Name='ClientProcessId'>4224</Data></EventData></Event><Event xmlns='http://schemas.microsoft.com/win/2004/08/events/event'><System><Provider Name='Microsoft-Windows-Security-Auditing' Guid='{54849625-5478-4994-a5ba-3e3b0328c30d}'/><EventID>5379</EventID><Version>0</Version><Level>0</Level><Task>13824</Task><Opcode>0</Opcode><Keywords>0x8020000000000000</Keywords><TimeCreated SystemTime='2025-10-29T17:08:32.2803574Z'/><EventRecordID>841</EventRecordID><Correlation ActivityID='{855799e3-48f6-0000-a19a-5785f648dc01}'/><Execution ProcessID='676' ThreadID='720'/><Channel>Security</Channel><Computer>DESKTOP-T77A2JK</Computer><Security/></System><EventData><Data Name='SubjectUserSid'>S-1-5-21-981231234-18579961-2149632895-1001</Data><Data Name='SubjectUserName'>WIN10-SOC01</Data><Data Name='SubjectDomainName'>DESKTOP-T77A2JK</Data><Data Name='SubjectLogonId'>0x64531</Data><Data Name='TargetName'>WindowsLive:(token):name=02tvktkytqdyklih;serviceuri=*</Data><Data Name='Type'>0</Data><Data Name='CountOfCredentialsReturned'>0</Data><Data Name='ReadOperation'>%%8100</Data><Data Name='ReturnCode'>3221226021</Data><Data Name='ProcessCreationTime'>2025-10-29T17:07:43.4257743Z</Data><Data Name='ClientProcessId'>4224</Data></EventData></Event><Event xmlns='http://schemas.microsoft.com/win/2004/08/events/event'><System><Provider Name='Microsoft-Windows-Security-Auditing' Guid='{54849625-5478-4994-a5ba-3e3b0328c30d}'/><EventID>4799</EventID><Version>0</Version><Level>0</Level><Task>13826</Task><Opcode>0</Opcode><Keywords>0x8020000000000000</Keywords><TimeCreated SystemTime='2025-10-29T17:08:32.2546800Z'/><EventRecordID>840</EventRecordID><Correlation ActivityID='{855799e3-48f6-0000-a19a-5785f648dc01}'/><Execution ProcessID='676' ThreadID='764'/><Channel>Security</Channel><Computer>DESKTOP-T77A2JK</Computer><Security/></System><EventData><Data Name='TargetUserName'>Administrators</Data><Data Name='TargetDomainName'>Builtin</Data><Data Name='TargetSid'>S-1-5-32-544</Data><Data Name='SubjectUserSid'>S-1-5-18</Data><Data Name='SubjectUserName'>DESKTOP-T77A2JK$</Data><Data Name='SubjectDomainName'>WORKGROUP</Data><Data Name='SubjectLogonId'>0x3e7</Data><Data Name='CallerProcessId'>0x500</Data><Data Name='CallerProcessName'>C:\Windows\System32\svchost.exe</Data></EventData></Event><Event xmlns='http://schemas.microsoft.com/win/2004/08/events/event'><System><Provider Name='Microsoft-Windows-Security-Auditing' Guid='{54849625-5478-4994-a5ba-3e3b0328c30d}'/><EventID>4672</EventID><Version>0</Version><Level>0</Level><Task>12548</Task><Opcode>0</Opcode><Keywords>0x8020000000000000</Keywords><TimeCreated SystemTime='2025-10-29T17:08:32.1989550Z'/><EventRecordID>839</EventRecordID><Correlation ActivityID='{855799e3-48f6-0000-a19a-5785f648dc01}'/><Execution ProcessID='676' ThreadID='732'/><Channel>Security</Channel><Computer>DESKTOP-T77A2JK</Computer><Security/></System><EventData><Data Name='SubjectUserSid'>S-1-5-21-981231234-18579961-2149632895-1001</Data><Data Name='SubjectUserName'>WIN10-SOC01</Data><Data Name='SubjectDomainName'>DESKTOP-T77A2JK</Data><Data Name='SubjectLogonId'>0x64506</Data><Data Name='PrivilegeList'>SeSecurityPrivilege
			SeTakeOwnershipPrivilege
			SeLoadDriverPrivilege
			SeBackupPrivilege
			SeRestorePrivilege
			SeDebugPrivilege
			SeSystemEnvironmentPrivilege
			SeImpersonatePrivilege
			SeDelegateSessionUserImpersonatePrivilege</Data></EventData></Event><Event xmlns='http://schemas.microsoft.com/win/2004/08/events/event'><System><Provider Name='Microsoft-Windows-Security-Auditing' Guid='{54849625-5478-4994-a5ba-3e3b0328c30d}'/><EventID>4624</EventID><Version>2</Version><Level>0</Level><Task>12544</Task><Opcode>0</Opcode><Keywords>0x8020000000000000</Keywords><TimeCreated SystemTime='2025-10-29T17:08:32.1989523Z'/><EventRecordID>838</EventRecordID><Correlation ActivityID='{855799e3-48f6-0000-a19a-5785f648dc01}'/><Execution ProcessID='676' ThreadID='732'/><Channel>Security</Channel><Computer>DESKTOP-T77A2JK</Computer><Security/></System><EventData><Data Name='SubjectUserSid'>S-1-5-18</Data><Data Name='SubjectUserName'>DESKTOP-T77A2JK$</Data><Data Name='SubjectDomainName'>WORKGROUP</Data><Data Name='SubjectLogonId'>0x3e7</Data><Data Name='TargetUserSid'>S-1-5-21-981231234-18579961-2149632895-1001</Data><Data Name='TargetUserName'>WIN10-SOC01</Data><Data Name='TargetDomainName'>DESKTOP-T77A2JK</Data><Data Name='TargetLogonId'>0x64531</Data><Data Name='LogonType'>2</Data><Data Name='LogonProcessName'>User32 </Data><Data Name='AuthenticationPackageName'>Negotiate</Data><Data Name='WorkstationName'>DESKTOP-T77A2JK</Data><Data Name='LogonGuid'>{00000000-0000-0000-0000-000000000000}</Data><Data Name='TransmittedServices'>-</Data><Data Name='LmPackageName'>-</Data><Data Name='KeyLength'>0</Data><Data Name='ProcessId'>0x58c</Data><Data Name='ProcessName'>C:\Windows\System32\svchost.exe</Data><Data Name='IpAddress'>127.0.0.1</Data><Data Name='IpPort'>0</Data><Data Name='ImpersonationLevel'>%%1833</Data><Data Name='RestrictedAdminMode'>-</Data><Data Name='TargetOutboundUserName'>-</Data><Data Name='TargetOutboundDomainName'>-</Data><Data Name='VirtualAccount'>%%1843</Data><Data Name='TargetLinkedLogonId'>0x64506</Data><Data Name='ElevatedToken'>%%1843</Data></EventData></Event><Event xmlns='http://schemas.microsoft.com/win/2004/08/events/event'><System><Provider Name='Microsoft-Windows-Security-Auditing' Guid='{54849625-5478-4994-a5ba-3e3b0328c30d}'/><EventID>4624</EventID><Version>2</Version><Level>0</Level><Task>12544</Task><Opcode>0</Opcode><Keywords>0x8020000000000000</Keywords><TimeCreated SystemTime='2025-10-29T17:08:32.1989445Z'/><EventRecordID>837</EventRecordID><Correlation ActivityID='{855799e3-48f6-0000-a19a-5785f648dc01}'/><Execution ProcessID='676' ThreadID='732'/><Channel>Security</Channel><Computer>DESKTOP-T77A2JK</Computer><Security/></System><EventData><Data Name='SubjectUserSid'>S-1-5-18</Data><Data Name='SubjectUserName'>DESKTOP-T77A2JK$</Data><Data Name='SubjectDomainName'>WORKGROUP</Data><Data Name='SubjectLogonId'>0x3e7</Data><Data Name='TargetUserSid'>S-1-5-21-981231234-18579961-2149632895-1001</Data><Data Name='TargetUserName'>WIN10-SOC01</Data><Data Name='TargetDomainName'>DESKTOP-T77A2JK</Data><Data Name='TargetLogonId'>0x64506</Data><Data Name='LogonType'>2</Data><Data Name='LogonProcessName'>User32 </Data><Data Name='AuthenticationPackageName'>Negotiate</Data><Data Name='WorkstationName'>DESKTOP-T77A2JK</Data><Data Name='LogonGuid'>{00000000-0000-0000-0000-000000000000}</Data><Data Name='TransmittedServices'>-</Data><Data Name='LmPackageName'>-</Data><Data Name='KeyLength'>0</Data><Data Name='ProcessId'>0x58c</Data><Data Name='ProcessName'>C:\Windows\System32\svchost.exe</Data><Data Name='IpAddress'>127.0.0.1</Data><Data Name='IpPort'>0</Data><Data Name='ImpersonationLevel'>%%1833</Data><Data Name='RestrictedAdminMode'>-</Data><Data Name='TargetOutboundUserName'>-</Data><Data Name='TargetOutboundDomainName'>-</Data><Data Name='VirtualAccount'>%%1843</Data><Data Name='TargetLinkedLogonId'>0x64531</Data><Data Name='ElevatedToken'>%%1842</Data></EventData></Event>