<Event xmlns='http://schemas.microsoft.com/win/2004/08/events/event'><System><Provider Name='Microsoft-Windows-Security-Auditing' Guid='{54849625-5478-4994-a5ba-3e3b0328c30d}'/><EventID>4907</EventID><Version>0</Version><Level>0</Level><Task>13568</Task><Opcode>0</Opcode><Keywords>0x8020000000000000</Keywords><TimeCreated SystemTime='2025-10-30T00:47:39.7674849Z'/><EventRecordID>1798</EventRecordID><Correlation/><Execution ProcessID='4' ThreadID='100'/><Channel>Security</Channel><Computer>DESKTOP-T77A2JK</Computer><Security/></System><EventData><Data Name='SubjectUserSid'>S-1-5-18</Data><Data Name='SubjectUserName'>DESKTOP-T77A2JK$</Data><Data Name='SubjectDomainName'>WORKGROUP</Data><Data Name='SubjectLogonId'>0x3e7</Data><Data Name='ObjectServer'>Security</Data><Data Name='ObjectType'>File</Data><Data Name='ObjectName'>C:\Windows\Microsoft.NET\Framework64\v4.0.30319\vbc.exe</Data><Data Name='HandleId'>0x26a0</Data><Data Name='OldSd'>S:AINO_ACCESS_CONTROL</Data><Data Name='NewSd'>S:ARAI(AU;SAFA;DCLCRPCRSDWDWO;;;WD)</Data><Data Name='ProcessId'>0x1158</Data><Data Name='ProcessName'>C:\Windows\WinSxS\amd64_microsoft-windows-servicingstack_31bf3856ad364e35_10.0.19041.3745_none_7ded3f327ca60a41\TiWorker.exe</Data></EventData></Event><Event xmlns='http://schemas.microsoft.com/win/2004/08/events/event'><System><Provider Name='Microsoft-Windows-Security-Auditing' Guid='{54849625-5478-4994-a5ba-3e3b0328c30d}'/><EventID>4907</EventID><Version>0</Version><Level>0</Level><Task>13568</Task><Opcode>0</Opcode><Keywords>0x8020000000000000</Keywords><TimeCreated SystemTime='2025-10-30T00:47:39.7661245Z'/><EventRecordID>1797</EventRecordID><Correlation/><Execution ProcessID='4' ThreadID='4228'/><Channel>Security</Channel><Computer>DESKTOP-T77A2JK</Computer><Security/></System><EventData><Data Name='SubjectUserSid'>S-1-5-18</Data><Data Name='SubjectUserName'>DESKTOP-T77A2JK$</Data><Data Name='SubjectDomainName'>WORKGROUP</Data><Data Name='SubjectLogonId'>0x3e7</Data><Data Name='ObjectServer'>Security</Data><Data Name='ObjectType'>File</Data><Data Name='ObjectName'>C:\Windows\Microsoft.NET\Framework64\v4.0.30319\TLBREF.DLL</Data><Data Name='HandleId'>0x2954</Data><Data Name='OldSd'>S:AINO_ACCESS_CONTROL</Data><Data Name='NewSd'>S:ARAI(AU;SAFA;DCLCRPCRSDWDWO;;;WD)</Data><Data Name='ProcessId'>0x1158</Data><Data Name='ProcessName'>C:\Windows\WinSxS\amd64_microsoft-windows-servicingstack_31bf3856ad364e35_10.0.19041.3745_none_7ded3f327ca60a41\TiWorker.exe</Data></EventData></Event><Event xmlns='http://schemas.microsoft.com/win/2004/08/events/event'><System><Provider Name='Microsoft-Windows-Security-Auditing' Guid='{54849625-5478-4994-a5ba-3e3b0328c30d}'/><EventID>4907</EventID><Version>0</Version><Level>0</Level><Task>13568</Task><Opcode>0</Opcode><Keywords>0x8020000000000000</Keywords><TimeCreated SystemTime='2025-10-30T00:47:39.7553198Z'/><EventRecordID>1796</EventRecordID><Correlation/><Execution ProcessID='4' ThreadID='3664'/><Channel>Security</Channel><Computer>DESKTOP-T77A2JK</Computer><Security/></System><EventData><Data Name='SubjectUserSid'>S-1-5-18</Data><Data Name='SubjectUserName'>DESKTOP-T77A2JK$</Data><Data Name='SubjectDomainName'>WORKGROUP</Data><Data Name='SubjectLogonId'>0x3e7</Data><Data Name='ObjectServer'>Security</Data><Data Name='ObjectType'>File</Data><Data Name='ObjectName'>C:\Windows\Microsoft.NET\Framework64\v4.0.30319\System.Windows.Forms.tlb</Data><Data Name='HandleId'>0x26a0</Data><Data Name='OldSd'>S:AINO_ACCESS_CONTROL</Data><Data Name='NewSd'>S:ARAI(AU;SAFA;DCLCRPCRSDWDWO;;;WD)</Data><Data Name='ProcessId'>0x1158</Data><Data Name='ProcessName'>C:\Windows\WinSxS\amd64_microsoft-windows-servicingstack_31bf3856ad364e35_10.0.19041.3745_none_7ded3f327ca60a41\TiWorker.exe</Data></EventData></Event><Event xmlns='http://schemas.microsoft.com/win/2004/08/events/event'><System><Provider Name='Microsoft-Windows-Security-Auditing' Guid='{54849625-5478-4994-a5ba-3e3b0328c30d}'/><EventID>4907</EventID><Version>0</Version><Level>0</Level><Task>13568</Task><Opcode>0</Opcode><Keywords>0x8020000000000000</Keywords><TimeCreated SystemTime='2025-10-30T00:47:39.7508081Z'/><EventRecordID>1795</EventRecordID><Correlation/><Execution ProcessID='4' ThreadID='100'/><Channel>Security</Channel><Computer>DESKTOP-T77A2JK</Computer><Security/></System><EventData><Data Name='SubjectUserSid'>S-1-5-18</Data><Data Name='SubjectUserName'>DESKTOP-T77A2JK$</Data><Data Name='SubjectDomainName'>WORKGROUP</Data><Data Name='SubjectLogonId'>0x3e7</Data><Data Name='ObjectServer'>Security</Data><Data Name='ObjectType'>File</Data><Data Name='ObjectName'>C:\Windows\Microsoft.NET\Framework64\v4.0.30319\System.Web.tlb</Data><Data Name='HandleId'>0x26a0</Data><Data Name='OldSd'>S:AINO_ACCESS_CONTROL</Data><Data Name='NewSd'>S:ARAI(AU;SAFA;DCLCRPCRSDWDWO;;;WD)</Data><Data Name='ProcessId'>0x1158</Data><Data Name='ProcessName'>C:\Windows\WinSxS\amd64_microsoft-windows-servicingstack_31bf3856ad364e35_10.0.19041.3745_none_7ded3f327ca60a41\TiWorker.exe</Data></EventData></Event><Event xmlns='http://schemas.microsoft.com/win/2004/08/events/event'><System><Provider Name='Microsoft-Windows-Security-Auditing' Guid='{54849625-5478-4994-a5ba-3e3b0328c30d}'/><EventID>4907</EventID><Version>0</Version><Level>0</Level><Task>13568</Task><Opcode>0</Opcode><Keywords>0x8020000000000000</Keywords><TimeCreated SystemTime='2025-10-30T00:47:39.7430212Z'/><EventRecordID>1794</EventRecordID><Correlation/><Execution ProcessID='4' ThreadID='100'/><Channel>Security</Channel><Computer>DESKTOP-T77A2JK</Computer><Security/></System><EventData><Data Name='SubjectUserSid'>S-1-5-18</Data><Data Name='SubjectUserName'>DESKTOP-T77A2JK$</Data><Data Name='SubjectDomainName'>WORKGROUP</Data><Data Name='SubjectLogonId'>0x3e7</Data><Data Name='ObjectServer'>Security</Data><Data Name='ObjectType'>File</Data><Data Name='ObjectName'>C:\Windows\Microsoft.NET\Framework64\v4.0.30319\System.Web.dll</Data><Data Name='HandleId'>0x10e0</Data><Data Name='OldSd'>S:AINO_ACCESS_CONTROL</Data><Data Name='NewSd'>S:ARAI(AU;SAFA;DCLCRPCRSDWDWO;;;WD)</Data><Data Name='ProcessId'>0x1158</Data><Data Name='ProcessName'>C:\Windows\WinSxS\amd64_microsoft-windows-servicingstack_31bf3856ad364e35_10.0.19041.3745_none_7ded3f327ca60a41\TiWorker.exe</Data></EventData></Event><Event xmlns='http://schemas.microsoft.com/win/2004/08/events/event'><System><Provider Name='Microsoft-Windows-Security-Auditing' Guid='{54849625-5478-4994-a5ba-3e3b0328c30d}'/><EventID>4907</EventID><Version>0</Version><Level>0</Level><Task>13568</Task><Opcode>0</Opcode><Keywords>0x8020000000000000</Keywords><TimeCreated SystemTime='2025-10-30T00:47:39.7373434Z'/><EventRecordID>1793</EventRecordID><Correlation/><Execution ProcessID='4' ThreadID='3664'/><Channel>Security</Channel><Computer>DESKTOP-T77A2JK</Computer><Security/></System><EventData><Data Name='SubjectUserSid'>S-1-5-18</Data><Data Name='SubjectUserName'>DESKTOP-T77A2JK$</Data><Data Name='SubjectDomainName'>WORKGROUP</Data><Data Name='SubjectLogonId'>0x3e7</Data><Data Name='ObjectServer'>Security</Data><Data Name='ObjectType'>File</Data><Data Name='ObjectName'>C:\Windows\Microsoft.NET\Framework64\v4.0.30319\System.Transactions.dll</Data><Data Name='HandleId'>0x182c</Data><Data Name='OldSd'>S:AINO_ACCESS_CONTROL</Data><Data Name='NewSd'>S:ARAI(AU;SAFA;DCLCRPCRSDWDWO;;;WD)</Data><Data Name='ProcessId'>0x1158</Data><Data Name='ProcessName'>C:\Windows\WinSxS\amd64_microsoft-windows-servicingstack_31bf3856ad364e35_10.0.19041.3745_none_7ded3f327ca60a41\TiWorker.exe</Data></EventData></Event><Event xmlns='http://schemas.microsoft.com/win/2004/08/events/event'><System><Provider Name='Microsoft-Windows-Security-Auditing' Guid='{54849625-5478-4994-a5ba-3e3b0328c30d}'/><EventID>4907</EventID><Version>0</Version><Level>0</Level><Task>13568</Task><Opcode>0</Opcode><Keywords>0x8020000000000000</Keywords><TimeCreated SystemTime='2025-10-30T00:47:39.7362435Z'/><EventRecordID>1792</EventRecordID><Correlation/><Execution ProcessID='4' ThreadID='100'/><Channel>Security</Channel><Computer>DESKTOP-T77A2JK</Computer><Security/></System><EventData><Data Name='SubjectUserSid'>S-1-5-18</Data><Data Name='SubjectUserName'>DESKTOP-T77A2JK$</Data><Data Name='SubjectDomainName'>WORKGROUP</Data><Data Name='SubjectLogonId'>0x3e7</Data><Data Name='ObjectServer'>Security</Data><Data Name='ObjectType'>File</Data><Data Name='ObjectName'>C:\Windows\Microsoft.NET\Framework64\v4.0.30319\System.tlb</Data><Data Name='HandleId'>0x94c</Data><Data Name='OldSd'>S:AINO_ACCESS_CONTROL</Data><Data Name='NewSd'>S:ARAI(AU;SAFA;DCLCRPCRSDWDWO;;;WD)</Data><Data Name='ProcessId'>0x1158</Data><Data Name='ProcessName'>C:\Windows\WinSxS\amd64_microsoft-windows-servicingstack_31bf3856ad364e35_10.0.19041.3745_none_7ded3f327ca60a41\TiWorker.exe</Data></EventData></Event><Event xmlns='http://schemas.microsoft.com/win/2004/08/events/event'><System><Provider Name='Microsoft-Windows-Security-Auditing' Guid='{54849625-5478-4994-a5ba-3e3b0328c30d}'/><EventID>4907</EventID><Version>0</Version><Level>0</Level><Task>13568</Task><Opcode>0</Opcode><Keywords>0x8020000000000000</Keywords><TimeCreated SystemTime='2025-10-30T00:47:39.6975550Z'/><EventRecordID>1791</EventRecordID><Correlation/><Execution ProcessID='4' ThreadID='3664'/><Channel>Security</Channel><Computer>DESKTOP-T77A2JK</Computer><Security/></System><EventData><Data Name='SubjectUserSid'>S-1-5-18</Data><Data Name='SubjectUserName'>DESKTOP-T77A2JK$</Data><Data Name='SubjectDomainName'>WORKGROUP</Data><Data Name='SubjectLogonId'>0x3e7</Data><Data Name='ObjectServer'>Security</Data><Data Name='ObjectType'>File</Data><Data Name='ObjectName'>C:\Windows\Microsoft.NET\Framework64\v4.0.30319\System.EnterpriseServices.Wrapper.dll</Data><Data Name='HandleId'>0xb10</Data><Data Name='OldSd'>S:AINO_ACCESS_CONTROL</Data><Data Name='NewSd'>S:ARAI(AU;SAFA;DCLCRPCRSDWDWO;;;WD)</Data><Data Name='ProcessId'>0x1158</Data><Data Name='ProcessName'>C:\Windows\WinSxS\amd64_microsoft-windows-servicingstack_31bf3856ad364e35_10.0.19041.3745_none_7ded3f327ca60a41\TiWorker.exe</Data></EventData></Event><Event xmlns='http://schemas.microsoft.com/win/2004/08/events/event'><System><Provider Name='Microsoft-Windows-Security-Auditing' Guid='{54849625-5478-4994-a5ba-3e3b0328c30d}'/><EventID>4907</EventID><Version>0</Version><Level>0</Level><Task>13568</Task><Opcode>0</Opcode><Keywords>0x8020000000000000</Keywords><TimeCreated SystemTime='2025-10-30T00:47:39.6966594Z'/><EventRecordID>1790</EventRecordID><Correlation/><Execution ProcessID='4' ThreadID='3664'/><Channel>Security</Channel><Computer>DESKTOP-T77A2JK</Computer><Security/></System><EventData><Data Name='SubjectUserSid'>S-1-5-18</Data><Data Name='SubjectUserName'>DESKTOP-T77A2JK$</Data><Data Name='SubjectDomainName'>WORKGROUP</Data><Data Name='SubjectLogonId'>0x3e7</Data><Data Name='ObjectServer'>Security</Data><Data Name='ObjectType'>File</Data><Data Name='ObjectName'>C:\Windows\Microsoft.NET\Framework64\v4.0.30319\System.EnterpriseServices.tlb</Data><Data Name='HandleId'>0x182c</Data><Data Name='OldSd'>S:AINO_ACCESS_CONTROL</Data><Data Name='NewSd'>S:ARAI(AU;SAFA;DCLCRPCRSDWDWO;;;WD)</Data><Data Name='ProcessId'>0x1158</Data><Data Name='ProcessName'>C:\Windows\WinSxS\amd64_microsoft-windows-servicingstack_31bf3856ad364e35_10.0.19041.3745_none_7ded3f327ca60a41\TiWorker.exe</Data></EventData></Event><Event xmlns='http://schemas.microsoft.com/win/2004/08/events/event'><System><Provider Name='Microsoft-Windows-Security-Auditing' Guid='{54849625-5478-4994-a5ba-3e3b0328c30d}'/><EventID>4907</EventID><Version>0</Version><Level>0</Level><Task>13568</Task><Opcode>0</Opcode><Keywords>0x8020000000000000</Keywords><TimeCreated SystemTime='2025-10-30T00:47:39.6955490Z'/><EventRecordID>1789</EventRecordID><Correlation/><Execution ProcessID='4' ThreadID='3664'/><Channel>Security</Channel><Computer>DESKTOP-T77A2JK</Computer><Security/></System><EventData><Data Name='SubjectUserSid'>S-1-5-18</Data><Data Name='SubjectUserName'>DESKTOP-T77A2JK$</Data><Data Name='SubjectDomainName'>WORKGROUP</Data><Data Name='SubjectLogonId'>0x3e7</Data><Data Name='ObjectServer'>Security</Data><Data Name='ObjectType'>File</Data><Data Name='ObjectName'>C:\Windows\Microsoft.NET\Framework64\v4.0.30319\System.EnterpriseServices.Thunk.dll</Data><Data Name='HandleId'>0x20f4</Data><Data Name='OldSd'>S:AINO_ACCESS_CONTROL</Data><Data Name='NewSd'>S:ARAI(AU;SAFA;DCLCRPCRSDWDWO;;;WD)</Data><Data Name='ProcessId'>0x1158</Data><Data Name='ProcessName'>C:\Windows\WinSxS\amd64_microsoft-windows-servicingstack_31bf3856ad364e35_10.0.19041.3745_none_7ded3f327ca60a41\TiWorker.exe</Data></EventData></Event><Event xmlns='http://schemas.microsoft.com/win/2004/08/events/event'><System><Provider Name='Microsoft-Windows-Security-Auditing' Guid='{54849625-5478-4994-a5ba-3e3b0328c30d}'/><EventID>4907</EventID><Version>0</Version><Level>0</Level><Task>13568</Task><Opcode>0</Opcode><Keywords>0x8020000000000000</Keywords><TimeCreated SystemTime='2025-10-30T00:47:39.6943299Z'/><EventRecordID>1788</EventRecordID><Correlation/><Execution ProcessID='4' ThreadID='3664'/><Channel>Security</Channel><Computer>DESKTOP-T77A2JK</Computer><Security/></System><EventData><Data Name='SubjectUserSid'>S-1-5-18</Data><Data Name='SubjectUserName'>DESKTOP-T77A2JK$</Data><Data Name='SubjectDomainName'>WORKGROUP</Data><Data Name='SubjectLogonId'>0x3e7</Data><Data Name='ObjectServer'>Security</Data><Data Name='ObjectType'>File</Data><Data Name='ObjectName'>C:\Windows\Microsoft.NET\Framework64\v4.0.30319\System.EnterpriseServices.dll</Data><Data Name='HandleId'>0x2804</Data><Data Name='OldSd'>S:AINO_ACCESS_CONTROL</Data><Data Name='NewSd'>S:ARAI(AU;SAFA;DCLCRPCRSDWDWO;;;WD)</Data><Data Name='ProcessId'>0x1158</Data><Data Name='ProcessName'>C:\Windows\WinSxS\amd64_microsoft-windows-servicingstack_31bf3856ad364e35_10.0.19041.3745_none_7ded3f327ca60a41\TiWorker.exe</Data></EventData></Event><Event xmlns='http://schemas.microsoft.com/win/2004/08/events/event'><System><Provider Name='Microsoft-Windows-Security-Auditing' Guid='{54849625-5478-4994-a5ba-3e3b0328c30d}'/><EventID>4907</EventID><Version>0</Version><Level>0</Level><Task>13568</Task><Opcode>0</Opcode><Keywords>0x8020000000000000</Keywords><TimeCreated SystemTime='2025-10-30T00:47:39.6919248Z'/><EventRecordID>1787</EventRecordID><Correlation/><Execution ProcessID='4' ThreadID='3664'/><Channel>Security</Channel><Computer>DESKTOP-T77A2JK</Computer><Security/></System><EventData><Data Name='SubjectUserSid'>S-1-5-18</Data><Data Name='SubjectUserName'>DESKTOP-T77A2JK$</Data><Data Name='SubjectDomainName'>WORKGROUP</Data><Data Name='SubjectLogonId'>0x3e7</Data><Data Name='ObjectServer'>Security</Data><Data Name='ObjectType'>File</Data><Data Name='ObjectName'>C:\Windows\Microsoft.NET\Framework64\v4.0.30319\System.Drawing.tlb</Data><Data Name='HandleId'>0x94c</Data><Data Name='OldSd'>S:AINO_ACCESS_CONTROL</Data><Data Name='NewSd'>S:ARAI(AU;SAFA;DCLCRPCRSDWDWO;;;WD)</Data><Data Name='ProcessId'>0x1158</Data><Data Name='ProcessName'>C:\Windows\WinSxS\amd64_microsoft-windows-servicingstack_31bf3856ad364e35_10.0.19041.3745_none_7ded3f327ca60a41\TiWorker.exe</Data></EventData></Event><Event xmlns='http://schemas.microsoft.com/win/2004/08/events/event'><System><Provider Name='Microsoft-Windows-Security-Auditing' Guid='{54849625-5478-4994-a5ba-3e3b0328c30d}'/><EventID>4907</EventID><Version>0</Version><Level>0</Level><Task>13568</Task><Opcode>0</Opcode><Keywords>0x8020000000000000</Keywords><TimeCreated SystemTime='2025-10-30T00:47:39.6802711Z'/><EventRecordID>1786</EventRecordID><Correlation/><Execution ProcessID='4' ThreadID='3664'/><Channel>Security</Channel><Computer>DESKTOP-T77A2JK</Computer><Security/></System><EventData><Data Name='SubjectUserSid'>S-1-5-18</Data><Data Name='SubjectUserName'>DESKTOP-T77A2JK$</Data><Data Name='SubjectDomainName'>WORKGROUP</Data><Data Name='SubjectLogonId'>0x3e7</Data><Data Name='ObjectServer'>Security</Data><Data Name='ObjectType'>File</Data><Data Name='ObjectName'>C:\Windows\Microsoft.NET\Framework64\v4.0.30319\System.Data.OracleClient.dll</Data><Data Name='HandleId'>0x94c</Data><Data Name='OldSd'>S:AINO_ACCESS_CONTROL</Data><Data Name='NewSd'>S:ARAI(AU;SAFA;DCLCRPCRSDWDWO;;;WD)</Data><Data Name='ProcessId'>0x1158</Data><Data Name='ProcessName'>C:\Windows\WinSxS\amd64_microsoft-windows-servicingstack_31bf3856ad364e35_10.0.19041.3745_none_7ded3f327ca60a41\TiWorker.exe</Data></EventData></Event><Event xmlns='http://schemas.microsoft.com/win/2004/08/events/event'><System><Provider Name='Microsoft-Windows-Security-Auditing' Guid='{54849625-5478-4994-a5ba-3e3b0328c30d}'/><EventID>4907</EventID><Version>0</Version><Level>0</Level><Task>13568</Task><Opcode>0</Opcode><Keywords>0x8020000000000000</Keywords><TimeCreated SystemTime='2025-10-30T00:47:39.6758914Z'/><EventRecordID>1785</EventRecordID><Correlation/><Execution ProcessID='4' ThreadID='4048'/><Channel>Security</Channel><Computer>DESKTOP-T77A2JK</Computer><Security/></System><EventData><Data Name='SubjectUserSid'>S-1-5-18</Data><Data Name='SubjectUserName'>DESKTOP-T77A2JK$</Data><Data Name='SubjectDomainName'>WORKGROUP</Data><Data Name='SubjectLogonId'>0x3e7</Data><Data Name='ObjectServer'>Security</Data><Data Name='ObjectType'>File</Data><Data Name='ObjectName'>C:\Windows\Microsoft.NET\Framework64\v4.0.30319\System.Data.dll</Data><Data Name='HandleId'>0x24a4</Data><Data Name='OldSd'>S:AINO_ACCESS_CONTROL</Data><Data Name='NewSd'>S:ARAI(AU;SAFA;DCLCRPCRSDWDWO;;;WD)</Data><Data Name='ProcessId'>0x1158</Data><Data Name='ProcessName'>C:\Windows\WinSxS\amd64_microsoft-windows-servicingstack_31bf3856ad364e35_10.0.19041.3745_none_7ded3f327ca60a41\TiWorker.exe</Data></EventData></Event><Event xmlns='http://schemas.microsoft.com/win/2004/08/events/event'><System><Provider Name='Microsoft-Windows-Security-Auditing' Guid='{54849625-5478-4994-a5ba-3e3b0328c30d}'/><EventID>4907</EventID><Version>0</Version><Level>0</Level><Task>13568</Task><Opcode>0</Opcode><Keywords>0x8020000000000000</Keywords><TimeCreated SystemTime='2025-10-30T00:47:39.6540290Z'/><EventRecordID>1784</EventRecordID><Correlation/><Execution ProcessID='4' ThreadID='4228'/><Channel>Security</Channel><Computer>DESKTOP-T77A2JK</Computer><Security/></System><EventData><Data Name='SubjectUserSid'>S-1-5-18</Data><Data Name='SubjectUserName'>DESKTOP-T77A2JK$</Data><Data Name='SubjectDomainName'>WORKGROUP</Data><Data Name='SubjectLogonId'>0x3e7</Data><Data Name='ObjectServer'>Security</Data><Data Name='ObjectType'>File</Data><Data Name='ObjectName'>C:\Windows\Microsoft.NET\Framework64\v4.0.30319\SOS.dll</Data><Data Name='HandleId'>0x24e8</Data><Data Name='OldSd'>S:AINO_ACCESS_CONTROL</Data><Data Name='NewSd'>S:ARAI(AU;SAFA;DCLCRPCRSDWDWO;;;WD)</Data><Data Name='ProcessId'>0x1158</Data><Data Name='ProcessName'>C:\Windows\WinSxS\amd64_microsoft-windows-servicingstack_31bf3856ad364e35_10.0.19041.3745_none_7ded3f327ca60a41\TiWorker.exe</Data></EventData></Event><Event xmlns='http://schemas.microsoft.com/win/2004/08/events/event'><System><Provider Name='Microsoft-Windows-Security-Auditing' Guid='{54849625-5478-4994-a5ba-3e3b0328c30d}'/><EventID>4907</EventID><Version>0</Version><Level>0</Level><Task>13568</Task><Opcode>0</Opcode><Keywords>0x8020000000000000</Keywords><TimeCreated SystemTime='2025-10-30T00:47:39.6509544Z'/><EventRecordID>1783</EventRecordID><Correlation/><Execution ProcessID='4' ThreadID='4228'/><Channel>Security</Channel><Computer>DESKTOP-T77A2JK</Computer><Security/></System><EventData><Data Name='SubjectUserSid'>S-1-5-18</Data><Data Name='SubjectUserName'>DESKTOP-T77A2JK$</Data><Data Name='SubjectDomainName'>WORKGROUP</Data><Data Name='SubjectLogonId'>0x3e7</Data><Data Name='ObjectServer'>Security</Data><Data Name='ObjectType'>File</Data><Data Name='ObjectName'>C:\Windows\Microsoft.NET\Framework64\v4.0.30319\ServiceMonikerSupport.dll</Data><Data Name='HandleId'>0x11c0</Data><Data Name='OldSd'>S:AINO_ACCESS_CONTROL</Data><Data Name='NewSd'>S:ARAI(AU;SAFA;DCLCRPCRSDWDWO;;;WD)</Data><Data Name='ProcessId'>0x1158</Data><Data Name='ProcessName'>C:\Windows\WinSxS\amd64_microsoft-windows-servicingstack_31bf3856ad364e35_10.0.19041.3745_none_7ded3f327ca60a41\TiWorker.exe</Data></EventData></Event><Event xmlns='http://schemas.microsoft.com/win/2004/08/events/event'><System><Provider Name='Microsoft-Windows-Security-Auditing' Guid='{54849625-5478-4994-a5ba-3e3b0328c30d}'/><EventID>4907</EventID><Version>0</Version><Level>0</Level><Task>13568</Task><Opcode>0</Opcode><Keywords>0x8020000000000000</Keywords><TimeCreated SystemTime='2025-10-30T00:47:39.6494959Z'/><EventRecordID>1782</EventRecordID><Correlation/><Execution ProcessID='4' ThreadID='4228'/><Channel>Security</Channel><Computer>DESKTOP-T77A2JK</Computer><Security/></System><EventData><Data Name='SubjectUserSid'>S-1-5-18</Data><Data Name='SubjectUserName'>DESKTOP-T77A2JK$</Data><Data Name='SubjectDomainName'>WORKGROUP</Data><Data Name='SubjectLogonId'>0x3e7</Data><Data Name='ObjectServer'>Security</Data><Data Name='ObjectType'>File</Data><Data Name='ObjectName'>C:\Windows\Microsoft.NET\Framework64\v4.0.30319\ServiceModelRegUI.dll</Data><Data Name='HandleId'>0x24e8</Data><Data Name='OldSd'>S:AINO_ACCESS_CONTROL</Data><Data Name='NewSd'>S:ARAI(AU;SAFA;DCLCRPCRSDWDWO;;;WD)</Data><Data Name='ProcessId'>0x1158</Data><Data Name='ProcessName'>C:\Windows\WinSxS\amd64_microsoft-windows-servicingstack_31bf3856ad364e35_10.0.19041.3745_none_7ded3f327ca60a41\TiWorker.exe</Data></EventData></Event><Event xmlns='http://schemas.microsoft.com/win/2004/08/events/event'><System><Provider Name='Microsoft-Windows-Security-Auditing' Guid='{54849625-5478-4994-a5ba-3e3b0328c30d}'/><EventID>4907</EventID><Version>0</Version><Level>0</Level><Task>13568</Task><Opcode>0</Opcode><Keywords>0x8020000000000000</Keywords><TimeCreated SystemTime='2025-10-30T00:47:39.6482728Z'/><EventRecordID>1781</EventRecordID><Correlation/><Execution ProcessID='4' ThreadID='4228'/><Channel>Security</Channel><Computer>DESKTOP-T77A2JK</Computer><Security/></System><EventData><Data Name='SubjectUserSid'>S-1-5-18</Data><Data Name='SubjectUserName'>DESKTOP-T77A2JK$</Data><Data Name='SubjectDomainName'>WORKGROUP</Data><Data Name='SubjectLogonId'>0x3e7</Data><Data Name='ObjectServer'>Security</Data><Data Name='ObjectType'>File</Data><Data Name='ObjectName'>C:\Windows\Microsoft.NET\Framework64\v4.0.30319\ServiceModelReg.exe</Data><Data Name='HandleId'>0x10e0</Data><Data Name='OldSd'>S:AINO_ACCESS_CONTROL</Data><Data Name='NewSd'>S:ARAI(AU;SAFA;DCLCRPCRSDWDWO;;;WD)</Data><Data Name='ProcessId'>0x1158</Data><Data Name='ProcessName'>C:\Windows\WinSxS\amd64_microsoft-windows-servicingstack_31bf3856ad364e35_10.0.19041.3745_none_7ded3f327ca60a41\TiWorker.exe</Data></EventData></Event><Event xmlns='http://schemas.microsoft.com/win/2004/08/events/event'><System><Provider Name='Microsoft-Windows-Security-Auditing' Guid='{54849625-5478-4994-a5ba-3e3b0328c30d}'/><EventID>4907</EventID><Version>0</Version><Level>0</Level><Task>13568</Task><Opcode>0</Opcode><Keywords>0x8020000000000000</Keywords><TimeCreated SystemTime='2025-10-30T00:47:39.6469684Z'/><EventRecordID>1780</EventRecordID><Correlation/><Execution ProcessID='4' ThreadID='4048'/><Channel>Security</Channel><Computer>DESKTOP-T77A2JK</Computer><Security/></System><EventData><Data Name='SubjectUserSid'>S-1-5-18</Data><Data Name='SubjectUserName'>DESKTOP-T77A2JK$</Data><Data Name='SubjectDomainName'>WORKGROUP</Data><Data Name='SubjectLogonId'>0x3e7</Data><Data Name='ObjectServer'>Security</Data><Data Name='ObjectType'>File</Data><Data Name='ObjectName'>C:\Windows\Microsoft.NET\Framework64\v4.0.30319\ServiceModelPerformanceCounters.dll</Data><Data Name='HandleId'>0x11c0</Data><Data Name='OldSd'>S:AINO_ACCESS_CONTROL</Data><Data Name='NewSd'>S:ARAI(AU;SAFA;DCLCRPCRSDWDWO;;;WD)</Data><Data Name='ProcessId'>0x1158</Data><Data Name='ProcessName'>C:\Windows\WinSxS\amd64_microsoft-windows-servicingstack_31bf3856ad364e35_10.0.19041.3745_none_7ded3f327ca60a41\TiWorker.exe</Data></EventData></Event><Event xmlns='http://schemas.microsoft.com/win/2004/08/events/event'><System><Provider Name='Microsoft-Windows-Security-Auditing' Guid='{54849625-5478-4994-a5ba-3e3b0328c30d}'/><EventID>4907</EventID><Version>0</Version><Level>0</Level><Task>13568</Task><Opcode>0</Opcode><Keywords>0x8020000000000000</Keywords><TimeCreated SystemTime='2025-10-30T00:47:39.6455548Z'/><EventRecordID>1779</EventRecordID><Correlation/><Execution ProcessID='4' ThreadID='3664'/><Channel>Security</Channel><Computer>DESKTOP-T77A2JK</Computer><Security/></System><EventData><Data Name='SubjectUserSid'>S-1-5-18</Data><Data Name='SubjectUserName'>DESKTOP-T77A2JK$</Data><Data Name='SubjectDomainName'>WORKGROUP</Data><Data Name='SubjectLogonId'>0x3e7</Data><Data Name='ObjectServer'>Security</Data><Data Name='ObjectType'>File</Data><Data Name='ObjectName'>C:\Windows\Microsoft.NET\Framework64\v4.0.30319\ServiceModelInstallRC.dll</Data><Data Name='HandleId'>0xc14</Data><Data Name='OldSd'>S:AINO_ACCESS_CONTROL</Data><Data Name='NewSd'>S:ARAI(AU;SAFA;DCLCRPCRSDWDWO;;;WD)</Data><Data Name='ProcessId'>0x1158</Data><Data Name='ProcessName'>C:\Windows\WinSxS\amd64_microsoft-windows-servicingstack_31bf3856ad364e35_10.0.19041.3745_none_7ded3f327ca60a41\TiWorker.exe</Data></EventData></Event><Event xmlns='http://schemas.microsoft.com/win/2004/08/events/event'><System><Provider Name='Microsoft-Windows-Security-Auditing' Guid='{54849625-5478-4994-a5ba-3e3b0328c30d}'/><EventID>4907</EventID><Version>0</Version><Level>0</Level><Task>13568</Task><Opcode>0</Opcode><Keywords>0x8020000000000000</Keywords><TimeCreated SystemTime='2025-10-30T00:47:39.6444264Z'/><EventRecordID>1778</EventRecordID><Correlation/><Execution ProcessID='4' ThreadID='4048'/><Channel>Security</Channel><Computer>DESKTOP-T77A2JK</Computer><Security/></System><EventData><Data Name='SubjectUserSid'>S-1-5-18</Data><Data Name='SubjectUserName'>DESKTOP-T77A2JK$</Data><Data Name='SubjectDomainName'>WORKGROUP</Data><Data Name='SubjectLogonId'>0x3e7</Data><Data Name='ObjectServer'>Security</Data><Data Name='ObjectType'>File</Data><Data Name='ObjectName'>C:\Windows\Microsoft.NET\Framework64\v4.0.30319\ServiceModelEvents.dll</Data><Data Name='HandleId'>0x10e0</Data><Data Name='OldSd'>S:AINO_ACCESS_CONTROL</Data><Data Name='NewSd'>S:ARAI(AU;SAFA;DCLCRPCRSDWDWO;;;WD)</Data><Data Name='ProcessId'>0x1158</Data><Data Name='ProcessName'>C:\Windows\WinSxS\amd64_microsoft-windows-servicingstack_31bf3856ad364e35_10.0.19041.3745_none_7ded3f327ca60a41\TiWorker.exe</Data></EventData></Event><Event xmlns='http://schemas.microsoft.com/win/2004/08/events/event'><System><Provider Name='Microsoft-Windows-Security-Auditing' Guid='{54849625-5478-4994-a5ba-3e3b0328c30d}'/><EventID>4907</EventID><Version>0</Version><Level>0</Level><Task>13568</Task><Opcode>0</Opcode><Keywords>0x8020000000000000</Keywords><TimeCreated SystemTime='2025-10-30T00:47:39.6432981Z'/><EventRecordID>1777</EventRecordID><Correlation/><Execution ProcessID='4' ThreadID='3664'/><Channel>Security</Channel><Computer>DESKTOP-T77A2JK</Computer><Security/></System><EventData><Data Name='SubjectUserSid'>S-1-5-18</Data><Data Name='SubjectUserName'>DESKTOP-T77A2JK$</Data><Data Name='SubjectDomainName'>WORKGROUP</Data><Data Name='SubjectLogonId'>0x3e7</Data><Data Name='ObjectServer'>Security</Data><Data Name='ObjectType'>File</Data><Data Name='ObjectName'>C:\Windows\Microsoft.NET\Framework64\v4.0.30319\SbsNclPerf.dll</Data><Data Name='HandleId'>0x11c0</Data><Data Name='OldSd'>S:AINO_ACCESS_CONTROL</Data><Data Name='NewSd'>S:ARAI(AU;SAFA;DCLCRPCRSDWDWO;;;WD)</Data><Data Name='ProcessId'>0x1158</Data><Data Name='ProcessName'>C:\Windows\WinSxS\amd64_microsoft-windows-servicingstack_31bf3856ad364e35_10.0.19041.3745_none_7ded3f327ca60a41\TiWorker.exe</Data></EventData></Event><Event xmlns='http://schemas.microsoft.com/win/2004/08/events/event'><System><Provider Name='Microsoft-Windows-Security-Auditing' Guid='{54849625-5478-4994-a5ba-3e3b0328c30d}'/><EventID>4907</EventID><Version>0</Version><Level>0</Level><Task>13568</Task><Opcode>0</Opcode><Keywords>0x8020000000000000</Keywords><TimeCreated SystemTime='2025-10-30T00:47:39.6418247Z'/><EventRecordID>1776</EventRecordID><Correlation/><Execution ProcessID='4' ThreadID='3664'/><Channel>Security</Channel><Computer>DESKTOP-T77A2JK</Computer><Security/></System><EventData><Data Name='SubjectUserSid'>S-1-5-18</Data><Data Name='SubjectUserName'>DESKTOP-T77A2JK$</Data><Data Name='SubjectDomainName'>WORKGROUP</Data><Data Name='SubjectLogonId'>0x3e7</Data><Data Name='ObjectServer'>Security</Data><Data Name='ObjectType'>File</Data><Data Name='ObjectName'>C:\Windows\Microsoft.NET\Framework64\v4.0.30319\RegSvcs.exe</Data><Data Name='HandleId'>0xc14</Data><Data Name='OldSd'>S:AINO_ACCESS_CONTROL</Data><Data Name='NewSd'>S:ARAI(AU;SAFA;DCLCRPCRSDWDWO;;;WD)</Data><Data Name='ProcessId'>0x1158</Data><Data Name='ProcessName'>C:\Windows\WinSxS\amd64_microsoft-windows-servicingstack_31bf3856ad364e35_10.0.19041.3745_none_7ded3f327ca60a41\TiWorker.exe</Data></EventData></Event><Event xmlns='http://schemas.microsoft.com/win/2004/08/events/event'><System><Provider Name='Microsoft-Windows-Security-Auditing' Guid='{54849625-5478-4994-a5ba-3e3b0328c30d}'/><EventID>4907</EventID><Version>0</Version><Level>0</Level><Task>13568</Task><Opcode>0</Opcode><Keywords>0x8020000000000000</Keywords><TimeCreated SystemTime='2025-10-30T00:47:39.6406120Z'/><EventRecordID>1775</EventRecordID><Correlation/><Execution ProcessID='4' ThreadID='4048'/><Channel>Security</Channel><Computer>DESKTOP-T77A2JK</Computer><Security/></System><EventData><Data Name='SubjectUserSid'>S-1-5-18</Data><Data Name='SubjectUserName'>DESKTOP-T77A2JK$</Data><Data Name='SubjectDomainName'>WORKGROUP</Data><Data Name='SubjectLogonId'>0x3e7</Data><Data Name='ObjectServer'>Security</Data><Data Name='ObjectType'>File</Data><Data Name='ObjectName'>C:\Windows\Microsoft.NET\Framework64\v4.0.30319\RegAsm.exe</Data><Data Name='HandleId'>0x11c0</Data><Data Name='OldSd'>S:AINO_ACCESS_CONTROL</Data><Data Name='NewSd'>S:ARAI(AU;SAFA;DCLCRPCRSDWDWO;;;WD)</Data><Data Name='ProcessId'>0x1158</Data><Data Name='ProcessName'>C:\Windows\WinSxS\amd64_microsoft-windows-servicingstack_31bf3856ad364e35_10.0.19041.3745_none_7ded3f327ca60a41\TiWorker.exe</Data></EventData></Event><Event xmlns='http://schemas.microsoft.com/win/2004/08/events/event'><System><Provider Name='Microsoft-Windows-Security-Auditing' Guid='{54849625-5478-4994-a5ba-3e3b0328c30d}'/><EventID>4907</EventID><Version>0</Version><Level>0</Level><Task>13568</Task><Opcode>0</Opcode><Keywords>0x8020000000000000</Keywords><TimeCreated SystemTime='2025-10-30T00:47:39.6395140Z'/><EventRecordID>1774</EventRecordID><Correlation/><Execution ProcessID='4' ThreadID='4048'/><Channel>Security</Channel><Computer>DESKTOP-T77A2JK</Computer><Security/></System><EventData><Data Name='SubjectUserSid'>S-1-5-18</Data><Data Name='SubjectUserName'>DESKTOP-T77A2JK$</Data><Data Name='SubjectDomainName'>WORKGROUP</Data><Data Name='SubjectLogonId'>0x3e7</Data><Data Name='ObjectServer'>Security</Data><Data Name='ObjectType'>File</Data><Data Name='ObjectName'>C:\Windows\Microsoft.NET\Framework64\v4.0.30319\peverify.dll</Data><Data Name='HandleId'>0xc14</Data><Data Name='OldSd'>S:AINO_ACCESS_CONTROL</Data><Data Name='NewSd'>S:ARAI(AU;SAFA;DCLCRPCRSDWDWO;;;WD)</Data><Data Name='ProcessId'>0x1158</Data><Data Name='ProcessName'>C:\Windows\WinSxS\amd64_microsoft-windows-servicingstack_31bf3856ad364e35_10.0.19041.3745_none_7ded3f327ca60a41\TiWorker.exe</Data></EventData></Event><Event xmlns='http://schemas.microsoft.com/win/2004/08/events/event'><System><Provider Name='Microsoft-Windows-Security-Auditing' Guid='{54849625-5478-4994-a5ba-3e3b0328c30d}'/><EventID>4907</EventID><Version>0</Version><Level>0</Level><Task>13568</Task><Opcode>0</Opcode><Keywords>0x8020000000000000</Keywords><TimeCreated SystemTime='2025-10-30T00:47:39.6378797Z'/><EventRecordID>1773</EventRecordID><Correlation/><Execution ProcessID='4' ThreadID='4048'/><Channel>Security</Channel><Computer>DESKTOP-T77A2JK</Computer><Security/></System><EventData><Data Name='SubjectUserSid'>S-1-5-18</Data><Data Name='SubjectUserName'>DESKTOP-T77A2JK$</Data><Data Name='SubjectDomainName'>WORKGROUP</Data><Data Name='SubjectLogonId'>0x3e7</Data><Data Name='ObjectServer'>Security</Data><Data Name='ObjectType'>File</Data><Data Name='ObjectName'>C:\Windows\Microsoft.NET\Framework64\v4.0.30319\PerfCounter.dll</Data><Data Name='HandleId'>0x24d8</Data><Data Name='OldSd'>S:AINO_ACCESS_CONTROL</Data><Data Name='NewSd'>S:ARAI(AU;SAFA;DCLCRPCRSDWDWO;;;WD)</Data><Data Name='ProcessId'>0x1158</Data><Data Name='ProcessName'>C:\Windows\WinSxS\amd64_microsoft-windows-servicingstack_31bf3856ad364e35_10.0.19041.3745_none_7ded3f327ca60a41\TiWorker.exe</Data></EventData></Event><Event xmlns='http://schemas.microsoft.com/win/2004/08/events/event'><System><Provider Name='Microsoft-Windows-Security-Auditing' Guid='{54849625-5478-4994-a5ba-3e3b0328c30d}'/><EventID>4907</EventID><Version>0</Version><Level>0</Level><Task>13568</Task><Opcode>0</Opcode><Keywords>0x8020000000000000</Keywords><TimeCreated SystemTime='2025-10-30T00:47:39.6364523Z'/><EventRecordID>1772</EventRecordID><Correlation/><Execution ProcessID='4' ThreadID='4048'/><Channel>Security</Channel><Computer>DESKTOP-T77A2JK</Computer><Security/></System><EventData><Data Name='SubjectUserSid'>S-1-5-18</Data><Data Name='SubjectUserName'>DESKTOP-T77A2JK$</Data><Data Name='SubjectDomainName'>WORKGROUP</Data><Data Name='SubjectLogonId'>0x3e7</Data><Data Name='ObjectServer'>Security</Data><Data Name='ObjectType'>File</Data><Data Name='ObjectName'>C:\Windows\Microsoft.NET\Framework64\v4.0.30319\ngentasklauncher.dll</Data><Data Name='HandleId'>0x614</Data><Data Name='OldSd'>S:AINO_ACCESS_CONTROL</Data><Data Name='NewSd'>S:ARAI(AU;SAFA;DCLCRPCRSDWDWO;;;WD)</Data><Data Name='ProcessId'>0x1158</Data><Data Name='ProcessName'>C:\Windows\WinSxS\amd64_microsoft-windows-servicingstack_31bf3856ad364e35_10.0.19041.3745_none_7ded3f327ca60a41\TiWorker.exe</Data></EventData></Event><Event xmlns='http://schemas.microsoft.com/win/2004/08/events/event'><System><Provider Name='Microsoft-Windows-Security-Auditing' Guid='{54849625-5478-4994-a5ba-3e3b0328c30d}'/><EventID>4907</EventID><Version>0</Version><Level>0</Level><Task>13568</Task><Opcode>0</Opcode><Keywords>0x8020000000000000</Keywords><TimeCreated SystemTime='2025-10-30T00:47:39.6352506Z'/><EventRecordID>1771</EventRecordID><Correlation/><Execution ProcessID='4' ThreadID='3664'/><Channel>Security</Channel><Computer>DESKTOP-T77A2JK</Computer><Security/></System><EventData><Data Name='SubjectUserSid'>S-1-5-18</Data><Data Name='SubjectUserName'>DESKTOP-T77A2JK$</Data><Data Name='SubjectDomainName'>WORKGROUP</Data><Data Name='SubjectLogonId'>0x3e7</Data><Data Name='ObjectServer'>Security</Data><Data Name='ObjectType'>File</Data><Data Name='ObjectName'>C:\Windows\Microsoft.NET\Framework64\v4.0.30319\ngentask.exe</Data><Data Name='HandleId'>0xc14</Data><Data Name='OldSd'>S:AINO_ACCESS_CONTROL</Data><Data Name='NewSd'>S:ARAI(AU;SAFA;DCLCRPCRSDWDWO;;;WD)</Data><Data Name='ProcessId'>0x1158</Data><Data Name='ProcessName'>C:\Windows\WinSxS\amd64_microsoft-windows-servicingstack_31bf3856ad364e35_10.0.19041.3745_none_7ded3f327ca60a41\TiWorker.exe</Data></EventData></Event><Event xmlns='http://schemas.microsoft.com/win/2004/08/events/event'><System><Provider Name='Microsoft-Windows-Security-Auditing' Guid='{54849625-5478-4994-a5ba-3e3b0328c30d}'/><EventID>4907</EventID><Version>0</Version><Level>0</Level><Task>13568</Task><Opcode>0</Opcode><Keywords>0x8020000000000000</Keywords><TimeCreated SystemTime='2025-10-30T00:47:39.6338303Z'/><EventRecordID>1770</EventRecordID><Correlation/><Execution ProcessID='4' ThreadID='3664'/><Channel>Security</Channel><Computer>DESKTOP-T77A2JK</Computer><Security/></System><EventData><Data Name='SubjectUserSid'>S-1-5-18</Data><Data Name='SubjectUserName'>DESKTOP-T77A2JK$</Data><Data Name='SubjectDomainName'>WORKGROUP</Data><Data Name='SubjectLogonId'>0x3e7</Data><Data Name='ObjectServer'>Security</Data><Data Name='ObjectType'>File</Data><Data Name='ObjectName'>C:\Windows\Microsoft.NET\Framework64\v4.0.30319\ngen.exe</Data><Data Name='HandleId'>0x2268</Data><Data Name='OldSd'>S:AINO_ACCESS_CONTROL</Data><Data Name='NewSd'>S:ARAI(AU;SAFA;DCLCRPCRSDWDWO;;;WD)</Data><Data Name='ProcessId'>0x1158</Data><Data Name='ProcessName'>C:\Windows\WinSxS\amd64_microsoft-windows-servicingstack_31bf3856ad364e35_10.0.19041.3745_none_7ded3f327ca60a41\TiWorker.exe</Data></EventData></Event><Event xmlns='http://schemas.microsoft.com/win/2004/08/events/event'><System><Provider Name='Microsoft-Windows-Security-Auditing' Guid='{54849625-5478-4994-a5ba-3e3b0328c30d}'/><EventID>4907</EventID><Version>0</Version><Level>0</Level><Task>13568</Task><Opcode>0</Opcode><Keywords>0x8020000000000000</Keywords><TimeCreated SystemTime='2025-10-30T00:47:39.6315775Z'/><EventRecordID>1769</EventRecordID><Correlation/><Execution ProcessID='4' ThreadID='4048'/><Channel>Security</Channel><Computer>DESKTOP-T77A2JK</Computer><Security/></System><EventData><Data Name='SubjectUserSid'>S-1-5-18</Data><Data Name='SubjectUserName'>DESKTOP-T77A2JK$</Data><Data Name='SubjectDomainName'>WORKGROUP</Data><Data Name='SubjectLogonId'>0x3e7</Data><Data Name='ObjectServer'>Security</Data><Data Name='ObjectType'>File</Data><Data Name='ObjectName'>C:\Windows\Microsoft.NET\Framework64\v4.0.30319\mscorsvw.exe</Data><Data Name='HandleId'>0x614</Data><Data Name='OldSd'>S:AINO_ACCESS_CONTROL</Data><Data Name='NewSd'>S:ARAI(AU;SAFA;DCLCRPCRSDWDWO;;;WD)</Data><Data Name='ProcessId'>0x1158</Data><Data Name='ProcessName'>C:\Windows\WinSxS\amd64_microsoft-windows-servicingstack_31bf3856ad364e35_10.0.19041.3745_none_7ded3f327ca60a41\TiWorker.exe</Data></EventData></Event><Event xmlns='http://schemas.microsoft.com/win/2004/08/events/event'><System><Provider Name='Microsoft-Windows-Security-Auditing' Guid='{54849625-5478-4994-a5ba-3e3b0328c30d}'/><EventID>4907</EventID><Version>0</Version><Level>0</Level><Task>13568</Task><Opcode>0</Opcode><Keywords>0x8020000000000000</Keywords><TimeCreated SystemTime='2025-10-30T00:47:39.6301169Z'/><EventRecordID>1768</EventRecordID><Correlation/><Execution ProcessID='4' ThreadID='4048'/><Channel>Security</Channel><Computer>DESKTOP-T77A2JK</Computer><Security/></System><EventData><Data Name='SubjectUserSid'>S-1-5-18</Data><Data Name='SubjectUserName'>DESKTOP-T77A2JK$</Data><Data Name='SubjectDomainName'>WORKGROUP</Data><Data Name='SubjectLogonId'>0x3e7</Data><Data Name='ObjectServer'>Security</Data><Data Name='ObjectType'>File</Data><Data Name='ObjectName'>C:\Windows\Microsoft.NET\Framework64\v4.0.30319\mscorsvc.dll</Data><Data Name='HandleId'>0xc14</Data><Data Name='OldSd'>S:AINO_ACCESS_CONTROL</Data><Data Name='NewSd'>S:ARAI(AU;SAFA;DCLCRPCRSDWDWO;;;WD)</Data><Data Name='ProcessId'>0x1158</Data><Data Name='ProcessName'>C:\Windows\WinSxS\amd64_microsoft-windows-servicingstack_31bf3856ad364e35_10.0.19041.3745_none_7ded3f327ca60a41\TiWorker.exe</Data></EventData></Event><Event xmlns='http://schemas.microsoft.com/win/2004/08/events/event'><System><Provider Name='Microsoft-Windows-Security-Auditing' Guid='{54849625-5478-4994-a5ba-3e3b0328c30d}'/><EventID>4907</EventID><Version>0</Version><Level>0</Level><Task>13568</Task><Opcode>0</Opcode><Keywords>0x8020000000000000</Keywords><TimeCreated SystemTime='2025-10-30T00:47:39.6288002Z'/><EventRecordID>1767</EventRecordID><Correlation/><Execution ProcessID='4' ThreadID='4048'/><Channel>Security</Channel><Computer>DESKTOP-T77A2JK</Computer><Security/></System><EventData><Data Name='SubjectUserSid'>S-1-5-18</Data><Data Name='SubjectUserName'>DESKTOP-T77A2JK$</Data><Data Name='SubjectDomainName'>WORKGROUP</Data><Data Name='SubjectLogonId'>0x3e7</Data><Data Name='ObjectServer'>Security</Data><Data Name='ObjectType'>File</Data><Data Name='ObjectName'>C:\Windows\Microsoft.NET\Framework64\v4.0.30319\mscorsn.dll</Data><Data Name='HandleId'>0x2268</Data><Data Name='OldSd'>S:AINO_ACCESS_CONTROL</Data><Data Name='NewSd'>S:ARAI(AU;SAFA;DCLCRPCRSDWDWO;;;WD)</Data><Data Name='ProcessId'>0x1158</Data><Data Name='ProcessName'>C:\Windows\WinSxS\amd64_microsoft-windows-servicingstack_31bf3856ad364e35_10.0.19041.3745_none_7ded3f327ca60a41\TiWorker.exe</Data></EventData></Event><Event xmlns='http://schemas.microsoft.com/win/2004/08/events/event'><System><Provider Name='Microsoft-Windows-Security-Auditing' Guid='{54849625-5478-4994-a5ba-3e3b0328c30d}'/><EventID>4907</EventID><Version>0</Version><Level>0</Level><Task>13568</Task><Opcode>0</Opcode><Keywords>0x8020000000000000</Keywords><TimeCreated SystemTime='2025-10-30T00:47:39.6276711Z'/><EventRecordID>1766</EventRecordID><Correlation/><Execution ProcessID='4' ThreadID='4048'/><Channel>Security</Channel><Computer>DESKTOP-T77A2JK</Computer><Security/></System><EventData><Data Name='SubjectUserSid'>S-1-5-18</Data><Data Name='SubjectUserName'>DESKTOP-T77A2JK$</Data><Data Name='SubjectDomainName'>WORKGROUP</Data><Data Name='SubjectLogonId'>0x3e7</Data><Data Name='ObjectServer'>Security</Data><Data Name='ObjectType'>File</Data><Data Name='ObjectName'>C:\Windows\Microsoft.NET\Framework64\v4.0.30319\mscorsecimpl.dll</Data><Data Name='HandleId'>0x614</Data><Data Name='OldSd'>S:AINO_ACCESS_CONTROL</Data><Data Name='NewSd'>S:ARAI(AU;SAFA;DCLCRPCRSDWDWO;;;WD)</Data><Data Name='ProcessId'>0x1158</Data><Data Name='ProcessName'>C:\Windows\WinSxS\amd64_microsoft-windows-servicingstack_31bf3856ad364e35_10.0.19041.3745_none_7ded3f327ca60a41\TiWorker.exe</Data></EventData></Event><Event xmlns='http://schemas.microsoft.com/win/2004/08/events/event'><System><Provider Name='Microsoft-Windows-Security-Auditing' Guid='{54849625-5478-4994-a5ba-3e3b0328c30d}'/><EventID>4907</EventID><Version>0</Version><Level>0</Level><Task>13568</Task><Opcode>0</Opcode><Keywords>0x8020000000000000</Keywords><TimeCreated SystemTime='2025-10-30T00:47:39.6261612Z'/><EventRecordID>1765</EventRecordID><Correlation/><Execution ProcessID='4' ThreadID='3664'/><Channel>Security</Channel><Computer>DESKTOP-T77A2JK</Computer><Security/></System><EventData><Data Name='SubjectUserSid'>S-1-5-18</Data><Data Name='SubjectUserName'>DESKTOP-T77A2JK$</Data><Data Name='SubjectDomainName'>WORKGROUP</Data><Data Name='SubjectLogonId'>0x3e7</Data><Data Name='ObjectServer'>Security</Data><Data Name='ObjectType'>File</Data><Data Name='ObjectName'>C:\Windows\Microsoft.NET\Framework64\v4.0.30319\mscorrc.dll</Data><Data Name='HandleId'>0xc14</Data><Data Name='OldSd'>S:AINO_ACCESS_CONTROL</Data><Data Name='NewSd'>S:ARAI(AU;SAFA;DCLCRPCRSDWDWO;;;WD)</Data><Data Name='ProcessId'>0x1158</Data><Data Name='ProcessName'>C:\Windows\WinSxS\amd64_microsoft-windows-servicingstack_31bf3856ad364e35_10.0.19041.3745_none_7ded3f327ca60a41\TiWorker.exe</Data></EventData></Event><Event xmlns='http://schemas.microsoft.com/win/2004/08/events/event'><System><Provider Name='Microsoft-Windows-Security-Auditing' Guid='{54849625-5478-4994-a5ba-3e3b0328c30d}'/><EventID>4907</EventID><Version>0</Version><Level>0</Level><Task>13568</Task><Opcode>0</Opcode><Keywords>0x8020000000000000</Keywords><TimeCreated SystemTime='2025-10-30T00:47:39.6253253Z'/><EventRecordID>1764</EventRecordID><Correlation/><Execution ProcessID='4' ThreadID='4048'/><Channel>Security</Channel><Computer>DESKTOP-T77A2JK</Computer><Security/></System><EventData><Data Name='SubjectUserSid'>S-1-5-18</Data><Data Name='SubjectUserName'>DESKTOP-T77A2JK$</Data><Data Name='SubjectDomainName'>WORKGROUP</Data><Data Name='SubjectLogonId'>0x3e7</Data><Data Name='ObjectServer'>Security</Data><Data Name='ObjectType'>File</Data><Data Name='ObjectName'>C:\Windows\Microsoft.NET\Framework64\v4.0.30319\mscorpehost.dll</Data><Data Name='HandleId'>0x11c0</Data><Data Name='OldSd'>S:AINO_ACCESS_CONTROL</Data><Data Name='NewSd'>S:ARAI(AU;SAFA;DCLCRPCRSDWDWO;;;WD)</Data><Data Name='ProcessId'>0x1158</Data><Data Name='ProcessName'>C:\Windows\WinSxS\amd64_microsoft-windows-servicingstack_31bf3856ad364e35_10.0.19041.3745_none_7ded3f327ca60a41\TiWorker.exe</Data></EventData></Event><Event xmlns='http://schemas.microsoft.com/win/2004/08/events/event'><System><Provider Name='Microsoft-Windows-Security-Auditing' Guid='{54849625-5478-4994-a5ba-3e3b0328c30d}'/><EventID>4907</EventID><Version>0</Version><Level>0</Level><Task>13568</Task><Opcode>0</Opcode><Keywords>0x8020000000000000</Keywords><TimeCreated SystemTime='2025-10-30T00:47:39.6241715Z'/><EventRecordID>1763</EventRecordID><Correlation/><Execution ProcessID='4' ThreadID='4048'/><Channel>Security</Channel><Computer>DESKTOP-T77A2JK</Computer><Security/></System><EventData><Data Name='SubjectUserSid'>S-1-5-18</Data><Data Name='SubjectUserName'>DESKTOP-T77A2JK$</Data><Data Name='SubjectDomainName'>WORKGROUP</Data><Data Name='SubjectLogonId'>0x3e7</Data><Data Name='ObjectServer'>Security</Data><Data Name='ObjectType'>File</Data><Data Name='ObjectName'>C:\Windows\Microsoft.NET\Framework64\v4.0.30319\mscorpe.dll</Data><Data Name='HandleId'>0x2268</Data><Data Name='OldSd'>S:AINO_ACCESS_CONTROL</Data><Data Name='NewSd'>S:ARAI(AU;SAFA;DCLCRPCRSDWDWO;;;WD)</Data><Data Name='ProcessId'>0x1158</Data><Data Name='ProcessName'>C:\Windows\WinSxS\amd64_microsoft-windows-servicingstack_31bf3856ad364e35_10.0.19041.3745_none_7ded3f327ca60a41\TiWorker.exe</Data></EventData></Event><Event xmlns='http://schemas.microsoft.com/win/2004/08/events/event'><System><Provider Name='Microsoft-Windows-Security-Auditing' Guid='{54849625-5478-4994-a5ba-3e3b0328c30d}'/><EventID>4907</EventID><Version>0</Version><Level>0</Level><Task>13568</Task><Opcode>0</Opcode><Keywords>0x8020000000000000</Keywords><TimeCreated SystemTime='2025-10-30T00:47:39.6230400Z'/><EventRecordID>1762</EventRecordID><Correlation/><Execution ProcessID='4' ThreadID='3664'/><Channel>Security</Channel><Computer>DESKTOP-T77A2JK</Computer><Security/></System><EventData><Data Name='SubjectUserSid'>S-1-5-18</Data><Data Name='SubjectUserName'>DESKTOP-T77A2JK$</Data><Data Name='SubjectDomainName'>WORKGROUP</Data><Data Name='SubjectLogonId'>0x3e7</Data><Data Name='ObjectServer'>Security</Data><Data Name='ObjectType'>File</Data><Data Name='ObjectName'>C:\Windows\Microsoft.NET\Framework64\v4.0.30319\mscorlib.dll</Data><Data Name='HandleId'>0xc14</Data><Data Name='OldSd'>S:AINO_ACCESS_CONTROL</Data><Data Name='NewSd'>S:ARAI(AU;SAFA;DCLCRPCRSDWDWO;;;WD)</Data><Data Name='ProcessId'>0x1158</Data><Data Name='ProcessName'>C:\Windows\WinSxS\amd64_microsoft-windows-servicingstack_31bf3856ad364e35_10.0.19041.3745_none_7ded3f327ca60a41\TiWorker.exe</Data></EventData></Event><Event xmlns='http://schemas.microsoft.com/win/2004/08/events/event'><System><Provider Name='Microsoft-Windows-Security-Auditing' Guid='{54849625-5478-4994-a5ba-3e3b0328c30d}'/><EventID>4907</EventID><Version>0</Version><Level>0</Level><Task>13568</Task><Opcode>0</Opcode><Keywords>0x8020000000000000</Keywords><TimeCreated SystemTime='2025-10-30T00:47:39.6217003Z'/><EventRecordID>1761</EventRecordID><Correlation/><Execution ProcessID='4' ThreadID='4048'/><Channel>Security</Channel><Computer>DESKTOP-T77A2JK</Computer><Security/></System><EventData><Data Name='SubjectUserSid'>S-1-5-18</Data><Data Name='SubjectUserName'>DESKTOP-T77A2JK$</Data><Data Name='SubjectDomainName'>WORKGROUP</Data><Data Name='SubjectLogonId'>0x3e7</Data><Data Name='ObjectServer'>Security</Data><Data Name='ObjectType'>File</Data><Data Name='ObjectName'>C:\Windows\Microsoft.NET\Framework64\v4.0.30319\mscoreeis.dll</Data><Data Name='HandleId'>0x2268</Data><Data Name='OldSd'>S:AINO_ACCESS_CONTROL</Data><Data Name='NewSd'>S:ARAI(AU;SAFA;DCLCRPCRSDWDWO;;;WD)</Data><Data Name='ProcessId'>0x1158</Data><Data Name='ProcessName'>C:\Windows\WinSxS\amd64_microsoft-windows-servicingstack_31bf3856ad364e35_10.0.19041.3745_none_7ded3f327ca60a41\TiWorker.exe</Data></EventData></Event><Event xmlns='http://schemas.microsoft.com/win/2004/08/events/event'><System><Provider Name='Microsoft-Windows-Security-Auditing' Guid='{54849625-5478-4994-a5ba-3e3b0328c30d}'/><EventID>4907</EventID><Version>0</Version><Level>0</Level><Task>13568</Task><Opcode>0</Opcode><Keywords>0x8020000000000000</Keywords><TimeCreated SystemTime='2025-10-30T00:47:39.6203772Z'/><EventRecordID>1760</EventRecordID><Correlation/><Execution ProcessID='4' ThreadID='3664'/><Channel>Security</Channel><Computer>DESKTOP-T77A2JK</Computer><Security/></System><EventData><Data Name='SubjectUserSid'>S-1-5-18</Data><Data Name='SubjectUserName'>DESKTOP-T77A2JK$</Data><Data Name='SubjectDomainName'>WORKGROUP</Data><Data Name='SubjectLogonId'>0x3e7</Data><Data Name='ObjectServer'>Security</Data><Data Name='ObjectType'>File</Data><Data Name='ObjectName'>C:\Windows\Microsoft.NET\Framework64\v4.0.30319\mscoreei.dll</Data><Data Name='HandleId'>0x11c0</Data><Data Name='OldSd'>S:AINO_ACCESS_CONTROL</Data><Data Name='NewSd'>S:ARAI(AU;SAFA;DCLCRPCRSDWDWO;;;WD)</Data><Data Name='ProcessId'>0x1158</Data><Data Name='ProcessName'>C:\Windows\WinSxS\amd64_microsoft-windows-servicingstack_31bf3856ad364e35_10.0.19041.3745_none_7ded3f327ca60a41\TiWorker.exe</Data></EventData></Event>