<Event xmlns='http://schemas.microsoft.com/win/2004/08/events/event'><System><Provider Name='Microsoft-Windows-Security-Auditing' Guid='{54849625-5478-4994-a5ba-3e3b0328c30d}'/><EventID>5379</EventID><Version>0</Version><Level>0</Level><Task>13824</Task><Opcode>0</Opcode><Keywords>0x8020000000000000</Keywords><TimeCreated SystemTime='2025-10-30T17:21:04.7147747Z'/><EventRecordID>1954</EventRecordID><Correlation ActivityID='{855799e3-48f6-0000-a19a-5785f648dc01}'/><Execution ProcessID='676' ThreadID='2716'/><Channel>Security</Channel><Computer>DESKTOP-T77A2JK</Computer><Security/></System><EventData><Data Name='SubjectUserSid'>S-1-5-19</Data><Data Name='SubjectUserName'>LOCAL SERVICE</Data><Data Name='SubjectDomainName'>NT AUTHORITY</Data><Data Name='SubjectLogonId'>0x3e5</Data><Data Name='TargetName'>MicrosoftAccount:user=02qjpiclnzhctiqf</Data><Data Name='Type'>0</Data><Data Name='CountOfCredentialsReturned'>0</Data><Data Name='ReadOperation'>%%8100</Data><Data Name='ReturnCode'>3221226021</Data><Data Name='ProcessCreationTime'>2025-10-30T17:21:04.4033053Z</Data><Data Name='ClientProcessId'>8324</Data></EventData></Event><Event xmlns='http://schemas.microsoft.com/win/2004/08/events/event'><System><Provider Name='Microsoft-Windows-Security-Auditing' Guid='{54849625-5478-4994-a5ba-3e3b0328c30d}'/><EventID>5379</EventID><Version>0</Version><Level>0</Level><Task>13824</Task><Opcode>0</Opcode><Keywords>0x8020000000000000</Keywords><TimeCreated SystemTime='2025-10-30T17:21:04.7125809Z'/><EventRecordID>1953</EventRecordID><Correlation ActivityID='{855799e3-48f6-0000-a19a-5785f648dc01}'/><Execution ProcessID='676' ThreadID='2716'/><Channel>Security</Channel><Computer>DESKTOP-T77A2JK</Computer><Security/></System><EventData><Data Name='SubjectUserSid'>S-1-5-19</Data><Data Name='SubjectUserName'>LOCAL SERVICE</Data><Data Name='SubjectDomainName'>NT AUTHORITY</Data><Data Name='SubjectLogonId'>0x3e5</Data><Data Name='TargetName'>WindowsLive:(cert):name=02qjpiclnzhctiqf;serviceuri=*</Data><Data Name='Type'>0</Data><Data Name='CountOfCredentialsReturned'>0</Data><Data Name='ReadOperation'>%%8100</Data><Data Name='ReturnCode'>3221226021</Data><Data Name='ProcessCreationTime'>2025-10-30T17:21:04.4033053Z</Data><Data Name='ClientProcessId'>8324</Data></EventData></Event><Event xmlns='http://schemas.microsoft.com/win/2004/08/events/event'><System><Provider Name='Microsoft-Windows-Security-Auditing' Guid='{54849625-5478-4994-a5ba-3e3b0328c30d}'/><EventID>5379</EventID><Version>0</Version><Level>0</Level><Task>13824</Task><Opcode>0</Opcode><Keywords>0x8020000000000000</Keywords><TimeCreated SystemTime='2025-10-30T17:21:04.7124299Z'/><EventRecordID>1952</EventRecordID><Correlation ActivityID='{855799e3-48f6-0000-a19a-5785f648dc01}'/><Execution ProcessID='676' ThreadID='2716'/><Channel>Security</Channel><Computer>DESKTOP-T77A2JK</Computer><Security/></System><EventData><Data Name='SubjectUserSid'>S-1-5-19</Data><Data Name='SubjectUserName'>LOCAL SERVICE</Data><Data Name='SubjectDomainName'>NT AUTHORITY</Data><Data Name='SubjectLogonId'>0x3e5</Data><Data Name='TargetName'>WindowsLive:(token):name=02qjpiclnzhctiqf;serviceuri=*</Data><Data Name='Type'>0</Data><Data Name='CountOfCredentialsReturned'>0</Data><Data Name='ReadOperation'>%%8100</Data><Data Name='ReturnCode'>3221226021</Data><Data Name='ProcessCreationTime'>2025-10-30T17:21:04.4033053Z</Data><Data Name='ClientProcessId'>8324</Data></EventData></Event><Event xmlns='http://schemas.microsoft.com/win/2004/08/events/event'><System><Provider Name='Microsoft-Windows-Security-Auditing' Guid='{54849625-5478-4994-a5ba-3e3b0328c30d}'/><EventID>5379</EventID><Version>0</Version><Level>0</Level><Task>13824</Task><Opcode>0</Opcode><Keywords>0x8020000000000000</Keywords><TimeCreated SystemTime='2025-10-30T17:21:04.7123675Z'/><EventRecordID>1951</EventRecordID><Correlation ActivityID='{855799e3-48f6-0000-a19a-5785f648dc01}'/><Execution ProcessID='676' ThreadID='2716'/><Channel>Security</Channel><Computer>DESKTOP-T77A2JK</Computer><Security/></System><EventData><Data Name='SubjectUserSid'>S-1-5-19</Data><Data Name='SubjectUserName'>LOCAL SERVICE</Data><Data Name='SubjectDomainName'>NT AUTHORITY</Data><Data Name='SubjectLogonId'>0x3e5</Data><Data Name='TargetName'>MicrosoftAccount:user=02qjpiclnzhctiqf</Data><Data Name='Type'>0</Data><Data Name='CountOfCredentialsReturned'>0</Data><Data Name='ReadOperation'>%%8100</Data><Data Name='ReturnCode'>3221226021</Data><Data Name='ProcessCreationTime'>2025-10-30T17:21:04.4033053Z</Data><Data Name='ClientProcessId'>8324</Data></EventData></Event><Event xmlns='http://schemas.microsoft.com/win/2004/08/events/event'><System><Provider Name='Microsoft-Windows-Security-Auditing' Guid='{54849625-5478-4994-a5ba-3e3b0328c30d}'/><EventID>5379</EventID><Version>0</Version><Level>0</Level><Task>13824</Task><Opcode>0</Opcode><Keywords>0x8020000000000000</Keywords><TimeCreated SystemTime='2025-10-30T17:21:04.7061369Z'/><EventRecordID>1950</EventRecordID><Correlation ActivityID='{855799e3-48f6-0000-a19a-5785f648dc01}'/><Execution ProcessID='676' ThreadID='2716'/><Channel>Security</Channel><Computer>DESKTOP-T77A2JK</Computer><Security/></System><EventData><Data Name='SubjectUserSid'>S-1-5-19</Data><Data Name='SubjectUserName'>LOCAL SERVICE</Data><Data Name='SubjectDomainName'>NT AUTHORITY</Data><Data Name='SubjectLogonId'>0x3e5</Data><Data Name='TargetName'>MicrosoftAccount:user=02qjpiclnzhctiqf</Data><Data Name='Type'>0</Data><Data Name='CountOfCredentialsReturned'>0</Data><Data Name='ReadOperation'>%%8100</Data><Data Name='ReturnCode'>3221226021</Data><Data Name='ProcessCreationTime'>2025-10-30T17:21:04.4033053Z</Data><Data Name='ClientProcessId'>8324</Data></EventData></Event><Event xmlns='http://schemas.microsoft.com/win/2004/08/events/event'><System><Provider Name='Microsoft-Windows-Security-Auditing' Guid='{54849625-5478-4994-a5ba-3e3b0328c30d}'/><EventID>5379</EventID><Version>0</Version><Level>0</Level><Task>13824</Task><Opcode>0</Opcode><Keywords>0x8020000000000000</Keywords><TimeCreated SystemTime='2025-10-30T17:21:04.7040583Z'/><EventRecordID>1949</EventRecordID><Correlation ActivityID='{855799e3-48f6-0000-a19a-5785f648dc01}'/><Execution ProcessID='676' ThreadID='2716'/><Channel>Security</Channel><Computer>DESKTOP-T77A2JK</Computer><Security/></System><EventData><Data Name='SubjectUserSid'>S-1-5-19</Data><Data Name='SubjectUserName'>LOCAL SERVICE</Data><Data Name='SubjectDomainName'>NT AUTHORITY</Data><Data Name='SubjectLogonId'>0x3e5</Data><Data Name='TargetName'>WindowsLive:(cert):name=02qjpiclnzhctiqf;serviceuri=*</Data><Data Name='Type'>0</Data><Data Name='CountOfCredentialsReturned'>0</Data><Data Name='ReadOperation'>%%8100</Data><Data Name='ReturnCode'>3221226021</Data><Data Name='ProcessCreationTime'>2025-10-30T17:21:04.4033053Z</Data><Data Name='ClientProcessId'>8324</Data></EventData></Event><Event xmlns='http://schemas.microsoft.com/win/2004/08/events/event'><System><Provider Name='Microsoft-Windows-Security-Auditing' Guid='{54849625-5478-4994-a5ba-3e3b0328c30d}'/><EventID>5379</EventID><Version>0</Version><Level>0</Level><Task>13824</Task><Opcode>0</Opcode><Keywords>0x8020000000000000</Keywords><TimeCreated SystemTime='2025-10-30T17:21:04.7039152Z'/><EventRecordID>1948</EventRecordID><Correlation ActivityID='{855799e3-48f6-0000-a19a-5785f648dc01}'/><Execution ProcessID='676' ThreadID='2716'/><Channel>Security</Channel><Computer>DESKTOP-T77A2JK</Computer><Security/></System><EventData><Data Name='SubjectUserSid'>S-1-5-19</Data><Data Name='SubjectUserName'>LOCAL SERVICE</Data><Data Name='SubjectDomainName'>NT AUTHORITY</Data><Data Name='SubjectLogonId'>0x3e5</Data><Data Name='TargetName'>WindowsLive:(token):name=02qjpiclnzhctiqf;serviceuri=*</Data><Data Name='Type'>0</Data><Data Name='CountOfCredentialsReturned'>0</Data><Data Name='ReadOperation'>%%8100</Data><Data Name='ReturnCode'>3221226021</Data><Data Name='ProcessCreationTime'>2025-10-30T17:21:04.4033053Z</Data><Data Name='ClientProcessId'>8324</Data></EventData></Event><Event xmlns='http://schemas.microsoft.com/win/2004/08/events/event'><System><Provider Name='Microsoft-Windows-Security-Auditing' Guid='{54849625-5478-4994-a5ba-3e3b0328c30d}'/><EventID>5379</EventID><Version>0</Version><Level>0</Level><Task>13824</Task><Opcode>0</Opcode><Keywords>0x8020000000000000</Keywords><TimeCreated SystemTime='2025-10-30T17:21:04.7038811Z'/><EventRecordID>1947</EventRecordID><Correlation ActivityID='{855799e3-48f6-0000-a19a-5785f648dc01}'/><Execution ProcessID='676' ThreadID='2716'/><Channel>Security</Channel><Computer>DESKTOP-T77A2JK</Computer><Security/></System><EventData><Data Name='SubjectUserSid'>S-1-5-19</Data><Data Name='SubjectUserName'>LOCAL SERVICE</Data><Data Name='SubjectDomainName'>NT AUTHORITY</Data><Data Name='SubjectLogonId'>0x3e5</Data><Data Name='TargetName'>MicrosoftAccount:user=02qjpiclnzhctiqf</Data><Data Name='Type'>0</Data><Data Name='CountOfCredentialsReturned'>0</Data><Data Name='ReadOperation'>%%8100</Data><Data Name='ReturnCode'>3221226021</Data><Data Name='ProcessCreationTime'>2025-10-30T17:21:04.4033053Z</Data><Data Name='ClientProcessId'>8324</Data></EventData></Event><Event xmlns='http://schemas.microsoft.com/win/2004/08/events/event'><System><Provider Name='Microsoft-Windows-Security-Auditing' Guid='{54849625-5478-4994-a5ba-3e3b0328c30d}'/><EventID>5379</EventID><Version>0</Version><Level>0</Level><Task>13824</Task><Opcode>0</Opcode><Keywords>0x8020000000000000</Keywords><TimeCreated SystemTime='2025-10-30T17:21:04.6976200Z'/><EventRecordID>1946</EventRecordID><Correlation ActivityID='{855799e3-48f6-0000-a19a-5785f648dc01}'/><Execution ProcessID='676' ThreadID='2716'/><Channel>Security</Channel><Computer>DESKTOP-T77A2JK</Computer><Security/></System><EventData><Data Name='SubjectUserSid'>S-1-5-19</Data><Data Name='SubjectUserName'>LOCAL SERVICE</Data><Data Name='SubjectDomainName'>NT AUTHORITY</Data><Data Name='SubjectLogonId'>0x3e5</Data><Data Name='TargetName'>MicrosoftAccount:user=02qjpiclnzhctiqf</Data><Data Name='Type'>0</Data><Data Name='CountOfCredentialsReturned'>0</Data><Data Name='ReadOperation'>%%8100</Data><Data Name='ReturnCode'>3221226021</Data><Data Name='ProcessCreationTime'>2025-10-30T17:21:04.4033053Z</Data><Data Name='ClientProcessId'>8324</Data></EventData></Event><Event xmlns='http://schemas.microsoft.com/win/2004/08/events/event'><System><Provider Name='Microsoft-Windows-Security-Auditing' Guid='{54849625-5478-4994-a5ba-3e3b0328c30d}'/><EventID>5379</EventID><Version>0</Version><Level>0</Level><Task>13824</Task><Opcode>0</Opcode><Keywords>0x8020000000000000</Keywords><TimeCreated SystemTime='2025-10-30T17:21:04.6955404Z'/><EventRecordID>1945</EventRecordID><Correlation ActivityID='{855799e3-48f6-0000-a19a-5785f648dc01}'/><Execution ProcessID='676' ThreadID='2716'/><Channel>Security</Channel><Computer>DESKTOP-T77A2JK</Computer><Security/></System><EventData><Data Name='SubjectUserSid'>S-1-5-19</Data><Data Name='SubjectUserName'>LOCAL SERVICE</Data><Data Name='SubjectDomainName'>NT AUTHORITY</Data><Data Name='SubjectLogonId'>0x3e5</Data><Data Name='TargetName'>WindowsLive:(cert):name=02qjpiclnzhctiqf;serviceuri=*</Data><Data Name='Type'>0</Data><Data Name='CountOfCredentialsReturned'>0</Data><Data Name='ReadOperation'>%%8100</Data><Data Name='ReturnCode'>3221226021</Data><Data Name='ProcessCreationTime'>2025-10-30T17:21:04.4033053Z</Data><Data Name='ClientProcessId'>8324</Data></EventData></Event><Event xmlns='http://schemas.microsoft.com/win/2004/08/events/event'><System><Provider Name='Microsoft-Windows-Security-Auditing' Guid='{54849625-5478-4994-a5ba-3e3b0328c30d}'/><EventID>5379</EventID><Version>0</Version><Level>0</Level><Task>13824</Task><Opcode>0</Opcode><Keywords>0x8020000000000000</Keywords><TimeCreated SystemTime='2025-10-30T17:21:04.6954091Z'/><EventRecordID>1944</EventRecordID><Correlation ActivityID='{855799e3-48f6-0000-a19a-5785f648dc01}'/><Execution ProcessID='676' ThreadID='2716'/><Channel>Security</Channel><Computer>DESKTOP-T77A2JK</Computer><Security/></System><EventData><Data Name='SubjectUserSid'>S-1-5-19</Data><Data Name='SubjectUserName'>LOCAL SERVICE</Data><Data Name='SubjectDomainName'>NT AUTHORITY</Data><Data Name='SubjectLogonId'>0x3e5</Data><Data Name='TargetName'>WindowsLive:(token):name=02qjpiclnzhctiqf;serviceuri=*</Data><Data Name='Type'>0</Data><Data Name='CountOfCredentialsReturned'>0</Data><Data Name='ReadOperation'>%%8100</Data><Data Name='ReturnCode'>3221226021</Data><Data Name='ProcessCreationTime'>2025-10-30T17:21:04.4033053Z</Data><Data Name='ClientProcessId'>8324</Data></EventData></Event><Event xmlns='http://schemas.microsoft.com/win/2004/08/events/event'><System><Provider Name='Microsoft-Windows-Security-Auditing' Guid='{54849625-5478-4994-a5ba-3e3b0328c30d}'/><EventID>5379</EventID><Version>0</Version><Level>0</Level><Task>13824</Task><Opcode>0</Opcode><Keywords>0x8020000000000000</Keywords><TimeCreated SystemTime='2025-10-30T17:21:04.6953773Z'/><EventRecordID>1943</EventRecordID><Correlation ActivityID='{855799e3-48f6-0000-a19a-5785f648dc01}'/><Execution ProcessID='676' ThreadID='2716'/><Channel>Security</Channel><Computer>DESKTOP-T77A2JK</Computer><Security/></System><EventData><Data Name='SubjectUserSid'>S-1-5-19</Data><Data Name='SubjectUserName'>LOCAL SERVICE</Data><Data Name='SubjectDomainName'>NT AUTHORITY</Data><Data Name='SubjectLogonId'>0x3e5</Data><Data Name='TargetName'>MicrosoftAccount:user=02qjpiclnzhctiqf</Data><Data Name='Type'>0</Data><Data Name='CountOfCredentialsReturned'>0</Data><Data Name='ReadOperation'>%%8100</Data><Data Name='ReturnCode'>3221226021</Data><Data Name='ProcessCreationTime'>2025-10-30T17:21:04.4033053Z</Data><Data Name='ClientProcessId'>8324</Data></EventData></Event><Event xmlns='http://schemas.microsoft.com/win/2004/08/events/event'><System><Provider Name='Microsoft-Windows-Security-Auditing' Guid='{54849625-5478-4994-a5ba-3e3b0328c30d}'/><EventID>5379</EventID><Version>0</Version><Level>0</Level><Task>13824</Task><Opcode>0</Opcode><Keywords>0x8020000000000000</Keywords><TimeCreated SystemTime='2025-10-30T17:21:04.6882569Z'/><EventRecordID>1942</EventRecordID><Correlation ActivityID='{855799e3-48f6-0000-a19a-5785f648dc01}'/><Execution ProcessID='676' ThreadID='2716'/><Channel>Security</Channel><Computer>DESKTOP-T77A2JK</Computer><Security/></System><EventData><Data Name='SubjectUserSid'>S-1-5-19</Data><Data Name='SubjectUserName'>LOCAL SERVICE</Data><Data Name='SubjectDomainName'>NT AUTHORITY</Data><Data Name='SubjectLogonId'>0x3e5</Data><Data Name='TargetName'>MicrosoftAccount:user=02qjpiclnzhctiqf</Data><Data Name='Type'>0</Data><Data Name='CountOfCredentialsReturned'>0</Data><Data Name='ReadOperation'>%%8100</Data><Data Name='ReturnCode'>3221226021</Data><Data Name='ProcessCreationTime'>2025-10-30T17:21:04.4033053Z</Data><Data Name='ClientProcessId'>8324</Data></EventData></Event><Event xmlns='http://schemas.microsoft.com/win/2004/08/events/event'><System><Provider Name='Microsoft-Windows-Security-Auditing' Guid='{54849625-5478-4994-a5ba-3e3b0328c30d}'/><EventID>5379</EventID><Version>0</Version><Level>0</Level><Task>13824</Task><Opcode>0</Opcode><Keywords>0x8020000000000000</Keywords><TimeCreated SystemTime='2025-10-30T17:21:04.6862053Z'/><EventRecordID>1941</EventRecordID><Correlation ActivityID='{855799e3-48f6-0000-a19a-5785f648dc01}'/><Execution ProcessID='676' ThreadID='2716'/><Channel>Security</Channel><Computer>DESKTOP-T77A2JK</Computer><Security/></System><EventData><Data Name='SubjectUserSid'>S-1-5-19</Data><Data Name='SubjectUserName'>LOCAL SERVICE</Data><Data Name='SubjectDomainName'>NT AUTHORITY</Data><Data Name='SubjectLogonId'>0x3e5</Data><Data Name='TargetName'>WindowsLive:(cert):name=02qjpiclnzhctiqf;serviceuri=*</Data><Data Name='Type'>0</Data><Data Name='CountOfCredentialsReturned'>0</Data><Data Name='ReadOperation'>%%8100</Data><Data Name='ReturnCode'>3221226021</Data><Data Name='ProcessCreationTime'>2025-10-30T17:21:04.4033053Z</Data><Data Name='ClientProcessId'>8324</Data></EventData></Event><Event xmlns='http://schemas.microsoft.com/win/2004/08/events/event'><System><Provider Name='Microsoft-Windows-Security-Auditing' Guid='{54849625-5478-4994-a5ba-3e3b0328c30d}'/><EventID>5379</EventID><Version>0</Version><Level>0</Level><Task>13824</Task><Opcode>0</Opcode><Keywords>0x8020000000000000</Keywords><TimeCreated SystemTime='2025-10-30T17:21:04.6860760Z'/><EventRecordID>1940</EventRecordID><Correlation ActivityID='{855799e3-48f6-0000-a19a-5785f648dc01}'/><Execution ProcessID='676' ThreadID='2716'/><Channel>Security</Channel><Computer>DESKTOP-T77A2JK</Computer><Security/></System><EventData><Data Name='SubjectUserSid'>S-1-5-19</Data><Data Name='SubjectUserName'>LOCAL SERVICE</Data><Data Name='SubjectDomainName'>NT AUTHORITY</Data><Data Name='SubjectLogonId'>0x3e5</Data><Data Name='TargetName'>WindowsLive:(token):name=02qjpiclnzhctiqf;serviceuri=*</Data><Data Name='Type'>0</Data><Data Name='CountOfCredentialsReturned'>0</Data><Data Name='ReadOperation'>%%8100</Data><Data Name='ReturnCode'>3221226021</Data><Data Name='ProcessCreationTime'>2025-10-30T17:21:04.4033053Z</Data><Data Name='ClientProcessId'>8324</Data></EventData></Event><Event xmlns='http://schemas.microsoft.com/win/2004/08/events/event'><System><Provider Name='Microsoft-Windows-Security-Auditing' Guid='{54849625-5478-4994-a5ba-3e3b0328c30d}'/><EventID>5379</EventID><Version>0</Version><Level>0</Level><Task>13824</Task><Opcode>0</Opcode><Keywords>0x8020000000000000</Keywords><TimeCreated SystemTime='2025-10-30T17:21:04.6860250Z'/><EventRecordID>1939</EventRecordID><Correlation ActivityID='{855799e3-48f6-0000-a19a-5785f648dc01}'/><Execution ProcessID='676' ThreadID='2716'/><Channel>Security</Channel><Computer>DESKTOP-T77A2JK</Computer><Security/></System><EventData><Data Name='SubjectUserSid'>S-1-5-19</Data><Data Name='SubjectUserName'>LOCAL SERVICE</Data><Data Name='SubjectDomainName'>NT AUTHORITY</Data><Data Name='SubjectLogonId'>0x3e5</Data><Data Name='TargetName'>MicrosoftAccount:user=02qjpiclnzhctiqf</Data><Data Name='Type'>0</Data><Data Name='CountOfCredentialsReturned'>0</Data><Data Name='ReadOperation'>%%8100</Data><Data Name='ReturnCode'>3221226021</Data><Data Name='ProcessCreationTime'>2025-10-30T17:21:04.4033053Z</Data><Data Name='ClientProcessId'>8324</Data></EventData></Event><Event xmlns='http://schemas.microsoft.com/win/2004/08/events/event'><System><Provider Name='Microsoft-Windows-Security-Auditing' Guid='{54849625-5478-4994-a5ba-3e3b0328c30d}'/><EventID>5379</EventID><Version>0</Version><Level>0</Level><Task>13824</Task><Opcode>0</Opcode><Keywords>0x8020000000000000</Keywords><TimeCreated SystemTime='2025-10-30T17:21:04.6800222Z'/><EventRecordID>1938</EventRecordID><Correlation ActivityID='{855799e3-48f6-0000-a19a-5785f648dc01}'/><Execution ProcessID='676' ThreadID='2716'/><Channel>Security</Channel><Computer>DESKTOP-T77A2JK</Computer><Security/></System><EventData><Data Name='SubjectUserSid'>S-1-5-19</Data><Data Name='SubjectUserName'>LOCAL SERVICE</Data><Data Name='SubjectDomainName'>NT AUTHORITY</Data><Data Name='SubjectLogonId'>0x3e5</Data><Data Name='TargetName'>MicrosoftAccount:user=02qjpiclnzhctiqf</Data><Data Name='Type'>0</Data><Data Name='CountOfCredentialsReturned'>0</Data><Data Name='ReadOperation'>%%8100</Data><Data Name='ReturnCode'>3221226021</Data><Data Name='ProcessCreationTime'>2025-10-30T17:21:04.4033053Z</Data><Data Name='ClientProcessId'>8324</Data></EventData></Event><Event xmlns='http://schemas.microsoft.com/win/2004/08/events/event'><System><Provider Name='Microsoft-Windows-Security-Auditing' Guid='{54849625-5478-4994-a5ba-3e3b0328c30d}'/><EventID>5379</EventID><Version>0</Version><Level>0</Level><Task>13824</Task><Opcode>0</Opcode><Keywords>0x8020000000000000</Keywords><TimeCreated SystemTime='2025-10-30T17:21:04.6777606Z'/><EventRecordID>1937</EventRecordID><Correlation ActivityID='{855799e3-48f6-0000-a19a-5785f648dc01}'/><Execution ProcessID='676' ThreadID='2716'/><Channel>Security</Channel><Computer>DESKTOP-T77A2JK</Computer><Security/></System><EventData><Data Name='SubjectUserSid'>S-1-5-19</Data><Data Name='SubjectUserName'>LOCAL SERVICE</Data><Data Name='SubjectDomainName'>NT AUTHORITY</Data><Data Name='SubjectLogonId'>0x3e5</Data><Data Name='TargetName'>WindowsLive:(cert):name=02qjpiclnzhctiqf;serviceuri=*</Data><Data Name='Type'>0</Data><Data Name='CountOfCredentialsReturned'>0</Data><Data Name='ReadOperation'>%%8100</Data><Data Name='ReturnCode'>3221226021</Data><Data Name='ProcessCreationTime'>2025-10-30T17:21:04.4033053Z</Data><Data Name='ClientProcessId'>8324</Data></EventData></Event><Event xmlns='http://schemas.microsoft.com/win/2004/08/events/event'><System><Provider Name='Microsoft-Windows-Security-Auditing' Guid='{54849625-5478-4994-a5ba-3e3b0328c30d}'/><EventID>5379</EventID><Version>0</Version><Level>0</Level><Task>13824</Task><Opcode>0</Opcode><Keywords>0x8020000000000000</Keywords><TimeCreated SystemTime='2025-10-30T17:21:04.6776064Z'/><EventRecordID>1936</EventRecordID><Correlation ActivityID='{855799e3-48f6-0000-a19a-5785f648dc01}'/><Execution ProcessID='676' ThreadID='2716'/><Channel>Security</Channel><Computer>DESKTOP-T77A2JK</Computer><Security/></System><EventData><Data Name='SubjectUserSid'>S-1-5-19</Data><Data Name='SubjectUserName'>LOCAL SERVICE</Data><Data Name='SubjectDomainName'>NT AUTHORITY</Data><Data Name='SubjectLogonId'>0x3e5</Data><Data Name='TargetName'>WindowsLive:(token):name=02qjpiclnzhctiqf;serviceuri=*</Data><Data Name='Type'>0</Data><Data Name='CountOfCredentialsReturned'>0</Data><Data Name='ReadOperation'>%%8100</Data><Data Name='ReturnCode'>3221226021</Data><Data Name='ProcessCreationTime'>2025-10-30T17:21:04.4033053Z</Data><Data Name='ClientProcessId'>8324</Data></EventData></Event><Event xmlns='http://schemas.microsoft.com/win/2004/08/events/event'><System><Provider Name='Microsoft-Windows-Security-Auditing' Guid='{54849625-5478-4994-a5ba-3e3b0328c30d}'/><EventID>5379</EventID><Version>0</Version><Level>0</Level><Task>13824</Task><Opcode>0</Opcode><Keywords>0x8020000000000000</Keywords><TimeCreated SystemTime='2025-10-30T17:21:04.6775750Z'/><EventRecordID>1935</EventRecordID><Correlation ActivityID='{855799e3-48f6-0000-a19a-5785f648dc01}'/><Execution ProcessID='676' ThreadID='2716'/><Channel>Security</Channel><Computer>DESKTOP-T77A2JK</Computer><Security/></System><EventData><Data Name='SubjectUserSid'>S-1-5-19</Data><Data Name='SubjectUserName'>LOCAL SERVICE</Data><Data Name='SubjectDomainName'>NT AUTHORITY</Data><Data Name='SubjectLogonId'>0x3e5</Data><Data Name='TargetName'>MicrosoftAccount:user=02qjpiclnzhctiqf</Data><Data Name='Type'>0</Data><Data Name='CountOfCredentialsReturned'>0</Data><Data Name='ReadOperation'>%%8100</Data><Data Name='ReturnCode'>3221226021</Data><Data Name='ProcessCreationTime'>2025-10-30T17:21:04.4033053Z</Data><Data Name='ClientProcessId'>8324</Data></EventData></Event><Event xmlns='http://schemas.microsoft.com/win/2004/08/events/event'><System><Provider Name='Microsoft-Windows-Security-Auditing' Guid='{54849625-5478-4994-a5ba-3e3b0328c30d}'/><EventID>5379</EventID><Version>0</Version><Level>0</Level><Task>13824</Task><Opcode>0</Opcode><Keywords>0x8020000000000000</Keywords><TimeCreated SystemTime='2025-10-30T17:21:04.6718026Z'/><EventRecordID>1934</EventRecordID><Correlation ActivityID='{855799e3-48f6-0000-a19a-5785f648dc01}'/><Execution ProcessID='676' ThreadID='2716'/><Channel>Security</Channel><Computer>DESKTOP-T77A2JK</Computer><Security/></System><EventData><Data Name='SubjectUserSid'>S-1-5-19</Data><Data Name='SubjectUserName'>LOCAL SERVICE</Data><Data Name='SubjectDomainName'>NT AUTHORITY</Data><Data Name='SubjectLogonId'>0x3e5</Data><Data Name='TargetName'>MicrosoftAccount:user=02qjpiclnzhctiqf</Data><Data Name='Type'>0</Data><Data Name='CountOfCredentialsReturned'>0</Data><Data Name='ReadOperation'>%%8100</Data><Data Name='ReturnCode'>3221226021</Data><Data Name='ProcessCreationTime'>2025-10-30T17:21:04.4033053Z</Data><Data Name='ClientProcessId'>8324</Data></EventData></Event><Event xmlns='http://schemas.microsoft.com/win/2004/08/events/event'><System><Provider Name='Microsoft-Windows-Security-Auditing' Guid='{54849625-5478-4994-a5ba-3e3b0328c30d}'/><EventID>5379</EventID><Version>0</Version><Level>0</Level><Task>13824</Task><Opcode>0</Opcode><Keywords>0x8020000000000000</Keywords><TimeCreated SystemTime='2025-10-30T17:21:04.6695688Z'/><EventRecordID>1933</EventRecordID><Correlation ActivityID='{855799e3-48f6-0000-a19a-5785f648dc01}'/><Execution ProcessID='676' ThreadID='2716'/><Channel>Security</Channel><Computer>DESKTOP-T77A2JK</Computer><Security/></System><EventData><Data Name='SubjectUserSid'>S-1-5-19</Data><Data Name='SubjectUserName'>LOCAL SERVICE</Data><Data Name='SubjectDomainName'>NT AUTHORITY</Data><Data Name='SubjectLogonId'>0x3e5</Data><Data Name='TargetName'>WindowsLive:(cert):name=02qjpiclnzhctiqf;serviceuri=*</Data><Data Name='Type'>0</Data><Data Name='CountOfCredentialsReturned'>0</Data><Data Name='ReadOperation'>%%8100</Data><Data Name='ReturnCode'>3221226021</Data><Data Name='ProcessCreationTime'>2025-10-30T17:21:04.4033053Z</Data><Data Name='ClientProcessId'>8324</Data></EventData></Event><Event xmlns='http://schemas.microsoft.com/win/2004/08/events/event'><System><Provider Name='Microsoft-Windows-Security-Auditing' Guid='{54849625-5478-4994-a5ba-3e3b0328c30d}'/><EventID>5379</EventID><Version>0</Version><Level>0</Level><Task>13824</Task><Opcode>0</Opcode><Keywords>0x8020000000000000</Keywords><TimeCreated SystemTime='2025-10-30T17:21:04.6694355Z'/><EventRecordID>1932</EventRecordID><Correlation ActivityID='{855799e3-48f6-0000-a19a-5785f648dc01}'/><Execution ProcessID='676' ThreadID='2716'/><Channel>Security</Channel><Computer>DESKTOP-T77A2JK</Computer><Security/></System><EventData><Data Name='SubjectUserSid'>S-1-5-19</Data><Data Name='SubjectUserName'>LOCAL SERVICE</Data><Data Name='SubjectDomainName'>NT AUTHORITY</Data><Data Name='SubjectLogonId'>0x3e5</Data><Data Name='TargetName'>WindowsLive:(token):name=02qjpiclnzhctiqf;serviceuri=*</Data><Data Name='Type'>0</Data><Data Name='CountOfCredentialsReturned'>0</Data><Data Name='ReadOperation'>%%8100</Data><Data Name='ReturnCode'>3221226021</Data><Data Name='ProcessCreationTime'>2025-10-30T17:21:04.4033053Z</Data><Data Name='ClientProcessId'>8324</Data></EventData></Event><Event xmlns='http://schemas.microsoft.com/win/2004/08/events/event'><System><Provider Name='Microsoft-Windows-Security-Auditing' Guid='{54849625-5478-4994-a5ba-3e3b0328c30d}'/><EventID>5379</EventID><Version>0</Version><Level>0</Level><Task>13824</Task><Opcode>0</Opcode><Keywords>0x8020000000000000</Keywords><TimeCreated SystemTime='2025-10-30T17:21:04.6694027Z'/><EventRecordID>1931</EventRecordID><Correlation ActivityID='{855799e3-48f6-0000-a19a-5785f648dc01}'/><Execution ProcessID='676' ThreadID='2716'/><Channel>Security</Channel><Computer>DESKTOP-T77A2JK</Computer><Security/></System><EventData><Data Name='SubjectUserSid'>S-1-5-19</Data><Data Name='SubjectUserName'>LOCAL SERVICE</Data><Data Name='SubjectDomainName'>NT AUTHORITY</Data><Data Name='SubjectLogonId'>0x3e5</Data><Data Name='TargetName'>MicrosoftAccount:user=02qjpiclnzhctiqf</Data><Data Name='Type'>0</Data><Data Name='CountOfCredentialsReturned'>0</Data><Data Name='ReadOperation'>%%8100</Data><Data Name='ReturnCode'>3221226021</Data><Data Name='ProcessCreationTime'>2025-10-30T17:21:04.4033053Z</Data><Data Name='ClientProcessId'>8324</Data></EventData></Event><Event xmlns='http://schemas.microsoft.com/win/2004/08/events/event'><System><Provider Name='Microsoft-Windows-Security-Auditing' Guid='{54849625-5478-4994-a5ba-3e3b0328c30d}'/><EventID>5379</EventID><Version>0</Version><Level>0</Level><Task>13824</Task><Opcode>0</Opcode><Keywords>0x8020000000000000</Keywords><TimeCreated SystemTime='2025-10-30T17:21:04.6630485Z'/><EventRecordID>1930</EventRecordID><Correlation ActivityID='{855799e3-48f6-0000-a19a-5785f648dc01}'/><Execution ProcessID='676' ThreadID='2716'/><Channel>Security</Channel><Computer>DESKTOP-T77A2JK</Computer><Security/></System><EventData><Data Name='SubjectUserSid'>S-1-5-19</Data><Data Name='SubjectUserName'>LOCAL SERVICE</Data><Data Name='SubjectDomainName'>NT AUTHORITY</Data><Data Name='SubjectLogonId'>0x3e5</Data><Data Name='TargetName'>MicrosoftAccount:user=02qjpiclnzhctiqf</Data><Data Name='Type'>0</Data><Data Name='CountOfCredentialsReturned'>0</Data><Data Name='ReadOperation'>%%8100</Data><Data Name='ReturnCode'>3221226021</Data><Data Name='ProcessCreationTime'>2025-10-30T17:21:04.4033053Z</Data><Data Name='ClientProcessId'>8324</Data></EventData></Event><Event xmlns='http://schemas.microsoft.com/win/2004/08/events/event'><System><Provider Name='Microsoft-Windows-Security-Auditing' Guid='{54849625-5478-4994-a5ba-3e3b0328c30d}'/><EventID>5379</EventID><Version>0</Version><Level>0</Level><Task>13824</Task><Opcode>0</Opcode><Keywords>0x8020000000000000</Keywords><TimeCreated SystemTime='2025-10-30T17:21:04.6607194Z'/><EventRecordID>1929</EventRecordID><Correlation ActivityID='{855799e3-48f6-0000-a19a-5785f648dc01}'/><Execution ProcessID='676' ThreadID='2716'/><Channel>Security</Channel><Computer>DESKTOP-T77A2JK</Computer><Security/></System><EventData><Data Name='SubjectUserSid'>S-1-5-19</Data><Data Name='SubjectUserName'>LOCAL SERVICE</Data><Data Name='SubjectDomainName'>NT AUTHORITY</Data><Data Name='SubjectLogonId'>0x3e5</Data><Data Name='TargetName'>WindowsLive:(cert):name=02qjpiclnzhctiqf;serviceuri=*</Data><Data Name='Type'>0</Data><Data Name='CountOfCredentialsReturned'>0</Data><Data Name='ReadOperation'>%%8100</Data><Data Name='ReturnCode'>3221226021</Data><Data Name='ProcessCreationTime'>2025-10-30T17:21:04.4033053Z</Data><Data Name='ClientProcessId'>8324</Data></EventData></Event><Event xmlns='http://schemas.microsoft.com/win/2004/08/events/event'><System><Provider Name='Microsoft-Windows-Security-Auditing' Guid='{54849625-5478-4994-a5ba-3e3b0328c30d}'/><EventID>5379</EventID><Version>0</Version><Level>0</Level><Task>13824</Task><Opcode>0</Opcode><Keywords>0x8020000000000000</Keywords><TimeCreated SystemTime='2025-10-30T17:21:04.6605278Z'/><EventRecordID>1928</EventRecordID><Correlation ActivityID='{855799e3-48f6-0000-a19a-5785f648dc01}'/><Execution ProcessID='676' ThreadID='2716'/><Channel>Security</Channel><Computer>DESKTOP-T77A2JK</Computer><Security/></System><EventData><Data Name='SubjectUserSid'>S-1-5-19</Data><Data Name='SubjectUserName'>LOCAL SERVICE</Data><Data Name='SubjectDomainName'>NT AUTHORITY</Data><Data Name='SubjectLogonId'>0x3e5</Data><Data Name='TargetName'>WindowsLive:(token):name=02qjpiclnzhctiqf;serviceuri=*</Data><Data Name='Type'>0</Data><Data Name='CountOfCredentialsReturned'>0</Data><Data Name='ReadOperation'>%%8100</Data><Data Name='ReturnCode'>3221226021</Data><Data Name='ProcessCreationTime'>2025-10-30T17:21:04.4033053Z</Data><Data Name='ClientProcessId'>8324</Data></EventData></Event><Event xmlns='http://schemas.microsoft.com/win/2004/08/events/event'><System><Provider Name='Microsoft-Windows-Security-Auditing' Guid='{54849625-5478-4994-a5ba-3e3b0328c30d}'/><EventID>5379</EventID><Version>0</Version><Level>0</Level><Task>13824</Task><Opcode>0</Opcode><Keywords>0x8020000000000000</Keywords><TimeCreated SystemTime='2025-10-30T17:21:04.6604947Z'/><EventRecordID>1927</EventRecordID><Correlation ActivityID='{855799e3-48f6-0000-a19a-5785f648dc01}'/><Execution ProcessID='676' ThreadID='2716'/><Channel>Security</Channel><Computer>DESKTOP-T77A2JK</Computer><Security/></System><EventData><Data Name='SubjectUserSid'>S-1-5-19</Data><Data Name='SubjectUserName'>LOCAL SERVICE</Data><Data Name='SubjectDomainName'>NT AUTHORITY</Data><Data Name='SubjectLogonId'>0x3e5</Data><Data Name='TargetName'>MicrosoftAccount:user=02qjpiclnzhctiqf</Data><Data Name='Type'>0</Data><Data Name='CountOfCredentialsReturned'>0</Data><Data Name='ReadOperation'>%%8100</Data><Data Name='ReturnCode'>3221226021</Data><Data Name='ProcessCreationTime'>2025-10-30T17:21:04.4033053Z</Data><Data Name='ClientProcessId'>8324</Data></EventData></Event><Event xmlns='http://schemas.microsoft.com/win/2004/08/events/event'><System><Provider Name='Microsoft-Windows-Security-Auditing' Guid='{54849625-5478-4994-a5ba-3e3b0328c30d}'/><EventID>5379</EventID><Version>0</Version><Level>0</Level><Task>13824</Task><Opcode>0</Opcode><Keywords>0x8020000000000000</Keywords><TimeCreated SystemTime='2025-10-30T17:21:04.4830682Z'/><EventRecordID>1926</EventRecordID><Correlation ActivityID='{855799e3-48f6-0000-a19a-5785f648dc01}'/><Execution ProcessID='676' ThreadID='7024'/><Channel>Security</Channel><Computer>DESKTOP-T77A2JK</Computer><Security/></System><EventData><Data Name='SubjectUserSid'>S-1-5-19</Data><Data Name='SubjectUserName'>LOCAL SERVICE</Data><Data Name='SubjectDomainName'>NT AUTHORITY</Data><Data Name='SubjectLogonId'>0x3e5</Data><Data Name='TargetName'>MicrosoftAccount:user=02qjpiclnzhctiqf</Data><Data Name='Type'>0</Data><Data Name='CountOfCredentialsReturned'>0</Data><Data Name='ReadOperation'>%%8100</Data><Data Name='ReturnCode'>3221226021</Data><Data Name='ProcessCreationTime'>2025-10-30T17:21:04.4033053Z</Data><Data Name='ClientProcessId'>8324</Data></EventData></Event><Event xmlns='http://schemas.microsoft.com/win/2004/08/events/event'><System><Provider Name='Microsoft-Windows-Security-Auditing' Guid='{54849625-5478-4994-a5ba-3e3b0328c30d}'/><EventID>5379</EventID><Version>0</Version><Level>0</Level><Task>13824</Task><Opcode>0</Opcode><Keywords>0x8020000000000000</Keywords><TimeCreated SystemTime='2025-10-30T17:21:04.4782898Z'/><EventRecordID>1925</EventRecordID><Correlation ActivityID='{855799e3-48f6-0000-a19a-5785f648dc01}'/><Execution ProcessID='676' ThreadID='7024'/><Channel>Security</Channel><Computer>DESKTOP-T77A2JK</Computer><Security/></System><EventData><Data Name='SubjectUserSid'>S-1-5-21-981231234-18579961-2149632895-1001</Data><Data Name='SubjectUserName'>WIN10-SOC01</Data><Data Name='SubjectDomainName'>DESKTOP-T77A2JK</Data><Data Name='SubjectLogonId'>0x64531</Data><Data Name='TargetName'>WindowsLive:target=virtualapp/didlogical</Data><Data Name='Type'>0</Data><Data Name='CountOfCredentialsReturned'>1</Data><Data Name='ReadOperation'>%%8100</Data><Data Name='ReturnCode'>0</Data><Data Name='ProcessCreationTime'>2025-10-30T17:21:04.4033053Z</Data><Data Name='ClientProcessId'>8324</Data></EventData></Event><Event xmlns='http://schemas.microsoft.com/win/2004/08/events/event'><System><Provider Name='Microsoft-Windows-Security-Auditing' Guid='{54849625-5478-4994-a5ba-3e3b0328c30d}'/><EventID>5379</EventID><Version>0</Version><Level>0</Level><Task>13824</Task><Opcode>0</Opcode><Keywords>0x8020000000000000</Keywords><TimeCreated SystemTime='2025-10-30T17:21:04.4782306Z'/><EventRecordID>1924</EventRecordID><Correlation ActivityID='{855799e3-48f6-0000-a19a-5785f648dc01}'/><Execution ProcessID='676' ThreadID='7024'/><Channel>Security</Channel><Computer>DESKTOP-T77A2JK</Computer><Security/></System><EventData><Data Name='SubjectUserSid'>S-1-5-21-981231234-18579961-2149632895-1001</Data><Data Name='SubjectUserName'>WIN10-SOC01</Data><Data Name='SubjectDomainName'>DESKTOP-T77A2JK</Data><Data Name='SubjectLogonId'>0x64531</Data><Data Name='TargetName'>WindowsLive:(cert):name=02tvktkytqdyklih;serviceuri=*</Data><Data Name='Type'>0</Data><Data Name='CountOfCredentialsReturned'>0</Data><Data Name='ReadOperation'>%%8100</Data><Data Name='ReturnCode'>3221226021</Data><Data Name='ProcessCreationTime'>2025-10-30T17:21:04.4033053Z</Data><Data Name='ClientProcessId'>8324</Data></EventData></Event><Event xmlns='http://schemas.microsoft.com/win/2004/08/events/event'><System><Provider Name='Microsoft-Windows-Security-Auditing' Guid='{54849625-5478-4994-a5ba-3e3b0328c30d}'/><EventID>5379</EventID><Version>0</Version><Level>0</Level><Task>13824</Task><Opcode>0</Opcode><Keywords>0x8020000000000000</Keywords><TimeCreated SystemTime='2025-10-30T17:21:04.4780911Z'/><EventRecordID>1923</EventRecordID><Correlation ActivityID='{855799e3-48f6-0000-a19a-5785f648dc01}'/><Execution ProcessID='676' ThreadID='7024'/><Channel>Security</Channel><Computer>DESKTOP-T77A2JK</Computer><Security/></System><EventData><Data Name='SubjectUserSid'>S-1-5-21-981231234-18579961-2149632895-1001</Data><Data Name='SubjectUserName'>WIN10-SOC01</Data><Data Name='SubjectDomainName'>DESKTOP-T77A2JK</Data><Data Name='SubjectLogonId'>0x64531</Data><Data Name='TargetName'>WindowsLive:(token):name=02tvktkytqdyklih;serviceuri=*</Data><Data Name='Type'>0</Data><Data Name='CountOfCredentialsReturned'>0</Data><Data Name='ReadOperation'>%%8100</Data><Data Name='ReturnCode'>3221226021</Data><Data Name='ProcessCreationTime'>2025-10-30T17:21:04.4033053Z</Data><Data Name='ClientProcessId'>8324</Data></EventData></Event><Event xmlns='http://schemas.microsoft.com/win/2004/08/events/event'><System><Provider Name='Microsoft-Windows-Security-Auditing' Guid='{54849625-5478-4994-a5ba-3e3b0328c30d}'/><EventID>5379</EventID><Version>0</Version><Level>0</Level><Task>13824</Task><Opcode>0</Opcode><Keywords>0x8020000000000000</Keywords><TimeCreated SystemTime='2025-10-30T17:21:04.4600242Z'/><EventRecordID>1922</EventRecordID><Correlation ActivityID='{855799e3-48f6-0000-a19a-5785f648dc01}'/><Execution ProcessID='676' ThreadID='3204'/><Channel>Security</Channel><Computer>DESKTOP-T77A2JK</Computer><Security/></System><EventData><Data Name='SubjectUserSid'>S-1-5-19</Data><Data Name='SubjectUserName'>LOCAL SERVICE</Data><Data Name='SubjectDomainName'>NT AUTHORITY</Data><Data Name='SubjectLogonId'>0x3e5</Data><Data Name='TargetName'>WindowsLive:(cert):name=02qjpiclnzhctiqf;serviceuri=*</Data><Data Name='Type'>0</Data><Data Name='CountOfCredentialsReturned'>0</Data><Data Name='ReadOperation'>%%8100</Data><Data Name='ReturnCode'>3221226021</Data><Data Name='ProcessCreationTime'>2025-10-30T17:21:04.4033053Z</Data><Data Name='ClientProcessId'>8324</Data></EventData></Event><Event xmlns='http://schemas.microsoft.com/win/2004/08/events/event'><System><Provider Name='Microsoft-Windows-Security-Auditing' Guid='{54849625-5478-4994-a5ba-3e3b0328c30d}'/><EventID>5379</EventID><Version>0</Version><Level>0</Level><Task>13824</Task><Opcode>0</Opcode><Keywords>0x8020000000000000</Keywords><TimeCreated SystemTime='2025-10-30T17:21:04.4598861Z'/><EventRecordID>1921</EventRecordID><Correlation ActivityID='{855799e3-48f6-0000-a19a-5785f648dc01}'/><Execution ProcessID='676' ThreadID='3204'/><Channel>Security</Channel><Computer>DESKTOP-T77A2JK</Computer><Security/></System><EventData><Data Name='SubjectUserSid'>S-1-5-19</Data><Data Name='SubjectUserName'>LOCAL SERVICE</Data><Data Name='SubjectDomainName'>NT AUTHORITY</Data><Data Name='SubjectLogonId'>0x3e5</Data><Data Name='TargetName'>WindowsLive:(token):name=02qjpiclnzhctiqf;serviceuri=*</Data><Data Name='Type'>0</Data><Data Name='CountOfCredentialsReturned'>0</Data><Data Name='ReadOperation'>%%8100</Data><Data Name='ReturnCode'>3221226021</Data><Data Name='ProcessCreationTime'>2025-10-30T17:21:04.4033053Z</Data><Data Name='ClientProcessId'>8324</Data></EventData></Event><Event xmlns='http://schemas.microsoft.com/win/2004/08/events/event'><System><Provider Name='Microsoft-Windows-Security-Auditing' Guid='{54849625-5478-4994-a5ba-3e3b0328c30d}'/><EventID>5379</EventID><Version>0</Version><Level>0</Level><Task>13824</Task><Opcode>0</Opcode><Keywords>0x8020000000000000</Keywords><TimeCreated SystemTime='2025-10-30T17:21:04.4597798Z'/><EventRecordID>1920</EventRecordID><Correlation ActivityID='{855799e3-48f6-0000-a19a-5785f648dc01}'/><Execution ProcessID='676' ThreadID='3204'/><Channel>Security</Channel><Computer>DESKTOP-T77A2JK</Computer><Security/></System><EventData><Data Name='SubjectUserSid'>S-1-5-19</Data><Data Name='SubjectUserName'>LOCAL SERVICE</Data><Data Name='SubjectDomainName'>NT AUTHORITY</Data><Data Name='SubjectLogonId'>0x3e5</Data><Data Name='TargetName'>MicrosoftAccount:user=02qjpiclnzhctiqf</Data><Data Name='Type'>0</Data><Data Name='CountOfCredentialsReturned'>0</Data><Data Name='ReadOperation'>%%8100</Data><Data Name='ReturnCode'>3221226021</Data><Data Name='ProcessCreationTime'>2025-10-30T17:21:04.4033053Z</Data><Data Name='ClientProcessId'>8324</Data></EventData></Event><Event xmlns='http://schemas.microsoft.com/win/2004/08/events/event'><System><Provider Name='Microsoft-Windows-Security-Auditing' Guid='{54849625-5478-4994-a5ba-3e3b0328c30d}'/><EventID>5379</EventID><Version>0</Version><Level>0</Level><Task>13824</Task><Opcode>0</Opcode><Keywords>0x8020000000000000</Keywords><TimeCreated SystemTime='2025-10-30T17:21:04.4585524Z'/><EventRecordID>1919</EventRecordID><Correlation ActivityID='{855799e3-48f6-0000-a19a-5785f648dc01}'/><Execution ProcessID='676' ThreadID='3204'/><Channel>Security</Channel><Computer>DESKTOP-T77A2JK</Computer><Security/></System><EventData><Data Name='SubjectUserSid'>S-1-5-19</Data><Data Name='SubjectUserName'>LOCAL SERVICE</Data><Data Name='SubjectDomainName'>NT AUTHORITY</Data><Data Name='SubjectLogonId'>0x3e5</Data><Data Name='TargetName'>WindowsLive:target=virtualapp/didlogical</Data><Data Name='Type'>0</Data><Data Name='CountOfCredentialsReturned'>1</Data><Data Name='ReadOperation'>%%8100</Data><Data Name='ReturnCode'>0</Data><Data Name='ProcessCreationTime'>2025-10-30T17:21:04.4033053Z</Data><Data Name='ClientProcessId'>8324</Data></EventData></Event><Event xmlns='http://schemas.microsoft.com/win/2004/08/events/event'><System><Provider Name='Microsoft-Windows-Security-Auditing' Guid='{54849625-5478-4994-a5ba-3e3b0328c30d}'/><EventID>5379</EventID><Version>0</Version><Level>0</Level><Task>13824</Task><Opcode>0</Opcode><Keywords>0x8020000000000000</Keywords><TimeCreated SystemTime='2025-10-30T17:21:04.4585198Z'/><EventRecordID>1918</EventRecordID><Correlation ActivityID='{855799e3-48f6-0000-a19a-5785f648dc01}'/><Execution ProcessID='676' ThreadID='3204'/><Channel>Security</Channel><Computer>DESKTOP-T77A2JK</Computer><Security/></System><EventData><Data Name='SubjectUserSid'>S-1-5-19</Data><Data Name='SubjectUserName'>LOCAL SERVICE</Data><Data Name='SubjectDomainName'>NT AUTHORITY</Data><Data Name='SubjectLogonId'>0x3e5</Data><Data Name='TargetName'>WindowsLive:(cert):name=02qjpiclnzhctiqf;serviceuri=*</Data><Data Name='Type'>0</Data><Data Name='CountOfCredentialsReturned'>0</Data><Data Name='ReadOperation'>%%8100</Data><Data Name='ReturnCode'>3221226021</Data><Data Name='ProcessCreationTime'>2025-10-30T17:21:04.4033053Z</Data><Data Name='ClientProcessId'>8324</Data></EventData></Event><Event xmlns='http://schemas.microsoft.com/win/2004/08/events/event'><System><Provider Name='Microsoft-Windows-Security-Auditing' Guid='{54849625-5478-4994-a5ba-3e3b0328c30d}'/><EventID>5379</EventID><Version>0</Version><Level>0</Level><Task>13824</Task><Opcode>0</Opcode><Keywords>0x8020000000000000</Keywords><TimeCreated SystemTime='2025-10-30T17:21:04.4583164Z'/><EventRecordID>1917</EventRecordID><Correlation ActivityID='{855799e3-48f6-0000-a19a-5785f648dc01}'/><Execution ProcessID='676' ThreadID='3204'/><Channel>Security</Channel><Computer>DESKTOP-T77A2JK</Computer><Security/></System><EventData><Data Name='SubjectUserSid'>S-1-5-19</Data><Data Name='SubjectUserName'>LOCAL SERVICE</Data><Data Name='SubjectDomainName'>NT AUTHORITY</Data><Data Name='SubjectLogonId'>0x3e5</Data><Data Name='TargetName'>WindowsLive:(token):name=02qjpiclnzhctiqf;serviceuri=*</Data><Data Name='Type'>0</Data><Data Name='CountOfCredentialsReturned'>0</Data><Data Name='ReadOperation'>%%8100</Data><Data Name='ReturnCode'>3221226021</Data><Data Name='ProcessCreationTime'>2025-10-30T17:21:04.4033053Z</Data><Data Name='ClientProcessId'>8324</Data></EventData></Event><Event xmlns='http://schemas.microsoft.com/win/2004/08/events/event'><System><Provider Name='Microsoft-Windows-Security-Auditing' Guid='{54849625-5478-4994-a5ba-3e3b0328c30d}'/><EventID>5379</EventID><Version>0</Version><Level>0</Level><Task>13824</Task><Opcode>0</Opcode><Keywords>0x8020000000000000</Keywords><TimeCreated SystemTime='2025-10-30T17:21:04.4541915Z'/><EventRecordID>1916</EventRecordID><Correlation ActivityID='{855799e3-48f6-0000-a19a-5785f648dc01}'/><Execution ProcessID='676' ThreadID='3204'/><Channel>Security</Channel><Computer>DESKTOP-T77A2JK</Computer><Security/></System><EventData><Data Name='SubjectUserSid'>S-1-5-18</Data><Data Name='SubjectUserName'>DESKTOP-T77A2JK$</Data><Data Name='SubjectDomainName'>WORKGROUP</Data><Data Name='SubjectLogonId'>0x3e7</Data><Data Name='TargetName'>WindowsLive:target=virtualapp/didlogical</Data><Data Name='Type'>0</Data><Data Name='CountOfCredentialsReturned'>1</Data><Data Name='ReadOperation'>%%8100</Data><Data Name='ReturnCode'>0</Data><Data Name='ProcessCreationTime'>2025-10-30T17:21:04.4033053Z</Data><Data Name='ClientProcessId'>8324</Data></EventData></Event><Event xmlns='http://schemas.microsoft.com/win/2004/08/events/event'><System><Provider Name='Microsoft-Windows-Security-Auditing' Guid='{54849625-5478-4994-a5ba-3e3b0328c30d}'/><EventID>5379</EventID><Version>0</Version><Level>0</Level><Task>13824</Task><Opcode>0</Opcode><Keywords>0x8020000000000000</Keywords><TimeCreated SystemTime='2025-10-30T17:21:04.4541226Z'/><EventRecordID>1915</EventRecordID><Correlation ActivityID='{855799e3-48f6-0000-a19a-5785f648dc01}'/><Execution ProcessID='676' ThreadID='3204'/><Channel>Security</Channel><Computer>DESKTOP-T77A2JK</Computer><Security/></System><EventData><Data Name='SubjectUserSid'>S-1-5-18</Data><Data Name='SubjectUserName'>DESKTOP-T77A2JK$</Data><Data Name='SubjectDomainName'>WORKGROUP</Data><Data Name='SubjectLogonId'>0x3e7</Data><Data Name='TargetName'>WindowsLive:(cert):name=02qckvvhtvqjdcju;serviceuri=*</Data><Data Name='Type'>0</Data><Data Name='CountOfCredentialsReturned'>0</Data><Data Name='ReadOperation'>%%8100</Data><Data Name='ReturnCode'>3221226021</Data><Data Name='ProcessCreationTime'>2025-10-30T17:21:04.4033053Z</Data><Data Name='ClientProcessId'>8324</Data></EventData></Event><Event xmlns='http://schemas.microsoft.com/win/2004/08/events/event'><System><Provider Name='Microsoft-Windows-Security-Auditing' Guid='{54849625-5478-4994-a5ba-3e3b0328c30d}'/><EventID>5379</EventID><Version>0</Version><Level>0</Level><Task>13824</Task><Opcode>0</Opcode><Keywords>0x8020000000000000</Keywords><TimeCreated SystemTime='2025-10-30T17:21:04.4539575Z'/><EventRecordID>1914</EventRecordID><Correlation ActivityID='{855799e3-48f6-0000-a19a-5785f648dc01}'/><Execution ProcessID='676' ThreadID='3204'/><Channel>Security</Channel><Computer>DESKTOP-T77A2JK</Computer><Security/></System><EventData><Data Name='SubjectUserSid'>S-1-5-18</Data><Data Name='SubjectUserName'>DESKTOP-T77A2JK$</Data><Data Name='SubjectDomainName'>WORKGROUP</Data><Data Name='SubjectLogonId'>0x3e7</Data><Data Name='TargetName'>WindowsLive:(token):name=02qckvvhtvqjdcju;serviceuri=*</Data><Data Name='Type'>0</Data><Data Name='CountOfCredentialsReturned'>0</Data><Data Name='ReadOperation'>%%8100</Data><Data Name='ReturnCode'>3221226021</Data><Data Name='ProcessCreationTime'>2025-10-30T17:21:04.4033053Z</Data><Data Name='ClientProcessId'>8324</Data></EventData></Event><Event xmlns='http://schemas.microsoft.com/win/2004/08/events/event'><System><Provider Name='Microsoft-Windows-Security-Auditing' Guid='{54849625-5478-4994-a5ba-3e3b0328c30d}'/><EventID>4672</EventID><Version>0</Version><Level>0</Level><Task>12548</Task><Opcode>0</Opcode><Keywords>0x8020000000000000</Keywords><TimeCreated SystemTime='2025-10-30T17:21:04.4025161Z'/><EventRecordID>1913</EventRecordID><Correlation ActivityID='{855799e3-48f6-0000-a19a-5785f648dc01}'/><Execution ProcessID='676' ThreadID='3204'/><Channel>Security</Channel><Computer>DESKTOP-T77A2JK</Computer><Security/></System><EventData><Data Name='SubjectUserSid'>S-1-5-18</Data><Data Name='SubjectUserName'>SYSTEM</Data><Data Name='SubjectDomainName'>NT AUTHORITY</Data><Data Name='SubjectLogonId'>0x3e7</Data><Data Name='PrivilegeList'>SeAssignPrimaryTokenPrivilege
			SeTcbPrivilege
			SeSecurityPrivilege
			SeTakeOwnershipPrivilege
			SeLoadDriverPrivilege
			SeBackupPrivilege
			SeRestorePrivilege
			SeDebugPrivilege
			SeAuditPrivilege
			SeSystemEnvironmentPrivilege
			SeImpersonatePrivilege
			SeDelegateSessionUserImpersonatePrivilege</Data></EventData></Event>