<Event xmlns='http://schemas.microsoft.com/win/2004/08/events/event'><System><Provider Name='Microsoft-Windows-Security-Auditing' Guid='{54849625-5478-4994-a5ba-3e3b0328c30d}'/><EventID>4624</EventID><Version>2</Version><Level>0</Level><Task>12544</Task><Opcode>0</Opcode><Keywords>0x8020000000000000</Keywords><TimeCreated SystemTime='2025-10-30T17:21:04.4025118Z'/><EventRecordID>1912</EventRecordID><Correlation ActivityID='{855799e3-48f6-0000-a19a-5785f648dc01}'/><Execution ProcessID='676' ThreadID='3204'/><Channel>Security</Channel><Computer>DESKTOP-T77A2JK</Computer><Security/></System><EventData><Data Name='SubjectUserSid'>S-1-5-18</Data><Data Name='SubjectUserName'>DESKTOP-T77A2JK$</Data><Data Name='SubjectDomainName'>WORKGROUP</Data><Data Name='SubjectLogonId'>0x3e7</Data><Data Name='TargetUserSid'>S-1-5-18</Data><Data Name='TargetUserName'>SYSTEM</Data><Data Name='TargetDomainName'>NT AUTHORITY</Data><Data Name='TargetLogonId'>0x3e7</Data><Data Name='LogonType'>5</Data><Data Name='LogonProcessName'>Advapi  </Data><Data Name='AuthenticationPackageName'>Negotiate</Data><Data Name='WorkstationName'>-</Data><Data Name='LogonGuid'>{00000000-0000-0000-0000-000000000000}</Data><Data Name='TransmittedServices'>-</Data><Data Name='LmPackageName'>-</Data><Data Name='KeyLength'>0</Data><Data Name='ProcessId'>0x24c</Data><Data Name='ProcessName'>C:\Windows\System32\services.exe</Data><Data Name='IpAddress'>-</Data><Data Name='IpPort'>-</Data><Data Name='ImpersonationLevel'>%%1833</Data><Data Name='RestrictedAdminMode'>-</Data><Data Name='TargetOutboundUserName'>-</Data><Data Name='TargetOutboundDomainName'>-</Data><Data Name='VirtualAccount'>%%1843</Data><Data Name='TargetLinkedLogonId'>0x0</Data><Data Name='ElevatedToken'>%%1842</Data></EventData></Event><Event xmlns='http://schemas.microsoft.com/win/2004/08/events/event'><System><Provider Name='Microsoft-Windows-Security-Auditing' Guid='{54849625-5478-4994-a5ba-3e3b0328c30d}'/><EventID>4798</EventID><Version>0</Version><Level>0</Level><Task>13824</Task><Opcode>0</Opcode><Keywords>0x8020000000000000</Keywords><TimeCreated SystemTime='2025-10-30T17:21:02.7002211Z'/><EventRecordID>1911</EventRecordID><Correlation ActivityID='{855799e3-48f6-0000-a19a-5785f648dc01}'/><Execution ProcessID='676' ThreadID='3204'/><Channel>Security</Channel><Computer>DESKTOP-T77A2JK</Computer><Security/></System><EventData><Data Name='TargetUserName'>WIN10-SOC01</Data><Data Name='TargetDomainName'>DESKTOP-T77A2JK</Data><Data Name='TargetSid'>S-1-5-21-981231234-18579961-2149632895-1001</Data><Data Name='SubjectUserSid'>S-1-5-18</Data><Data Name='SubjectUserName'>DESKTOP-T77A2JK$</Data><Data Name='SubjectDomainName'>WORKGROUP</Data><Data Name='SubjectLogonId'>0x3e7</Data><Data Name='CallerProcessId'>0x2128</Data><Data Name='CallerProcessName'>C:\Windows\System32\LogonUI.exe</Data></EventData></Event><Event xmlns='http://schemas.microsoft.com/win/2004/08/events/event'><System><Provider Name='Microsoft-Windows-Security-Auditing' Guid='{54849625-5478-4994-a5ba-3e3b0328c30d}'/><EventID>4672</EventID><Version>0</Version><Level>0</Level><Task>12548</Task><Opcode>0</Opcode><Keywords>0x8020000000000000</Keywords><TimeCreated SystemTime='2025-10-30T17:21:02.0537195Z'/><EventRecordID>1910</EventRecordID><Correlation ActivityID='{855799e3-48f6-0000-a19a-5785f648dc01}'/><Execution ProcessID='676' ThreadID='3204'/><Channel>Security</Channel><Computer>DESKTOP-T77A2JK</Computer><Security/></System><EventData><Data Name='SubjectUserSid'>S-1-5-18</Data><Data Name='SubjectUserName'>SYSTEM</Data><Data Name='SubjectDomainName'>NT AUTHORITY</Data><Data Name='SubjectLogonId'>0x3e7</Data><Data Name='PrivilegeList'>SeAssignPrimaryTokenPrivilege
			SeTcbPrivilege
			SeSecurityPrivilege
			SeTakeOwnershipPrivilege
			SeLoadDriverPrivilege
			SeBackupPrivilege
			SeRestorePrivilege
			SeDebugPrivilege
			SeAuditPrivilege
			SeSystemEnvironmentPrivilege
			SeImpersonatePrivilege
			SeDelegateSessionUserImpersonatePrivilege</Data></EventData></Event><Event xmlns='http://schemas.microsoft.com/win/2004/08/events/event'><System><Provider Name='Microsoft-Windows-Security-Auditing' Guid='{54849625-5478-4994-a5ba-3e3b0328c30d}'/><EventID>4624</EventID><Version>2</Version><Level>0</Level><Task>12544</Task><Opcode>0</Opcode><Keywords>0x8020000000000000</Keywords><TimeCreated SystemTime='2025-10-30T17:21:02.0536722Z'/><EventRecordID>1909</EventRecordID><Correlation ActivityID='{855799e3-48f6-0000-a19a-5785f648dc01}'/><Execution ProcessID='676' ThreadID='3204'/><Channel>Security</Channel><Computer>DESKTOP-T77A2JK</Computer><Security/></System><EventData><Data Name='SubjectUserSid'>S-1-5-18</Data><Data Name='SubjectUserName'>DESKTOP-T77A2JK$</Data><Data Name='SubjectDomainName'>WORKGROUP</Data><Data Name='SubjectLogonId'>0x3e7</Data><Data Name='TargetUserSid'>S-1-5-18</Data><Data Name='TargetUserName'>SYSTEM</Data><Data Name='TargetDomainName'>NT AUTHORITY</Data><Data Name='TargetLogonId'>0x3e7</Data><Data Name='LogonType'>5</Data><Data Name='LogonProcessName'>Advapi  </Data><Data Name='AuthenticationPackageName'>Negotiate</Data><Data Name='WorkstationName'>-</Data><Data Name='LogonGuid'>{00000000-0000-0000-0000-000000000000}</Data><Data Name='TransmittedServices'>-</Data><Data Name='LmPackageName'>-</Data><Data Name='KeyLength'>0</Data><Data Name='ProcessId'>0x24c</Data><Data Name='ProcessName'>C:\Windows\System32\services.exe</Data><Data Name='IpAddress'>-</Data><Data Name='IpPort'>-</Data><Data Name='ImpersonationLevel'>%%1833</Data><Data Name='RestrictedAdminMode'>-</Data><Data Name='TargetOutboundUserName'>-</Data><Data Name='TargetOutboundDomainName'>-</Data><Data Name='VirtualAccount'>%%1843</Data><Data Name='TargetLinkedLogonId'>0x0</Data><Data Name='ElevatedToken'>%%1842</Data></EventData></Event><Event xmlns='http://schemas.microsoft.com/win/2004/08/events/event'><System><Provider Name='Microsoft-Windows-Security-Auditing' Guid='{54849625-5478-4994-a5ba-3e3b0328c30d}'/><EventID>4672</EventID><Version>0</Version><Level>0</Level><Task>12548</Task><Opcode>0</Opcode><Keywords>0x8020000000000000</Keywords><TimeCreated SystemTime='2025-10-30T05:31:10.4306324Z'/><EventRecordID>1908</EventRecordID><Correlation ActivityID='{855799e3-48f6-0000-a19a-5785f648dc01}'/><Execution ProcessID='676' ThreadID='720'/><Channel>Security</Channel><Computer>DESKTOP-T77A2JK</Computer><Security/></System><EventData><Data Name='SubjectUserSid'>S-1-5-18</Data><Data Name='SubjectUserName'>SYSTEM</Data><Data Name='SubjectDomainName'>NT AUTHORITY</Data><Data Name='SubjectLogonId'>0x3e7</Data><Data Name='PrivilegeList'>SeAssignPrimaryTokenPrivilege
			SeTcbPrivilege
			SeSecurityPrivilege
			SeTakeOwnershipPrivilege
			SeLoadDriverPrivilege
			SeBackupPrivilege
			SeRestorePrivilege
			SeDebugPrivilege
			SeAuditPrivilege
			SeSystemEnvironmentPrivilege
			SeImpersonatePrivilege
			SeDelegateSessionUserImpersonatePrivilege</Data></EventData></Event><Event xmlns='http://schemas.microsoft.com/win/2004/08/events/event'><System><Provider Name='Microsoft-Windows-Security-Auditing' Guid='{54849625-5478-4994-a5ba-3e3b0328c30d}'/><EventID>4624</EventID><Version>2</Version><Level>0</Level><Task>12544</Task><Opcode>0</Opcode><Keywords>0x8020000000000000</Keywords><TimeCreated SystemTime='2025-10-30T05:31:10.4306273Z'/><EventRecordID>1907</EventRecordID><Correlation ActivityID='{855799e3-48f6-0000-a19a-5785f648dc01}'/><Execution ProcessID='676' ThreadID='720'/><Channel>Security</Channel><Computer>DESKTOP-T77A2JK</Computer><Security/></System><EventData><Data Name='SubjectUserSid'>S-1-5-18</Data><Data Name='SubjectUserName'>DESKTOP-T77A2JK$</Data><Data Name='SubjectDomainName'>WORKGROUP</Data><Data Name='SubjectLogonId'>0x3e7</Data><Data Name='TargetUserSid'>S-1-5-18</Data><Data Name='TargetUserName'>SYSTEM</Data><Data Name='TargetDomainName'>NT AUTHORITY</Data><Data Name='TargetLogonId'>0x3e7</Data><Data Name='LogonType'>5</Data><Data Name='LogonProcessName'>Advapi  </Data><Data Name='AuthenticationPackageName'>Negotiate</Data><Data Name='WorkstationName'>-</Data><Data Name='LogonGuid'>{00000000-0000-0000-0000-000000000000}</Data><Data Name='TransmittedServices'>-</Data><Data Name='LmPackageName'>-</Data><Data Name='KeyLength'>0</Data><Data Name='ProcessId'>0x24c</Data><Data Name='ProcessName'>C:\Windows\System32\services.exe</Data><Data Name='IpAddress'>-</Data><Data Name='IpPort'>-</Data><Data Name='ImpersonationLevel'>%%1833</Data><Data Name='RestrictedAdminMode'>-</Data><Data Name='TargetOutboundUserName'>-</Data><Data Name='TargetOutboundDomainName'>-</Data><Data Name='VirtualAccount'>%%1843</Data><Data Name='TargetLinkedLogonId'>0x0</Data><Data Name='ElevatedToken'>%%1842</Data></EventData></Event><Event xmlns='http://schemas.microsoft.com/win/2004/08/events/event'><System><Provider Name='Microsoft-Windows-Security-Auditing' Guid='{54849625-5478-4994-a5ba-3e3b0328c30d}'/><EventID>4672</EventID><Version>0</Version><Level>0</Level><Task>12548</Task><Opcode>0</Opcode><Keywords>0x8020000000000000</Keywords><TimeCreated SystemTime='2025-10-30T05:15:21.0940142Z'/><EventRecordID>1906</EventRecordID><Correlation ActivityID='{855799e3-48f6-0000-a19a-5785f648dc01}'/><Execution ProcessID='676' ThreadID='5572'/><Channel>Security</Channel><Computer>DESKTOP-T77A2JK</Computer><Security/></System><EventData><Data Name='SubjectUserSid'>S-1-5-18</Data><Data Name='SubjectUserName'>SYSTEM</Data><Data Name='SubjectDomainName'>NT AUTHORITY</Data><Data Name='SubjectLogonId'>0x3e7</Data><Data Name='PrivilegeList'>SeAssignPrimaryTokenPrivilege
			SeTcbPrivilege
			SeSecurityPrivilege
			SeTakeOwnershipPrivilege
			SeLoadDriverPrivilege
			SeBackupPrivilege
			SeRestorePrivilege
			SeDebugPrivilege
			SeAuditPrivilege
			SeSystemEnvironmentPrivilege
			SeImpersonatePrivilege
			SeDelegateSessionUserImpersonatePrivilege</Data></EventData></Event><Event xmlns='http://schemas.microsoft.com/win/2004/08/events/event'><System><Provider Name='Microsoft-Windows-Security-Auditing' Guid='{54849625-5478-4994-a5ba-3e3b0328c30d}'/><EventID>4624</EventID><Version>2</Version><Level>0</Level><Task>12544</Task><Opcode>0</Opcode><Keywords>0x8020000000000000</Keywords><TimeCreated SystemTime='2025-10-30T05:15:21.0940102Z'/><EventRecordID>1905</EventRecordID><Correlation ActivityID='{855799e3-48f6-0000-a19a-5785f648dc01}'/><Execution ProcessID='676' ThreadID='5572'/><Channel>Security</Channel><Computer>DESKTOP-T77A2JK</Computer><Security/></System><EventData><Data Name='SubjectUserSid'>S-1-5-18</Data><Data Name='SubjectUserName'>DESKTOP-T77A2JK$</Data><Data Name='SubjectDomainName'>WORKGROUP</Data><Data Name='SubjectLogonId'>0x3e7</Data><Data Name='TargetUserSid'>S-1-5-18</Data><Data Name='TargetUserName'>SYSTEM</Data><Data Name='TargetDomainName'>NT AUTHORITY</Data><Data Name='TargetLogonId'>0x3e7</Data><Data Name='LogonType'>5</Data><Data Name='LogonProcessName'>Advapi  </Data><Data Name='AuthenticationPackageName'>Negotiate</Data><Data Name='WorkstationName'>-</Data><Data Name='LogonGuid'>{00000000-0000-0000-0000-000000000000}</Data><Data Name='TransmittedServices'>-</Data><Data Name='LmPackageName'>-</Data><Data Name='KeyLength'>0</Data><Data Name='ProcessId'>0x24c</Data><Data Name='ProcessName'>C:\Windows\System32\services.exe</Data><Data Name='IpAddress'>-</Data><Data Name='IpPort'>-</Data><Data Name='ImpersonationLevel'>%%1833</Data><Data Name='RestrictedAdminMode'>-</Data><Data Name='TargetOutboundUserName'>-</Data><Data Name='TargetOutboundDomainName'>-</Data><Data Name='VirtualAccount'>%%1843</Data><Data Name='TargetLinkedLogonId'>0x0</Data><Data Name='ElevatedToken'>%%1842</Data></EventData></Event><Event xmlns='http://schemas.microsoft.com/win/2004/08/events/event'><System><Provider Name='Microsoft-Windows-Security-Auditing' Guid='{54849625-5478-4994-a5ba-3e3b0328c30d}'/><EventID>4672</EventID><Version>0</Version><Level>0</Level><Task>12548</Task><Opcode>0</Opcode><Keywords>0x8020000000000000</Keywords><TimeCreated SystemTime='2025-10-30T05:12:00.8314616Z'/><EventRecordID>1904</EventRecordID><Correlation ActivityID='{855799e3-48f6-0000-a19a-5785f648dc01}'/><Execution ProcessID='676' ThreadID='720'/><Channel>Security</Channel><Computer>DESKTOP-T77A2JK</Computer><Security/></System><EventData><Data Name='SubjectUserSid'>S-1-5-18</Data><Data Name='SubjectUserName'>SYSTEM</Data><Data Name='SubjectDomainName'>NT AUTHORITY</Data><Data Name='SubjectLogonId'>0x3e7</Data><Data Name='PrivilegeList'>SeAssignPrimaryTokenPrivilege
			SeTcbPrivilege
			SeSecurityPrivilege
			SeTakeOwnershipPrivilege
			SeLoadDriverPrivilege
			SeBackupPrivilege
			SeRestorePrivilege
			SeDebugPrivilege
			SeAuditPrivilege
			SeSystemEnvironmentPrivilege
			SeImpersonatePrivilege
			SeDelegateSessionUserImpersonatePrivilege</Data></EventData></Event><Event xmlns='http://schemas.microsoft.com/win/2004/08/events/event'><System><Provider Name='Microsoft-Windows-Security-Auditing' Guid='{54849625-5478-4994-a5ba-3e3b0328c30d}'/><EventID>4624</EventID><Version>2</Version><Level>0</Level><Task>12544</Task><Opcode>0</Opcode><Keywords>0x8020000000000000</Keywords><TimeCreated SystemTime='2025-10-30T05:12:00.8314576Z'/><EventRecordID>1903</EventRecordID><Correlation ActivityID='{855799e3-48f6-0000-a19a-5785f648dc01}'/><Execution ProcessID='676' ThreadID='720'/><Channel>Security</Channel><Computer>DESKTOP-T77A2JK</Computer><Security/></System><EventData><Data Name='SubjectUserSid'>S-1-5-18</Data><Data Name='SubjectUserName'>DESKTOP-T77A2JK$</Data><Data Name='SubjectDomainName'>WORKGROUP</Data><Data Name='SubjectLogonId'>0x3e7</Data><Data Name='TargetUserSid'>S-1-5-18</Data><Data Name='TargetUserName'>SYSTEM</Data><Data Name='TargetDomainName'>NT AUTHORITY</Data><Data Name='TargetLogonId'>0x3e7</Data><Data Name='LogonType'>5</Data><Data Name='LogonProcessName'>Advapi  </Data><Data Name='AuthenticationPackageName'>Negotiate</Data><Data Name='WorkstationName'>-</Data><Data Name='LogonGuid'>{00000000-0000-0000-0000-000000000000}</Data><Data Name='TransmittedServices'>-</Data><Data Name='LmPackageName'>-</Data><Data Name='KeyLength'>0</Data><Data Name='ProcessId'>0x24c</Data><Data Name='ProcessName'>C:\Windows\System32\services.exe</Data><Data Name='IpAddress'>-</Data><Data Name='IpPort'>-</Data><Data Name='ImpersonationLevel'>%%1833</Data><Data Name='RestrictedAdminMode'>-</Data><Data Name='TargetOutboundUserName'>-</Data><Data Name='TargetOutboundDomainName'>-</Data><Data Name='VirtualAccount'>%%1843</Data><Data Name='TargetLinkedLogonId'>0x0</Data><Data Name='ElevatedToken'>%%1842</Data></EventData></Event><Event xmlns='http://schemas.microsoft.com/win/2004/08/events/event'><System><Provider Name='Microsoft-Windows-Security-Auditing' Guid='{54849625-5478-4994-a5ba-3e3b0328c30d}'/><EventID>4672</EventID><Version>0</Version><Level>0</Level><Task>12548</Task><Opcode>0</Opcode><Keywords>0x8020000000000000</Keywords><TimeCreated SystemTime='2025-10-30T05:11:59.4454662Z'/><EventRecordID>1902</EventRecordID><Correlation ActivityID='{855799e3-48f6-0000-a19a-5785f648dc01}'/><Execution ProcessID='676' ThreadID='720'/><Channel>Security</Channel><Computer>DESKTOP-T77A2JK</Computer><Security/></System><EventData><Data Name='SubjectUserSid'>S-1-5-18</Data><Data Name='SubjectUserName'>SYSTEM</Data><Data Name='SubjectDomainName'>NT AUTHORITY</Data><Data Name='SubjectLogonId'>0x3e7</Data><Data Name='PrivilegeList'>SeAssignPrimaryTokenPrivilege
			SeTcbPrivilege
			SeSecurityPrivilege
			SeTakeOwnershipPrivilege
			SeLoadDriverPrivilege
			SeBackupPrivilege
			SeRestorePrivilege
			SeDebugPrivilege
			SeAuditPrivilege
			SeSystemEnvironmentPrivilege
			SeImpersonatePrivilege
			SeDelegateSessionUserImpersonatePrivilege</Data></EventData></Event><Event xmlns='http://schemas.microsoft.com/win/2004/08/events/event'><System><Provider Name='Microsoft-Windows-Security-Auditing' Guid='{54849625-5478-4994-a5ba-3e3b0328c30d}'/><EventID>4624</EventID><Version>2</Version><Level>0</Level><Task>12544</Task><Opcode>0</Opcode><Keywords>0x8020000000000000</Keywords><TimeCreated SystemTime='2025-10-30T05:11:59.4454619Z'/><EventRecordID>1901</EventRecordID><Correlation ActivityID='{855799e3-48f6-0000-a19a-5785f648dc01}'/><Execution ProcessID='676' ThreadID='720'/><Channel>Security</Channel><Computer>DESKTOP-T77A2JK</Computer><Security/></System><EventData><Data Name='SubjectUserSid'>S-1-5-18</Data><Data Name='SubjectUserName'>DESKTOP-T77A2JK$</Data><Data Name='SubjectDomainName'>WORKGROUP</Data><Data Name='SubjectLogonId'>0x3e7</Data><Data Name='TargetUserSid'>S-1-5-18</Data><Data Name='TargetUserName'>SYSTEM</Data><Data Name='TargetDomainName'>NT AUTHORITY</Data><Data Name='TargetLogonId'>0x3e7</Data><Data Name='LogonType'>5</Data><Data Name='LogonProcessName'>Advapi  </Data><Data Name='AuthenticationPackageName'>Negotiate</Data><Data Name='WorkstationName'>-</Data><Data Name='LogonGuid'>{00000000-0000-0000-0000-000000000000}</Data><Data Name='TransmittedServices'>-</Data><Data Name='LmPackageName'>-</Data><Data Name='KeyLength'>0</Data><Data Name='ProcessId'>0x24c</Data><Data Name='ProcessName'>C:\Windows\System32\services.exe</Data><Data Name='IpAddress'>-</Data><Data Name='IpPort'>-</Data><Data Name='ImpersonationLevel'>%%1833</Data><Data Name='RestrictedAdminMode'>-</Data><Data Name='TargetOutboundUserName'>-</Data><Data Name='TargetOutboundDomainName'>-</Data><Data Name='VirtualAccount'>%%1843</Data><Data Name='TargetLinkedLogonId'>0x0</Data><Data Name='ElevatedToken'>%%1842</Data></EventData></Event><Event xmlns='http://schemas.microsoft.com/win/2004/08/events/event'><System><Provider Name='Microsoft-Windows-Security-Auditing' Guid='{54849625-5478-4994-a5ba-3e3b0328c30d}'/><EventID>4799</EventID><Version>0</Version><Level>0</Level><Task>13826</Task><Opcode>0</Opcode><Keywords>0x8020000000000000</Keywords><TimeCreated SystemTime='2025-10-30T05:11:57.5457965Z'/><EventRecordID>1900</EventRecordID><Correlation ActivityID='{855799e3-48f6-0000-a19a-5785f648dc01}'/><Execution ProcessID='676' ThreadID='8860'/><Channel>Security</Channel><Computer>DESKTOP-T77A2JK</Computer><Security/></System><EventData><Data Name='TargetUserName'>Guests</Data><Data Name='TargetDomainName'>Builtin</Data><Data Name='TargetSid'>S-1-5-32-546</Data><Data Name='SubjectUserSid'>S-1-5-18</Data><Data Name='SubjectUserName'>DESKTOP-T77A2JK$</Data><Data Name='SubjectDomainName'>WORKGROUP</Data><Data Name='SubjectLogonId'>0x3e7</Data><Data Name='CallerProcessId'>0x2070</Data><Data Name='CallerProcessName'>C:\Windows\System32\CompatTelRunner.exe</Data></EventData></Event><Event xmlns='http://schemas.microsoft.com/win/2004/08/events/event'><System><Provider Name='Microsoft-Windows-Security-Auditing' Guid='{54849625-5478-4994-a5ba-3e3b0328c30d}'/><EventID>4799</EventID><Version>0</Version><Level>0</Level><Task>13826</Task><Opcode>0</Opcode><Keywords>0x8020000000000000</Keywords><TimeCreated SystemTime='2025-10-30T05:11:57.5454533Z'/><EventRecordID>1899</EventRecordID><Correlation ActivityID='{855799e3-48f6-0000-a19a-5785f648dc01}'/><Execution ProcessID='676' ThreadID='8860'/><Channel>Security</Channel><Computer>DESKTOP-T77A2JK</Computer><Security/></System><EventData><Data Name='TargetUserName'>Users</Data><Data Name='TargetDomainName'>Builtin</Data><Data Name='TargetSid'>S-1-5-32-545</Data><Data Name='SubjectUserSid'>S-1-5-18</Data><Data Name='SubjectUserName'>DESKTOP-T77A2JK$</Data><Data Name='SubjectDomainName'>WORKGROUP</Data><Data Name='SubjectLogonId'>0x3e7</Data><Data Name='CallerProcessId'>0x2070</Data><Data Name='CallerProcessName'>C:\Windows\System32\CompatTelRunner.exe</Data></EventData></Event><Event xmlns='http://schemas.microsoft.com/win/2004/08/events/event'><System><Provider Name='Microsoft-Windows-Security-Auditing' Guid='{54849625-5478-4994-a5ba-3e3b0328c30d}'/><EventID>4799</EventID><Version>0</Version><Level>0</Level><Task>13826</Task><Opcode>0</Opcode><Keywords>0x8020000000000000</Keywords><TimeCreated SystemTime='2025-10-30T05:11:57.5443700Z'/><EventRecordID>1898</EventRecordID><Correlation ActivityID='{855799e3-48f6-0000-a19a-5785f648dc01}'/><Execution ProcessID='676' ThreadID='8860'/><Channel>Security</Channel><Computer>DESKTOP-T77A2JK</Computer><Security/></System><EventData><Data Name='TargetUserName'>Administrators</Data><Data Name='TargetDomainName'>Builtin</Data><Data Name='TargetSid'>S-1-5-32-544</Data><Data Name='SubjectUserSid'>S-1-5-18</Data><Data Name='SubjectUserName'>DESKTOP-T77A2JK$</Data><Data Name='SubjectDomainName'>WORKGROUP</Data><Data Name='SubjectLogonId'>0x3e7</Data><Data Name='CallerProcessId'>0x2070</Data><Data Name='CallerProcessName'>C:\Windows\System32\CompatTelRunner.exe</Data></EventData></Event><Event xmlns='http://schemas.microsoft.com/win/2004/08/events/event'><System><Provider Name='Microsoft-Windows-Security-Auditing' Guid='{54849625-5478-4994-a5ba-3e3b0328c30d}'/><EventID>4798</EventID><Version>0</Version><Level>0</Level><Task>13824</Task><Opcode>0</Opcode><Keywords>0x8020000000000000</Keywords><TimeCreated SystemTime='2025-10-30T05:11:57.5430130Z'/><EventRecordID>1897</EventRecordID><Correlation ActivityID='{855799e3-48f6-0000-a19a-5785f648dc01}'/><Execution ProcessID='676' ThreadID='8860'/><Channel>Security</Channel><Computer>DESKTOP-T77A2JK</Computer><Security/></System><EventData><Data Name='TargetUserName'>WIN10-SOC01</Data><Data Name='TargetDomainName'>DESKTOP-T77A2JK</Data><Data Name='TargetSid'>S-1-5-21-981231234-18579961-2149632895-1001</Data><Data Name='SubjectUserSid'>S-1-5-18</Data><Data Name='SubjectUserName'>DESKTOP-T77A2JK$</Data><Data Name='SubjectDomainName'>WORKGROUP</Data><Data Name='SubjectLogonId'>0x3e7</Data><Data Name='CallerProcessId'>0x2070</Data><Data Name='CallerProcessName'>C:\Windows\System32\CompatTelRunner.exe</Data></EventData></Event><Event xmlns='http://schemas.microsoft.com/win/2004/08/events/event'><System><Provider Name='Microsoft-Windows-Security-Auditing' Guid='{54849625-5478-4994-a5ba-3e3b0328c30d}'/><EventID>4798</EventID><Version>0</Version><Level>0</Level><Task>13824</Task><Opcode>0</Opcode><Keywords>0x8020000000000000</Keywords><TimeCreated SystemTime='2025-10-30T05:11:57.5429147Z'/><EventRecordID>1896</EventRecordID><Correlation ActivityID='{855799e3-48f6-0000-a19a-5785f648dc01}'/><Execution ProcessID='676' ThreadID='8860'/><Channel>Security</Channel><Computer>DESKTOP-T77A2JK</Computer><Security/></System><EventData><Data Name='TargetUserName'>WDAGUtilityAccount</Data><Data Name='TargetDomainName'>DESKTOP-T77A2JK</Data><Data Name='TargetSid'>S-1-5-21-981231234-18579961-2149632895-504</Data><Data Name='SubjectUserSid'>S-1-5-18</Data><Data Name='SubjectUserName'>DESKTOP-T77A2JK$</Data><Data Name='SubjectDomainName'>WORKGROUP</Data><Data Name='SubjectLogonId'>0x3e7</Data><Data Name='CallerProcessId'>0x2070</Data><Data Name='CallerProcessName'>C:\Windows\System32\CompatTelRunner.exe</Data></EventData></Event><Event xmlns='http://schemas.microsoft.com/win/2004/08/events/event'><System><Provider Name='Microsoft-Windows-Security-Auditing' Guid='{54849625-5478-4994-a5ba-3e3b0328c30d}'/><EventID>4798</EventID><Version>0</Version><Level>0</Level><Task>13824</Task><Opcode>0</Opcode><Keywords>0x8020000000000000</Keywords><TimeCreated SystemTime='2025-10-30T05:11:57.5428087Z'/><EventRecordID>1895</EventRecordID><Correlation ActivityID='{855799e3-48f6-0000-a19a-5785f648dc01}'/><Execution ProcessID='676' ThreadID='8860'/><Channel>Security</Channel><Computer>DESKTOP-T77A2JK</Computer><Security/></System><EventData><Data Name='TargetUserName'>Guest</Data><Data Name='TargetDomainName'>DESKTOP-T77A2JK</Data><Data Name='TargetSid'>S-1-5-21-981231234-18579961-2149632895-501</Data><Data Name='SubjectUserSid'>S-1-5-18</Data><Data Name='SubjectUserName'>DESKTOP-T77A2JK$</Data><Data Name='SubjectDomainName'>WORKGROUP</Data><Data Name='SubjectLogonId'>0x3e7</Data><Data Name='CallerProcessId'>0x2070</Data><Data Name='CallerProcessName'>C:\Windows\System32\CompatTelRunner.exe</Data></EventData></Event><Event xmlns='http://schemas.microsoft.com/win/2004/08/events/event'><System><Provider Name='Microsoft-Windows-Security-Auditing' Guid='{54849625-5478-4994-a5ba-3e3b0328c30d}'/><EventID>4798</EventID><Version>0</Version><Level>0</Level><Task>13824</Task><Opcode>0</Opcode><Keywords>0x8020000000000000</Keywords><TimeCreated SystemTime='2025-10-30T05:11:57.5427131Z'/><EventRecordID>1894</EventRecordID><Correlation ActivityID='{855799e3-48f6-0000-a19a-5785f648dc01}'/><Execution ProcessID='676' ThreadID='8860'/><Channel>Security</Channel><Computer>DESKTOP-T77A2JK</Computer><Security/></System><EventData><Data Name='TargetUserName'>DefaultAccount</Data><Data Name='TargetDomainName'>DESKTOP-T77A2JK</Data><Data Name='TargetSid'>S-1-5-21-981231234-18579961-2149632895-503</Data><Data Name='SubjectUserSid'>S-1-5-18</Data><Data Name='SubjectUserName'>DESKTOP-T77A2JK$</Data><Data Name='SubjectDomainName'>WORKGROUP</Data><Data Name='SubjectLogonId'>0x3e7</Data><Data Name='CallerProcessId'>0x2070</Data><Data Name='CallerProcessName'>C:\Windows\System32\CompatTelRunner.exe</Data></EventData></Event><Event xmlns='http://schemas.microsoft.com/win/2004/08/events/event'><System><Provider Name='Microsoft-Windows-Security-Auditing' Guid='{54849625-5478-4994-a5ba-3e3b0328c30d}'/><EventID>4798</EventID><Version>0</Version><Level>0</Level><Task>13824</Task><Opcode>0</Opcode><Keywords>0x8020000000000000</Keywords><TimeCreated SystemTime='2025-10-30T05:11:57.5425947Z'/><EventRecordID>1893</EventRecordID><Correlation ActivityID='{855799e3-48f6-0000-a19a-5785f648dc01}'/><Execution ProcessID='676' ThreadID='8860'/><Channel>Security</Channel><Computer>DESKTOP-T77A2JK</Computer><Security/></System><EventData><Data Name='TargetUserName'>Administrator</Data><Data Name='TargetDomainName'>DESKTOP-T77A2JK</Data><Data Name='TargetSid'>S-1-5-21-981231234-18579961-2149632895-500</Data><Data Name='SubjectUserSid'>S-1-5-18</Data><Data Name='SubjectUserName'>DESKTOP-T77A2JK$</Data><Data Name='SubjectDomainName'>WORKGROUP</Data><Data Name='SubjectLogonId'>0x3e7</Data><Data Name='CallerProcessId'>0x2070</Data><Data Name='CallerProcessName'>C:\Windows\System32\CompatTelRunner.exe</Data></EventData></Event><Event xmlns='http://schemas.microsoft.com/win/2004/08/events/event'><System><Provider Name='Microsoft-Windows-Security-Auditing' Guid='{54849625-5478-4994-a5ba-3e3b0328c30d}'/><EventID>4672</EventID><Version>0</Version><Level>0</Level><Task>12548</Task><Opcode>0</Opcode><Keywords>0x8020000000000000</Keywords><TimeCreated SystemTime='2025-10-30T05:11:52.9517829Z'/><EventRecordID>1892</EventRecordID><Correlation ActivityID='{855799e3-48f6-0000-a19a-5785f648dc01}'/><Execution ProcessID='676' ThreadID='720'/><Channel>Security</Channel><Computer>DESKTOP-T77A2JK</Computer><Security/></System><EventData><Data Name='SubjectUserSid'>S-1-5-18</Data><Data Name='SubjectUserName'>SYSTEM</Data><Data Name='SubjectDomainName'>NT AUTHORITY</Data><Data Name='SubjectLogonId'>0x3e7</Data><Data Name='PrivilegeList'>SeAssignPrimaryTokenPrivilege
			SeTcbPrivilege
			SeSecurityPrivilege
			SeTakeOwnershipPrivilege
			SeLoadDriverPrivilege
			SeBackupPrivilege
			SeRestorePrivilege
			SeDebugPrivilege
			SeAuditPrivilege
			SeSystemEnvironmentPrivilege
			SeImpersonatePrivilege
			SeDelegateSessionUserImpersonatePrivilege</Data></EventData></Event><Event xmlns='http://schemas.microsoft.com/win/2004/08/events/event'><System><Provider Name='Microsoft-Windows-Security-Auditing' Guid='{54849625-5478-4994-a5ba-3e3b0328c30d}'/><EventID>4624</EventID><Version>2</Version><Level>0</Level><Task>12544</Task><Opcode>0</Opcode><Keywords>0x8020000000000000</Keywords><TimeCreated SystemTime='2025-10-30T05:11:52.9517785Z'/><EventRecordID>1891</EventRecordID><Correlation ActivityID='{855799e3-48f6-0000-a19a-5785f648dc01}'/><Execution ProcessID='676' ThreadID='720'/><Channel>Security</Channel><Computer>DESKTOP-T77A2JK</Computer><Security/></System><EventData><Data Name='SubjectUserSid'>S-1-5-18</Data><Data Name='SubjectUserName'>DESKTOP-T77A2JK$</Data><Data Name='SubjectDomainName'>WORKGROUP</Data><Data Name='SubjectLogonId'>0x3e7</Data><Data Name='TargetUserSid'>S-1-5-18</Data><Data Name='TargetUserName'>SYSTEM</Data><Data Name='TargetDomainName'>NT AUTHORITY</Data><Data Name='TargetLogonId'>0x3e7</Data><Data Name='LogonType'>5</Data><Data Name='LogonProcessName'>Advapi  </Data><Data Name='AuthenticationPackageName'>Negotiate</Data><Data Name='WorkstationName'>-</Data><Data Name='LogonGuid'>{00000000-0000-0000-0000-000000000000}</Data><Data Name='TransmittedServices'>-</Data><Data Name='LmPackageName'>-</Data><Data Name='KeyLength'>0</Data><Data Name='ProcessId'>0x24c</Data><Data Name='ProcessName'>C:\Windows\System32\services.exe</Data><Data Name='IpAddress'>-</Data><Data Name='IpPort'>-</Data><Data Name='ImpersonationLevel'>%%1833</Data><Data Name='RestrictedAdminMode'>-</Data><Data Name='TargetOutboundUserName'>-</Data><Data Name='TargetOutboundDomainName'>-</Data><Data Name='VirtualAccount'>%%1843</Data><Data Name='TargetLinkedLogonId'>0x0</Data><Data Name='ElevatedToken'>%%1842</Data></EventData></Event><Event xmlns='http://schemas.microsoft.com/win/2004/08/events/event'><System><Provider Name='Microsoft-Windows-Security-Auditing' Guid='{54849625-5478-4994-a5ba-3e3b0328c30d}'/><EventID>4798</EventID><Version>0</Version><Level>0</Level><Task>13824</Task><Opcode>0</Opcode><Keywords>0x8020000000000000</Keywords><TimeCreated SystemTime='2025-10-30T05:11:50.3295245Z'/><EventRecordID>1890</EventRecordID><Correlation ActivityID='{855799e3-48f6-0000-a19a-5785f648dc01}'/><Execution ProcessID='676' ThreadID='5572'/><Channel>Security</Channel><Computer>DESKTOP-T77A2JK</Computer><Security/></System><EventData><Data Name='TargetUserName'>Guest</Data><Data Name='TargetDomainName'>DESKTOP-T77A2JK</Data><Data Name='TargetSid'>S-1-5-21-981231234-18579961-2149632895-501</Data><Data Name='SubjectUserSid'>S-1-5-18</Data><Data Name='SubjectUserName'>DESKTOP-T77A2JK$</Data><Data Name='SubjectDomainName'>WORKGROUP</Data><Data Name='SubjectLogonId'>0x3e7</Data><Data Name='CallerProcessId'>0xf44</Data><Data Name='CallerProcessName'>C:\Windows\System32\CompatTelRunner.exe</Data></EventData></Event><Event xmlns='http://schemas.microsoft.com/win/2004/08/events/event'><System><Provider Name='Microsoft-Windows-Security-Auditing' Guid='{54849625-5478-4994-a5ba-3e3b0328c30d}'/><EventID>5379</EventID><Version>0</Version><Level>0</Level><Task>13824</Task><Opcode>0</Opcode><Keywords>0x8020000000000000</Keywords><TimeCreated SystemTime='2025-10-30T05:11:48.9032511Z'/><EventRecordID>1889</EventRecordID><Correlation ActivityID='{855799e3-48f6-0000-a19a-5785f648dc01}'/><Execution ProcessID='676' ThreadID='720'/><Channel>Security</Channel><Computer>DESKTOP-T77A2JK</Computer><Security/></System><EventData><Data Name='SubjectUserSid'>S-1-5-18</Data><Data Name='SubjectUserName'>DESKTOP-T77A2JK$</Data><Data Name='SubjectDomainName'>WORKGROUP</Data><Data Name='SubjectLogonId'>0x3e7</Data><Data Name='TargetName'>MicrosoftAccount:user=02qckvvhtvqjdcju</Data><Data Name='Type'>0</Data><Data Name='CountOfCredentialsReturned'>0</Data><Data Name='ReadOperation'>%%8100</Data><Data Name='ReturnCode'>3221226021</Data><Data Name='ProcessCreationTime'>2025-10-30T05:11:48.2118088Z</Data><Data Name='ClientProcessId'>3964</Data></EventData></Event><Event xmlns='http://schemas.microsoft.com/win/2004/08/events/event'><System><Provider Name='Microsoft-Windows-Security-Auditing' Guid='{54849625-5478-4994-a5ba-3e3b0328c30d}'/><EventID>5379</EventID><Version>0</Version><Level>0</Level><Task>13824</Task><Opcode>0</Opcode><Keywords>0x8020000000000000</Keywords><TimeCreated SystemTime='2025-10-30T05:11:48.9032134Z'/><EventRecordID>1888</EventRecordID><Correlation ActivityID='{855799e3-48f6-0000-a19a-5785f648dc01}'/><Execution ProcessID='676' ThreadID='720'/><Channel>Security</Channel><Computer>DESKTOP-T77A2JK</Computer><Security/></System><EventData><Data Name='SubjectUserSid'>S-1-5-18</Data><Data Name='SubjectUserName'>DESKTOP-T77A2JK$</Data><Data Name='SubjectDomainName'>WORKGROUP</Data><Data Name='SubjectLogonId'>0x3e7</Data><Data Name='TargetName'>MicrosoftAccount:user=02qckvvhtvqjdcju</Data><Data Name='Type'>0</Data><Data Name='CountOfCredentialsReturned'>0</Data><Data Name='ReadOperation'>%%8100</Data><Data Name='ReturnCode'>3221226021</Data><Data Name='ProcessCreationTime'>2025-10-30T05:11:48.2118088Z</Data><Data Name='ClientProcessId'>3964</Data></EventData></Event><Event xmlns='http://schemas.microsoft.com/win/2004/08/events/event'><System><Provider Name='Microsoft-Windows-Security-Auditing' Guid='{54849625-5478-4994-a5ba-3e3b0328c30d}'/><EventID>5379</EventID><Version>0</Version><Level>0</Level><Task>13824</Task><Opcode>0</Opcode><Keywords>0x8020000000000000</Keywords><TimeCreated SystemTime='2025-10-30T05:11:48.8914689Z'/><EventRecordID>1887</EventRecordID><Correlation ActivityID='{855799e3-48f6-0000-a19a-5785f648dc01}'/><Execution ProcessID='676' ThreadID='720'/><Channel>Security</Channel><Computer>DESKTOP-T77A2JK</Computer><Security/></System><EventData><Data Name='SubjectUserSid'>S-1-5-18</Data><Data Name='SubjectUserName'>DESKTOP-T77A2JK$</Data><Data Name='SubjectDomainName'>WORKGROUP</Data><Data Name='SubjectLogonId'>0x3e7</Data><Data Name='TargetName'>MicrosoftAccount:user=02qckvvhtvqjdcju</Data><Data Name='Type'>0</Data><Data Name='CountOfCredentialsReturned'>0</Data><Data Name='ReadOperation'>%%8100</Data><Data Name='ReturnCode'>3221226021</Data><Data Name='ProcessCreationTime'>2025-10-30T05:11:48.2118088Z</Data><Data Name='ClientProcessId'>3964</Data></EventData></Event><Event xmlns='http://schemas.microsoft.com/win/2004/08/events/event'><System><Provider Name='Microsoft-Windows-Security-Auditing' Guid='{54849625-5478-4994-a5ba-3e3b0328c30d}'/><EventID>5379</EventID><Version>0</Version><Level>0</Level><Task>13824</Task><Opcode>0</Opcode><Keywords>0x8020000000000000</Keywords><TimeCreated SystemTime='2025-10-30T05:11:48.8909009Z'/><EventRecordID>1886</EventRecordID><Correlation ActivityID='{855799e3-48f6-0000-a19a-5785f648dc01}'/><Execution ProcessID='676' ThreadID='720'/><Channel>Security</Channel><Computer>DESKTOP-T77A2JK</Computer><Security/></System><EventData><Data Name='SubjectUserSid'>S-1-5-18</Data><Data Name='SubjectUserName'>DESKTOP-T77A2JK$</Data><Data Name='SubjectDomainName'>WORKGROUP</Data><Data Name='SubjectLogonId'>0x3e7</Data><Data Name='TargetName'>MicrosoftAccount:user=02qckvvhtvqjdcju</Data><Data Name='Type'>0</Data><Data Name='CountOfCredentialsReturned'>0</Data><Data Name='ReadOperation'>%%8100</Data><Data Name='ReturnCode'>3221226021</Data><Data Name='ProcessCreationTime'>2025-10-30T05:11:48.2118088Z</Data><Data Name='ClientProcessId'>3964</Data></EventData></Event><Event xmlns='http://schemas.microsoft.com/win/2004/08/events/event'><System><Provider Name='Microsoft-Windows-Security-Auditing' Guid='{54849625-5478-4994-a5ba-3e3b0328c30d}'/><EventID>4672</EventID><Version>0</Version><Level>0</Level><Task>12548</Task><Opcode>0</Opcode><Keywords>0x8020000000000000</Keywords><TimeCreated SystemTime='2025-10-30T05:11:48.3860967Z'/><EventRecordID>1885</EventRecordID><Correlation ActivityID='{855799e3-48f6-0000-a19a-5785f648dc01}'/><Execution ProcessID='676' ThreadID='720'/><Channel>Security</Channel><Computer>DESKTOP-T77A2JK</Computer><Security/></System><EventData><Data Name='SubjectUserSid'>S-1-5-18</Data><Data Name='SubjectUserName'>SYSTEM</Data><Data Name='SubjectDomainName'>NT AUTHORITY</Data><Data Name='SubjectLogonId'>0x3e7</Data><Data Name='PrivilegeList'>SeAssignPrimaryTokenPrivilege
			SeTcbPrivilege
			SeSecurityPrivilege
			SeTakeOwnershipPrivilege
			SeLoadDriverPrivilege
			SeBackupPrivilege
			SeRestorePrivilege
			SeDebugPrivilege
			SeAuditPrivilege
			SeSystemEnvironmentPrivilege
			SeImpersonatePrivilege
			SeDelegateSessionUserImpersonatePrivilege</Data></EventData></Event><Event xmlns='http://schemas.microsoft.com/win/2004/08/events/event'><System><Provider Name='Microsoft-Windows-Security-Auditing' Guid='{54849625-5478-4994-a5ba-3e3b0328c30d}'/><EventID>4624</EventID><Version>2</Version><Level>0</Level><Task>12544</Task><Opcode>0</Opcode><Keywords>0x8020000000000000</Keywords><TimeCreated SystemTime='2025-10-30T05:11:48.3860918Z'/><EventRecordID>1884</EventRecordID><Correlation ActivityID='{855799e3-48f6-0000-a19a-5785f648dc01}'/><Execution ProcessID='676' ThreadID='720'/><Channel>Security</Channel><Computer>DESKTOP-T77A2JK</Computer><Security/></System><EventData><Data Name='SubjectUserSid'>S-1-5-18</Data><Data Name='SubjectUserName'>DESKTOP-T77A2JK$</Data><Data Name='SubjectDomainName'>WORKGROUP</Data><Data Name='SubjectLogonId'>0x3e7</Data><Data Name='TargetUserSid'>S-1-5-18</Data><Data Name='TargetUserName'>SYSTEM</Data><Data Name='TargetDomainName'>NT AUTHORITY</Data><Data Name='TargetLogonId'>0x3e7</Data><Data Name='LogonType'>5</Data><Data Name='LogonProcessName'>Advapi  </Data><Data Name='AuthenticationPackageName'>Negotiate</Data><Data Name='WorkstationName'>-</Data><Data Name='LogonGuid'>{00000000-0000-0000-0000-000000000000}</Data><Data Name='TransmittedServices'>-</Data><Data Name='LmPackageName'>-</Data><Data Name='KeyLength'>0</Data><Data Name='ProcessId'>0x24c</Data><Data Name='ProcessName'>C:\Windows\System32\services.exe</Data><Data Name='IpAddress'>-</Data><Data Name='IpPort'>-</Data><Data Name='ImpersonationLevel'>%%1833</Data><Data Name='RestrictedAdminMode'>-</Data><Data Name='TargetOutboundUserName'>-</Data><Data Name='TargetOutboundDomainName'>-</Data><Data Name='VirtualAccount'>%%1843</Data><Data Name='TargetLinkedLogonId'>0x0</Data><Data Name='ElevatedToken'>%%1842</Data></EventData></Event><Event xmlns='http://schemas.microsoft.com/win/2004/08/events/event'><System><Provider Name='Microsoft-Windows-Security-Auditing' Guid='{54849625-5478-4994-a5ba-3e3b0328c30d}'/><EventID>5379</EventID><Version>0</Version><Level>0</Level><Task>13824</Task><Opcode>0</Opcode><Keywords>0x8020000000000000</Keywords><TimeCreated SystemTime='2025-10-30T05:11:48.2587143Z'/><EventRecordID>1883</EventRecordID><Correlation ActivityID='{855799e3-48f6-0000-a19a-5785f648dc01}'/><Execution ProcessID='676' ThreadID='720'/><Channel>Security</Channel><Computer>DESKTOP-T77A2JK</Computer><Security/></System><EventData><Data Name='SubjectUserSid'>S-1-5-21-981231234-18579961-2149632895-1001</Data><Data Name='SubjectUserName'>WIN10-SOC01</Data><Data Name='SubjectDomainName'>DESKTOP-T77A2JK</Data><Data Name='SubjectLogonId'>0x64531</Data><Data Name='TargetName'>WindowsLive:target=virtualapp/didlogical</Data><Data Name='Type'>0</Data><Data Name='CountOfCredentialsReturned'>1</Data><Data Name='ReadOperation'>%%8100</Data><Data Name='ReturnCode'>0</Data><Data Name='ProcessCreationTime'>2025-10-30T05:11:48.2118088Z</Data><Data Name='ClientProcessId'>3964</Data></EventData></Event><Event xmlns='http://schemas.microsoft.com/win/2004/08/events/event'><System><Provider Name='Microsoft-Windows-Security-Auditing' Guid='{54849625-5478-4994-a5ba-3e3b0328c30d}'/><EventID>5379</EventID><Version>0</Version><Level>0</Level><Task>13824</Task><Opcode>0</Opcode><Keywords>0x8020000000000000</Keywords><TimeCreated SystemTime='2025-10-30T05:11:48.2586760Z'/><EventRecordID>1882</EventRecordID><Correlation ActivityID='{855799e3-48f6-0000-a19a-5785f648dc01}'/><Execution ProcessID='676' ThreadID='720'/><Channel>Security</Channel><Computer>DESKTOP-T77A2JK</Computer><Security/></System><EventData><Data Name='SubjectUserSid'>S-1-5-21-981231234-18579961-2149632895-1001</Data><Data Name='SubjectUserName'>WIN10-SOC01</Data><Data Name='SubjectDomainName'>DESKTOP-T77A2JK</Data><Data Name='SubjectLogonId'>0x64531</Data><Data Name='TargetName'>WindowsLive:(cert):name=02tvktkytqdyklih;serviceuri=*</Data><Data Name='Type'>0</Data><Data Name='CountOfCredentialsReturned'>0</Data><Data Name='ReadOperation'>%%8100</Data><Data Name='ReturnCode'>3221226021</Data><Data Name='ProcessCreationTime'>2025-10-30T05:11:48.2118088Z</Data><Data Name='ClientProcessId'>3964</Data></EventData></Event><Event xmlns='http://schemas.microsoft.com/win/2004/08/events/event'><System><Provider Name='Microsoft-Windows-Security-Auditing' Guid='{54849625-5478-4994-a5ba-3e3b0328c30d}'/><EventID>5379</EventID><Version>0</Version><Level>0</Level><Task>13824</Task><Opcode>0</Opcode><Keywords>0x8020000000000000</Keywords><TimeCreated SystemTime='2025-10-30T05:11:48.2584232Z'/><EventRecordID>1881</EventRecordID><Correlation ActivityID='{855799e3-48f6-0000-a19a-5785f648dc01}'/><Execution ProcessID='676' ThreadID='720'/><Channel>Security</Channel><Computer>DESKTOP-T77A2JK</Computer><Security/></System><EventData><Data Name='SubjectUserSid'>S-1-5-21-981231234-18579961-2149632895-1001</Data><Data Name='SubjectUserName'>WIN10-SOC01</Data><Data Name='SubjectDomainName'>DESKTOP-T77A2JK</Data><Data Name='SubjectLogonId'>0x64531</Data><Data Name='TargetName'>WindowsLive:(token):name=02tvktkytqdyklih;serviceuri=*</Data><Data Name='Type'>0</Data><Data Name='CountOfCredentialsReturned'>0</Data><Data Name='ReadOperation'>%%8100</Data><Data Name='ReturnCode'>3221226021</Data><Data Name='ProcessCreationTime'>2025-10-30T05:11:48.2118088Z</Data><Data Name='ClientProcessId'>3964</Data></EventData></Event><Event xmlns='http://schemas.microsoft.com/win/2004/08/events/event'><System><Provider Name='Microsoft-Windows-Security-Auditing' Guid='{54849625-5478-4994-a5ba-3e3b0328c30d}'/><EventID>5379</EventID><Version>0</Version><Level>0</Level><Task>13824</Task><Opcode>0</Opcode><Keywords>0x8020000000000000</Keywords><TimeCreated SystemTime='2025-10-30T05:11:48.2353207Z'/><EventRecordID>1880</EventRecordID><Correlation ActivityID='{855799e3-48f6-0000-a19a-5785f648dc01}'/><Execution ProcessID='676' ThreadID='5572'/><Channel>Security</Channel><Computer>DESKTOP-T77A2JK</Computer><Security/></System><EventData><Data Name='SubjectUserSid'>S-1-5-18</Data><Data Name='SubjectUserName'>DESKTOP-T77A2JK$</Data><Data Name='SubjectDomainName'>WORKGROUP</Data><Data Name='SubjectLogonId'>0x3e7</Data><Data Name='TargetName'>WindowsLive:(cert):name=02qckvvhtvqjdcju;serviceuri=*</Data><Data Name='Type'>0</Data><Data Name='CountOfCredentialsReturned'>0</Data><Data Name='ReadOperation'>%%8100</Data><Data Name='ReturnCode'>3221226021</Data><Data Name='ProcessCreationTime'>2025-10-30T05:11:48.2118088Z</Data><Data Name='ClientProcessId'>3964</Data></EventData></Event><Event xmlns='http://schemas.microsoft.com/win/2004/08/events/event'><System><Provider Name='Microsoft-Windows-Security-Auditing' Guid='{54849625-5478-4994-a5ba-3e3b0328c30d}'/><EventID>5379</EventID><Version>0</Version><Level>0</Level><Task>13824</Task><Opcode>0</Opcode><Keywords>0x8020000000000000</Keywords><TimeCreated SystemTime='2025-10-30T05:11:48.2351976Z'/><EventRecordID>1879</EventRecordID><Correlation ActivityID='{855799e3-48f6-0000-a19a-5785f648dc01}'/><Execution ProcessID='676' ThreadID='5572'/><Channel>Security</Channel><Computer>DESKTOP-T77A2JK</Computer><Security/></System><EventData><Data Name='SubjectUserSid'>S-1-5-18</Data><Data Name='SubjectUserName'>DESKTOP-T77A2JK$</Data><Data Name='SubjectDomainName'>WORKGROUP</Data><Data Name='SubjectLogonId'>0x3e7</Data><Data Name='TargetName'>WindowsLive:(token):name=02qckvvhtvqjdcju;serviceuri=*</Data><Data Name='Type'>0</Data><Data Name='CountOfCredentialsReturned'>0</Data><Data Name='ReadOperation'>%%8100</Data><Data Name='ReturnCode'>3221226021</Data><Data Name='ProcessCreationTime'>2025-10-30T05:11:48.2118088Z</Data><Data Name='ClientProcessId'>3964</Data></EventData></Event><Event xmlns='http://schemas.microsoft.com/win/2004/08/events/event'><System><Provider Name='Microsoft-Windows-Security-Auditing' Guid='{54849625-5478-4994-a5ba-3e3b0328c30d}'/><EventID>5379</EventID><Version>0</Version><Level>0</Level><Task>13824</Task><Opcode>0</Opcode><Keywords>0x8020000000000000</Keywords><TimeCreated SystemTime='2025-10-30T05:11:48.2351587Z'/><EventRecordID>1878</EventRecordID><Correlation ActivityID='{855799e3-48f6-0000-a19a-5785f648dc01}'/><Execution ProcessID='676' ThreadID='5572'/><Channel>Security</Channel><Computer>DESKTOP-T77A2JK</Computer><Security/></System><EventData><Data Name='SubjectUserSid'>S-1-5-18</Data><Data Name='SubjectUserName'>DESKTOP-T77A2JK$</Data><Data Name='SubjectDomainName'>WORKGROUP</Data><Data Name='SubjectLogonId'>0x3e7</Data><Data Name='TargetName'>MicrosoftAccount:user=02qckvvhtvqjdcju</Data><Data Name='Type'>0</Data><Data Name='CountOfCredentialsReturned'>0</Data><Data Name='ReadOperation'>%%8100</Data><Data Name='ReturnCode'>3221226021</Data><Data Name='ProcessCreationTime'>2025-10-30T05:11:48.2118088Z</Data><Data Name='ClientProcessId'>3964</Data></EventData></Event><Event xmlns='http://schemas.microsoft.com/win/2004/08/events/event'><System><Provider Name='Microsoft-Windows-Security-Auditing' Guid='{54849625-5478-4994-a5ba-3e3b0328c30d}'/><EventID>5379</EventID><Version>0</Version><Level>0</Level><Task>13824</Task><Opcode>0</Opcode><Keywords>0x8020000000000000</Keywords><TimeCreated SystemTime='2025-10-30T05:11:48.2338417Z'/><EventRecordID>1877</EventRecordID><Correlation ActivityID='{855799e3-48f6-0000-a19a-5785f648dc01}'/><Execution ProcessID='676' ThreadID='5572'/><Channel>Security</Channel><Computer>DESKTOP-T77A2JK</Computer><Security/></System><EventData><Data Name='SubjectUserSid'>S-1-5-18</Data><Data Name='SubjectUserName'>DESKTOP-T77A2JK$</Data><Data Name='SubjectDomainName'>WORKGROUP</Data><Data Name='SubjectLogonId'>0x3e7</Data><Data Name='TargetName'>WindowsLive:target=virtualapp/didlogical</Data><Data Name='Type'>0</Data><Data Name='CountOfCredentialsReturned'>1</Data><Data Name='ReadOperation'>%%8100</Data><Data Name='ReturnCode'>0</Data><Data Name='ProcessCreationTime'>2025-10-30T05:11:48.2118088Z</Data><Data Name='ClientProcessId'>3964</Data></EventData></Event><Event xmlns='http://schemas.microsoft.com/win/2004/08/events/event'><System><Provider Name='Microsoft-Windows-Security-Auditing' Guid='{54849625-5478-4994-a5ba-3e3b0328c30d}'/><EventID>5379</EventID><Version>0</Version><Level>0</Level><Task>13824</Task><Opcode>0</Opcode><Keywords>0x8020000000000000</Keywords><TimeCreated SystemTime='2025-10-30T05:11:48.2337211Z'/><EventRecordID>1876</EventRecordID><Correlation ActivityID='{855799e3-48f6-0000-a19a-5785f648dc01}'/><Execution ProcessID='676' ThreadID='5572'/><Channel>Security</Channel><Computer>DESKTOP-T77A2JK</Computer><Security/></System><EventData><Data Name='SubjectUserSid'>S-1-5-18</Data><Data Name='SubjectUserName'>DESKTOP-T77A2JK$</Data><Data Name='SubjectDomainName'>WORKGROUP</Data><Data Name='SubjectLogonId'>0x3e7</Data><Data Name='TargetName'>WindowsLive:(cert):name=02qckvvhtvqjdcju;serviceuri=*</Data><Data Name='Type'>0</Data><Data Name='CountOfCredentialsReturned'>0</Data><Data Name='ReadOperation'>%%8100</Data><Data Name='ReturnCode'>3221226021</Data><Data Name='ProcessCreationTime'>2025-10-30T05:11:48.2118088Z</Data><Data Name='ClientProcessId'>3964</Data></EventData></Event><Event xmlns='http://schemas.microsoft.com/win/2004/08/events/event'><System><Provider Name='Microsoft-Windows-Security-Auditing' Guid='{54849625-5478-4994-a5ba-3e3b0328c30d}'/><EventID>5379</EventID><Version>0</Version><Level>0</Level><Task>13824</Task><Opcode>0</Opcode><Keywords>0x8020000000000000</Keywords><TimeCreated SystemTime='2025-10-30T05:11:48.2335362Z'/><EventRecordID>1875</EventRecordID><Correlation ActivityID='{855799e3-48f6-0000-a19a-5785f648dc01}'/><Execution ProcessID='676' ThreadID='5572'/><Channel>Security</Channel><Computer>DESKTOP-T77A2JK</Computer><Security/></System><EventData><Data Name='SubjectUserSid'>S-1-5-18</Data><Data Name='SubjectUserName'>DESKTOP-T77A2JK$</Data><Data Name='SubjectDomainName'>WORKGROUP</Data><Data Name='SubjectLogonId'>0x3e7</Data><Data Name='TargetName'>WindowsLive:(token):name=02qckvvhtvqjdcju;serviceuri=*</Data><Data Name='Type'>0</Data><Data Name='CountOfCredentialsReturned'>0</Data><Data Name='ReadOperation'>%%8100</Data><Data Name='ReturnCode'>3221226021</Data><Data Name='ProcessCreationTime'>2025-10-30T05:11:48.2118088Z</Data><Data Name='ClientProcessId'>3964</Data></EventData></Event><Event xmlns='http://schemas.microsoft.com/win/2004/08/events/event'><System><Provider Name='Microsoft-Windows-Security-Auditing' Guid='{54849625-5478-4994-a5ba-3e3b0328c30d}'/><EventID>4672</EventID><Version>0</Version><Level>0</Level><Task>12548</Task><Opcode>0</Opcode><Keywords>0x8020000000000000</Keywords><TimeCreated SystemTime='2025-10-30T05:11:48.2110281Z'/><EventRecordID>1874</EventRecordID><Correlation ActivityID='{855799e3-48f6-0000-a19a-5785f648dc01}'/><Execution ProcessID='676' ThreadID='5572'/><Channel>Security</Channel><Computer>DESKTOP-T77A2JK</Computer><Security/></System><EventData><Data Name='SubjectUserSid'>S-1-5-18</Data><Data Name='SubjectUserName'>SYSTEM</Data><Data Name='SubjectDomainName'>NT AUTHORITY</Data><Data Name='SubjectLogonId'>0x3e7</Data><Data Name='PrivilegeList'>SeAssignPrimaryTokenPrivilege
			SeTcbPrivilege
			SeSecurityPrivilege
			SeTakeOwnershipPrivilege
			SeLoadDriverPrivilege
			SeBackupPrivilege
			SeRestorePrivilege
			SeDebugPrivilege
			SeAuditPrivilege
			SeSystemEnvironmentPrivilege
			SeImpersonatePrivilege
			SeDelegateSessionUserImpersonatePrivilege</Data></EventData></Event>